training log record, random seed=777
dataset configuration: epoch size = 150, batch size = 16, patch size = 128
===> Epoch[0](30/150): Avg. Loss: 0.0077
===> Epoch[0](60/150): Avg. Loss: 0.0082
===> Epoch[0](90/150): Avg. Loss: 0.0069
===> Epoch[0](120/150): Avg. Loss: 0.0070
===> Epoch[0](150/150): Avg. Loss: 0.0075
===> Avg. PSNR: 28.4622 dB
===> Avg. Loss: 0.0050
===> Epoch[1](30/150): Avg. Loss: 0.0090
===> Epoch[1](60/150): Avg. Loss: 0.0068
===> Epoch[1](90/150): Avg. Loss: 0.0080
===> Epoch[1](120/150): Avg. Loss: 0.0076
===> Epoch[1](150/150): Avg. Loss: 0.0076
===> Avg. PSNR: 28.4071 dB
===> Avg. Loss: 0.0050
===> Epoch[2](30/150): Avg. Loss: 0.0066
===> Epoch[2](60/150): Avg. Loss: 0.0082
===> Epoch[2](90/150): Avg. Loss: 0.0086
===> Epoch[2](120/150): Avg. Loss: 0.0080
===> Epoch[2](150/150): Avg. Loss: 0.0077
===> Avg. PSNR: 28.2300 dB
===> Avg. Loss: 0.0051
===> Epoch[3](30/150): Avg. Loss: 0.0072
===> Epoch[3](60/150): Avg. Loss: 0.0073
===> Epoch[3](90/150): Avg. Loss: 0.0085
===> Epoch[3](120/150): Avg. Loss: 0.0085
===> Epoch[3](150/150): Avg. Loss: 0.0077
===> Avg. PSNR: 28.1362 dB
===> Avg. Loss: 0.0051
===> Epoch[4](30/150): Avg. Loss: 0.0080
===> Epoch[4](60/150): Avg. Loss: 0.0073
===> Epoch[4](90/150): Avg. Loss: 0.0073
===> Epoch[4](120/150): Avg. Loss: 0.0077
===> Epoch[4](150/150): Avg. Loss: 0.0068
===> Avg. PSNR: 28.5521 dB
===> Avg. Loss: 0.0049
===> Epoch[5](30/150): Avg. Loss: 0.0100
===> Epoch[5](60/150): Avg. Loss: 0.0072
===> Epoch[5](90/150): Avg. Loss: 0.0067
===> Epoch[5](120/150): Avg. Loss: 0.0071
===> Epoch[5](150/150): Avg. Loss: 0.0074
===> Avg. PSNR: 28.3186 dB
===> Avg. Loss: 0.0050
===> Epoch[6](30/150): Avg. Loss: 0.0075
===> Epoch[6](60/150): Avg. Loss: 0.0065
===> Epoch[6](90/150): Avg. Loss: 0.0091
===> Epoch[6](120/150): Avg. Loss: 0.0082
===> Epoch[6](150/150): Avg. Loss: 0.0084
===> Avg. PSNR: 28.0892 dB
===> Avg. Loss: 0.0051
===> Epoch[7](30/150): Avg. Loss: 0.0075
===> Epoch[7](60/150): Avg. Loss: 0.0085
===> Epoch[7](90/150): Avg. Loss: 0.0089
===> Epoch[7](120/150): Avg. Loss: 0.0081
===> Epoch[7](150/150): Avg. Loss: 0.0082
===> Avg. PSNR: 28.1295 dB
===> Avg. Loss: 0.0050
===> Epoch[8](30/150): Avg. Loss: 0.0062
===> Epoch[8](60/150): Avg. Loss: 0.0075
===> Epoch[8](90/150): Avg. Loss: 0.0073
===> Epoch[8](120/150): Avg. Loss: 0.0096
===> Epoch[8](150/150): Avg. Loss: 0.0073
===> Avg. PSNR: 28.3018 dB
===> Avg. Loss: 0.0050
===> Epoch[9](30/150): Avg. Loss: 0.0090
===> Epoch[9](60/150): Avg. Loss: 0.0083
===> Epoch[9](90/150): Avg. Loss: 0.0075
===> Epoch[9](120/150): Avg. Loss: 0.0082
===> Epoch[9](150/150): Avg. Loss: 0.0075
===> Avg. PSNR: 28.2129 dB
===> Avg. Loss: 0.0050
===> Epoch[10](30/150): Avg. Loss: 0.0085
===> Epoch[10](60/150): Avg. Loss: 0.0081
===> Epoch[10](90/150): Avg. Loss: 0.0067
===> Epoch[10](120/150): Avg. Loss: 0.0065
===> Epoch[10](150/150): Avg. Loss: 0.0072
===> Avg. PSNR: 28.4202 dB
===> Avg. Loss: 0.0050
===> Epoch[11](30/150): Avg. Loss: 0.0070
===> Epoch[11](60/150): Avg. Loss: 0.0083
===> Epoch[11](90/150): Avg. Loss: 0.0083
===> Epoch[11](120/150): Avg. Loss: 0.0091
===> Epoch[11](150/150): Avg. Loss: 0.0096
===> Avg. PSNR: 28.0717 dB
===> Avg. Loss: 0.0050
===> Epoch[12](30/150): Avg. Loss: 0.0081
===> Epoch[12](60/150): Avg. Loss: 0.0059
===> Epoch[12](90/150): Avg. Loss: 0.0077
===> Epoch[12](120/150): Avg. Loss: 0.0074
===> Epoch[12](150/150): Avg. Loss: 0.0082
===> Avg. PSNR: 27.8911 dB
===> Avg. Loss: 0.0051
===> Epoch[13](30/150): Avg. Loss: 0.0051
===> Epoch[13](60/150): Avg. Loss: 0.0075
===> Epoch[13](90/150): Avg. Loss: 0.0078
===> Epoch[13](120/150): Avg. Loss: 0.0071
===> Epoch[13](150/150): Avg. Loss: 0.0071
===> Avg. PSNR: 28.2332 dB
===> Avg. Loss: 0.0050
===> Epoch[14](30/150): Avg. Loss: 0.0069
===> Epoch[14](60/150): Avg. Loss: 0.0086
===> Epoch[14](90/150): Avg. Loss: 0.0070
===> Epoch[14](120/150): Avg. Loss: 0.0076
===> Epoch[14](150/150): Avg. Loss: 0.0090
===> Avg. PSNR: 28.5051 dB
===> Avg. Loss: 0.0050
===> Epoch[15](30/150): Avg. Loss: 0.0074
===> Epoch[15](60/150): Avg. Loss: 0.0064
===> Epoch[15](90/150): Avg. Loss: 0.0074
===> Epoch[15](120/150): Avg. Loss: 0.0069
===> Epoch[15](150/150): Avg. Loss: 0.0079
===> Avg. PSNR: 28.6033 dB
===> Avg. Loss: 0.0049
===> Epoch[16](30/150): Avg. Loss: 0.0076
===> Epoch[16](60/150): Avg. Loss: 0.0062
===> Epoch[16](90/150): Avg. Loss: 0.0072
===> Epoch[16](120/150): Avg. Loss: 0.0072
===> Epoch[16](150/150): Avg. Loss: 0.0067
===> Avg. PSNR: 28.6035 dB
===> Avg. Loss: 0.0049
===> Epoch[17](30/150): Avg. Loss: 0.0094
===> Epoch[17](60/150): Avg. Loss: 0.0080
===> Epoch[17](90/150): Avg. Loss: 0.0078
===> Epoch[17](120/150): Avg. Loss: 0.0075
===> Epoch[17](150/150): Avg. Loss: 0.0072
===> Avg. PSNR: 28.6012 dB
===> Avg. Loss: 0.0050
===> Epoch[18](30/150): Avg. Loss: 0.0081
===> Epoch[18](60/150): Avg. Loss: 0.0062
===> Epoch[18](90/150): Avg. Loss: 0.0079
===> Epoch[18](120/150): Avg. Loss: 0.0078
===> Epoch[18](150/150): Avg. Loss: 0.0078
===> Avg. PSNR: 28.6032 dB
===> Avg. Loss: 0.0050
===> Epoch[19](30/150): Avg. Loss: 0.0080
===> Epoch[19](60/150): Avg. Loss: 0.0075
===> Epoch[19](90/150): Avg. Loss: 0.0084
===> Epoch[19](120/150): Avg. Loss: 0.0060
===> Epoch[19](150/150): Avg. Loss: 0.0068
===> Avg. PSNR: 28.6035 dB
===> Avg. Loss: 0.0049
===> Epoch[20](30/150): Avg. Loss: 0.0066
===> Epoch[20](60/150): Avg. Loss: 0.0071
===> Epoch[20](90/150): Avg. Loss: 0.0083
===> Epoch[20](120/150): Avg. Loss: 0.0066
===> Epoch[20](150/150): Avg. Loss: 0.0073
===> Avg. PSNR: 28.6006 dB
===> Avg. Loss: 0.0050
===> Epoch[21](30/150): Avg. Loss: 0.0087
===> Epoch[21](60/150): Avg. Loss: 0.0074
===> Epoch[21](90/150): Avg. Loss: 0.0088
===> Epoch[21](120/150): Avg. Loss: 0.0060
===> Epoch[21](150/150): Avg. Loss: 0.0074
===> Avg. PSNR: 28.6011 dB
===> Avg. Loss: 0.0050
===> Epoch[22](30/150): Avg. Loss: 0.0068
===> Epoch[22](60/150): Avg. Loss: 0.0085
===> Epoch[22](90/150): Avg. Loss: 0.0075
===> Epoch[22](120/150): Avg. Loss: 0.0088
===> Epoch[22](150/150): Avg. Loss: 0.0062
===> Avg. PSNR: 28.6032 dB
===> Avg. Loss: 0.0050
===> Epoch[23](30/150): Avg. Loss: 0.0063
===> Epoch[23](60/150): Avg. Loss: 0.0077
===> Epoch[23](90/150): Avg. Loss: 0.0072
===> Epoch[23](120/150): Avg. Loss: 0.0077
===> Epoch[23](150/150): Avg. Loss: 0.0073
===> Avg. PSNR: 28.5997 dB
===> Avg. Loss: 0.0050
===> Epoch[24](30/150): Avg. Loss: 0.0072
===> Epoch[24](60/150): Avg. Loss: 0.0074
===> Epoch[24](90/150): Avg. Loss: 0.0081
===> Epoch[24](120/150): Avg. Loss: 0.0070
===> Epoch[24](150/150): Avg. Loss: 0.0073
===> Avg. PSNR: 28.6006 dB
===> Avg. Loss: 0.0050
===> Epoch[25](30/150): Avg. Loss: 0.0077
===> Epoch[25](60/150): Avg. Loss: 0.0076
===> Epoch[25](90/150): Avg. Loss: 0.0072
===> Epoch[25](120/150): Avg. Loss: 0.0079
===> Epoch[25](150/150): Avg. Loss: 0.0075
===> Avg. PSNR: 28.6034 dB
===> Avg. Loss: 0.0049
===> Epoch[26](30/150): Avg. Loss: 0.0070
===> Epoch[26](60/150): Avg. Loss: 0.0075
===> Epoch[26](90/150): Avg. Loss: 0.0078
===> Epoch[26](120/150): Avg. Loss: 0.0074
===> Epoch[26](150/150): Avg. Loss: 0.0076
===> Avg. PSNR: 28.6035 dB
===> Avg. Loss: 0.0049
===> Epoch[27](30/150): Avg. Loss: 0.0070
===> Epoch[27](60/150): Avg. Loss: 0.0072
===> Epoch[27](90/150): Avg. Loss: 0.0074
===> Epoch[27](120/150): Avg. Loss: 0.0074
===> Epoch[27](150/150): Avg. Loss: 0.0063
===> Avg. PSNR: 28.6034 dB
===> Avg. Loss: 0.0049
===> Epoch[28](30/150): Avg. Loss: 0.0065
===> Epoch[28](60/150): Avg. Loss: 0.0069
===> Epoch[28](90/150): Avg. Loss: 0.0066
===> Epoch[28](120/150): Avg. Loss: 0.0072
===> Epoch[28](150/150): Avg. Loss: 0.0067
===> Avg. PSNR: 28.6033 dB
===> Avg. Loss: 0.0049
===> Epoch[29](30/150): Avg. Loss: 0.0066
===> Epoch[29](60/150): Avg. Loss: 0.0065
===> Epoch[29](90/150): Avg. Loss: 0.0076
===> Epoch[29](120/150): Avg. Loss: 0.0068
===> Epoch[29](150/150): Avg. Loss: 0.0070
===> Avg. PSNR: 28.5698 dB
===> Avg. Loss: 0.0050
===> Epoch[30](30/150): Avg. Loss: 0.0078
===> Epoch[30](60/150): Avg. Loss: 0.0073
===> Epoch[30](90/150): Avg. Loss: 0.0069
===> Epoch[30](120/150): Avg. Loss: 0.0072
===> Epoch[30](150/150): Avg. Loss: 0.0080
===> Avg. PSNR: 28.6024 dB
===> Avg. Loss: 0.0050
===> Epoch[31](30/150): Avg. Loss: 0.0068
===> Epoch[31](60/150): Avg. Loss: 0.0076
===> Epoch[31](90/150): Avg. Loss: 0.0074
===> Epoch[31](120/150): Avg. Loss: 0.0069
===> Epoch[31](150/150): Avg. Loss: 0.0091
===> Avg. PSNR: 28.6035 dB
===> Avg. Loss: 0.0049
===> Epoch[32](30/150): Avg. Loss: 0.0080
===> Epoch[32](60/150): Avg. Loss: 0.0067
===> Epoch[32](90/150): Avg. Loss: 0.0082
===> Epoch[32](120/150): Avg. Loss: 0.0075
===> Epoch[32](150/150): Avg. Loss: 0.0072
===> Avg. PSNR: 28.6034 dB
===> Avg. Loss: 0.0049
===> Epoch[33](30/150): Avg. Loss: 0.0072
===> Epoch[33](60/150): Avg. Loss: 0.0092
===> Epoch[33](90/150): Avg. Loss: 0.0061
===> Epoch[33](120/150): Avg. Loss: 0.0089
===> Epoch[33](150/150): Avg. Loss: 0.0065
===> Avg. PSNR: 28.6032 dB
===> Avg. Loss: 0.0050
===> Epoch[34](30/150): Avg. Loss: 0.0062
===> Epoch[34](60/150): Avg. Loss: 0.0071
===> Epoch[34](90/150): Avg. Loss: 0.0080
===> Epoch[34](120/150): Avg. Loss: 0.0091
===> Epoch[34](150/150): Avg. Loss: 0.0078
===> Avg. PSNR: 28.6035 dB
===> Avg. Loss: 0.0049
===> Epoch[35](30/150): Avg. Loss: 0.0076
===> Epoch[35](60/150): Avg. Loss: 0.0062
===> Epoch[35](90/150): Avg. Loss: 0.0076
===> Epoch[35](120/150): Avg. Loss: 0.0071
===> Epoch[35](150/150): Avg. Loss: 0.0066
===> Avg. PSNR: 28.6033 dB
===> Avg. Loss: 0.0049
===> Epoch[36](30/150): Avg. Loss: 0.0066
===> Epoch[36](60/150): Avg. Loss: 0.0072
===> Epoch[36](90/150): Avg. Loss: 0.0073
===> Epoch[36](120/150): Avg. Loss: 0.0083
===> Epoch[36](150/150): Avg. Loss: 0.0067
===> Avg. PSNR: 28.6034 dB
===> Avg. Loss: 0.0049
===> Epoch[37](30/150): Avg. Loss: 0.0078
===> Epoch[37](60/150): Avg. Loss: 0.0081
===> Epoch[37](90/150): Avg. Loss: 0.0069
===> Epoch[37](120/150): Avg. Loss: 0.0071
===> Epoch[37](150/150): Avg. Loss: 0.0069
===> Avg. PSNR: 28.6119 dB
===> Avg. Loss: 0.0050
===> Epoch[38](30/150): Avg. Loss: 0.0065
===> Epoch[38](60/150): Avg. Loss: 0.0062
===> Epoch[38](90/150): Avg. Loss: 0.0086
===> Epoch[38](120/150): Avg. Loss: 0.0068
===> Epoch[38](150/150): Avg. Loss: 0.0065
===> Avg. PSNR: 28.6202 dB
===> Avg. Loss: 0.0049
===> Epoch[39](30/150): Avg. Loss: 0.0082
===> Epoch[39](60/150): Avg. Loss: 0.0091
===> Epoch[39](90/150): Avg. Loss: 0.0067
===> Epoch[39](120/150): Avg. Loss: 0.0076
===> Epoch[39](150/150): Avg. Loss: 0.0066
===> Avg. PSNR: 27.8155 dB
===> Avg. Loss: 0.0049
===> Epoch[40](30/150): Avg. Loss: 0.0071
===> Epoch[40](60/150): Avg. Loss: 0.0074
===> Epoch[40](90/150): Avg. Loss: 0.0068
===> Epoch[40](120/150): Avg. Loss: 0.0081
===> Epoch[40](150/150): Avg. Loss: 0.0071
===> Avg. PSNR: 28.4028 dB
===> Avg. Loss: 0.0050
===> Epoch[41](30/150): Avg. Loss: 0.0068
===> Epoch[41](60/150): Avg. Loss: 0.0081
===> Epoch[41](90/150): Avg. Loss: 0.0063
===> Epoch[41](120/150): Avg. Loss: 0.0069
===> Epoch[41](150/150): Avg. Loss: 0.0064
===> Avg. PSNR: 28.3506 dB
===> Avg. Loss: 0.0050
===> Epoch[42](30/150): Avg. Loss: 0.0063
===> Epoch[42](60/150): Avg. Loss: 0.0079
===> Epoch[42](90/150): Avg. Loss: 0.0074
===> Epoch[42](120/150): Avg. Loss: 0.0072
===> Epoch[42](150/150): Avg. Loss: 0.0063
===> Avg. PSNR: 28.1761 dB
===> Avg. Loss: 0.0051
===> Epoch[43](30/150): Avg. Loss: 0.0071
===> Epoch[43](60/150): Avg. Loss: 0.0069
===> Epoch[43](90/150): Avg. Loss: 0.0078
===> Epoch[43](120/150): Avg. Loss: 0.0071
===> Epoch[43](150/150): Avg. Loss: 0.0074
===> Avg. PSNR: 27.7680 dB
===> Avg. Loss: 0.0052
===> Epoch[44](30/150): Avg. Loss: 0.0076
===> Epoch[44](60/150): Avg. Loss: 0.0080
===> Epoch[44](90/150): Avg. Loss: 0.0080
===> Epoch[44](120/150): Avg. Loss: 0.0070
===> Epoch[44](150/150): Avg. Loss: 0.0061
===> Avg. PSNR: 28.5340 dB
===> Avg. Loss: 0.0049
===> Epoch[45](30/150): Avg. Loss: 0.0068
===> Epoch[45](60/150): Avg. Loss: 0.0073
===> Epoch[45](90/150): Avg. Loss: 0.0067
===> Epoch[45](120/150): Avg. Loss: 0.0058
===> Epoch[45](150/150): Avg. Loss: 0.0072
===> Avg. PSNR: 28.0477 dB
===> Avg. Loss: 0.0050
===> Epoch[46](30/150): Avg. Loss: 0.0077
===> Epoch[46](60/150): Avg. Loss: 0.0069
===> Epoch[46](90/150): Avg. Loss: 0.0071
===> Epoch[46](120/150): Avg. Loss: 0.0066
===> Epoch[46](150/150): Avg. Loss: 0.0065
===> Avg. PSNR: 27.5678 dB
===> Avg. Loss: 0.0053
===> Epoch[47](30/150): Avg. Loss: 0.0049
===> Epoch[47](60/150): Avg. Loss: 0.0070
===> Epoch[47](90/150): Avg. Loss: 0.0073
===> Epoch[47](120/150): Avg. Loss: 0.0067
===> Epoch[47](150/150): Avg. Loss: 0.0061
===> Avg. PSNR: 28.6073 dB
===> Avg. Loss: 0.0049
===> Epoch[48](30/150): Avg. Loss: 0.0075
===> Epoch[48](60/150): Avg. Loss: 0.0061
===> Epoch[48](90/150): Avg. Loss: 0.0082
===> Epoch[48](120/150): Avg. Loss: 0.0083
===> Epoch[48](150/150): Avg. Loss: 0.0065
===> Avg. PSNR: 28.4435 dB
===> Avg. Loss: 0.0050
===> Epoch[49](30/150): Avg. Loss: 0.0062
===> Epoch[49](60/150): Avg. Loss: 0.0061
===> Epoch[49](90/150): Avg. Loss: 0.0063
===> Epoch[49](120/150): Avg. Loss: 0.0067
===> Epoch[49](150/150): Avg. Loss: 0.0074
===> Avg. PSNR: 26.4690 dB
===> Avg. Loss: 0.0059
===> Epoch[50](30/150): Avg. Loss: 0.0063
===> Epoch[50](60/150): Avg. Loss: 0.0065
===> Epoch[50](90/150): Avg. Loss: 0.0068
===> Epoch[50](120/150): Avg. Loss: 0.0059
===> Epoch[50](150/150): Avg. Loss: 0.0074
===> Avg. PSNR: 28.3408 dB
===> Avg. Loss: 0.0050
===> Epoch[51](30/150): Avg. Loss: 0.0071
===> Epoch[51](60/150): Avg. Loss: 0.0061
===> Epoch[51](90/150): Avg. Loss: 0.0079
===> Epoch[51](120/150): Avg. Loss: 0.0073
===> Epoch[51](150/150): Avg. Loss: 0.0069
===> Avg. PSNR: 28.5535 dB
===> Avg. Loss: 0.0049
===> Epoch[52](30/150): Avg. Loss: 0.0059
===> Epoch[52](60/150): Avg. Loss: 0.0076
===> Epoch[52](90/150): Avg. Loss: 0.0077
===> Epoch[52](120/150): Avg. Loss: 0.0061
===> Epoch[52](150/150): Avg. Loss: 0.0073
===> Avg. PSNR: 26.5557 dB
===> Avg. Loss: 0.0058
===> Epoch[53](30/150): Avg. Loss: 0.0076
===> Epoch[53](60/150): Avg. Loss: 0.0073
===> Epoch[53](90/150): Avg. Loss: 0.0069
===> Epoch[53](120/150): Avg. Loss: 0.0067
===> Epoch[53](150/150): Avg. Loss: 0.0083
===> Avg. PSNR: 27.5457 dB
===> Avg. Loss: 0.0054
===> Epoch[54](30/150): Avg. Loss: 0.0072
===> Epoch[54](60/150): Avg. Loss: 0.0073
===> Epoch[54](90/150): Avg. Loss: 0.0064
===> Epoch[54](120/150): Avg. Loss: 0.0066
===> Epoch[54](150/150): Avg. Loss: 0.0077
===> Avg. PSNR: 28.4941 dB
===> Avg. Loss: 0.0049
===> Epoch[55](30/150): Avg. Loss: 0.0080
===> Epoch[55](60/150): Avg. Loss: 0.0077
===> Epoch[55](90/150): Avg. Loss: 0.0056
===> Epoch[55](120/150): Avg. Loss: 0.0072
===> Epoch[55](150/150): Avg. Loss: 0.0068
===> Avg. PSNR: 27.9647 dB
===> Avg. Loss: 0.0052
===> Epoch[56](30/150): Avg. Loss: 0.0072
===> Epoch[56](60/150): Avg. Loss: 0.0090
===> Epoch[56](90/150): Avg. Loss: 0.0058
===> Epoch[56](120/150): Avg. Loss: 0.0072
===> Epoch[56](150/150): Avg. Loss: 0.0063
===> Avg. PSNR: 27.4132 dB
===> Avg. Loss: 0.0060
===> Epoch[57](30/150): Avg. Loss: 0.0071
===> Epoch[57](60/150): Avg. Loss: 0.0079
===> Epoch[57](90/150): Avg. Loss: 0.0063
===> Epoch[57](120/150): Avg. Loss: 0.0065
===> Epoch[57](150/150): Avg. Loss: 0.0077
===> Avg. PSNR: 28.5351 dB
===> Avg. Loss: 0.0049
===> Epoch[58](30/150): Avg. Loss: 0.0075
===> Epoch[58](60/150): Avg. Loss: 0.0073
===> Epoch[58](90/150): Avg. Loss: 0.0064
===> Epoch[58](120/150): Avg. Loss: 0.0070
===> Epoch[58](150/150): Avg. Loss: 0.0058
===> Avg. PSNR: 27.6017 dB
===> Avg. Loss: 0.0057
===> Epoch[59](30/150): Avg. Loss: 0.0059
===> Epoch[59](60/150): Avg. Loss: 0.0059
===> Epoch[59](90/150): Avg. Loss: 0.0070
===> Epoch[59](120/150): Avg. Loss: 0.0070
===> Epoch[59](150/150): Avg. Loss: 0.0065
===> Avg. PSNR: 28.3316 dB
===> Avg. Loss: 0.0051
===> Epoch[60](30/150): Avg. Loss: 0.0054
===> Epoch[60](60/150): Avg. Loss: 0.0071
===> Epoch[60](90/150): Avg. Loss: 0.0070
===> Epoch[60](120/150): Avg. Loss: 0.0053
===> Epoch[60](150/150): Avg. Loss: 0.0072
===> Avg. PSNR: 27.8998 dB
===> Avg. Loss: 0.0053
===> Epoch[61](30/150): Avg. Loss: 0.0071
===> Epoch[61](60/150): Avg. Loss: 0.0072
===> Epoch[61](90/150): Avg. Loss: 0.0082
===> Epoch[61](120/150): Avg. Loss: 0.0052
===> Epoch[61](150/150): Avg. Loss: 0.0080
===> Avg. PSNR: 27.9114 dB
===> Avg. Loss: 0.0056
===> Epoch[62](30/150): Avg. Loss: 0.0078
===> Epoch[62](60/150): Avg. Loss: 0.0059
===> Epoch[62](90/150): Avg. Loss: 0.0069
===> Epoch[62](120/150): Avg. Loss: 0.0078
===> Epoch[62](150/150): Avg. Loss: 0.0061
===> Avg. PSNR: 28.1008 dB
===> Avg. Loss: 0.0052
===> Epoch[63](30/150): Avg. Loss: 0.0080
===> Epoch[63](60/150): Avg. Loss: 0.0065
===> Epoch[63](90/150): Avg. Loss: 0.0059
===> Epoch[63](120/150): Avg. Loss: 0.0074
===> Epoch[63](150/150): Avg. Loss: 0.0060
===> Avg. PSNR: 28.5183 dB
===> Avg. Loss: 0.0050
===> Epoch[64](30/150): Avg. Loss: 0.0083
===> Epoch[64](60/150): Avg. Loss: 0.0062
===> Epoch[64](90/150): Avg. Loss: 0.0069
===> Epoch[64](120/150): Avg. Loss: 0.0058
===> Epoch[64](150/150): Avg. Loss: 0.0069
===> Avg. PSNR: 28.2591 dB
===> Avg. Loss: 0.0052
===> Epoch[65](30/150): Avg. Loss: 0.0065
===> Epoch[65](60/150): Avg. Loss: 0.0069
===> Epoch[65](90/150): Avg. Loss: 0.0060
===> Epoch[65](120/150): Avg. Loss: 0.0062
===> Epoch[65](150/150): Avg. Loss: 0.0068
===> Avg. PSNR: 27.6259 dB
===> Avg. Loss: 0.0055
===> Epoch[66](30/150): Avg. Loss: 0.0066
===> Epoch[66](60/150): Avg. Loss: 0.0085
===> Epoch[66](90/150): Avg. Loss: 0.0079
===> Epoch[66](120/150): Avg. Loss: 0.0061
===> Epoch[66](150/150): Avg. Loss: 0.0072
===> Avg. PSNR: 27.4299 dB
===> Avg. Loss: 0.0056
===> Epoch[67](30/150): Avg. Loss: 0.0061
===> Epoch[67](60/150): Avg. Loss: 0.0077
===> Epoch[67](90/150): Avg. Loss: 0.0073
===> Epoch[67](120/150): Avg. Loss: 0.0057
===> Epoch[67](150/150): Avg. Loss: 0.0066
===> Avg. PSNR: 27.8158 dB
===> Avg. Loss: 0.0057
===> Epoch[68](30/150): Avg. Loss: 0.0071
===> Epoch[68](60/150): Avg. Loss: 0.0065
===> Epoch[68](90/150): Avg. Loss: 0.0074
===> Epoch[68](120/150): Avg. Loss: 0.0062
===> Epoch[68](150/150): Avg. Loss: 0.0076
===> Avg. PSNR: 28.2223 dB
===> Avg. Loss: 0.0052
===> Epoch[69](30/150): Avg. Loss: 0.0071
===> Epoch[69](60/150): Avg. Loss: 0.0079
===> Epoch[69](90/150): Avg. Loss: 0.0064
===> Epoch[69](120/150): Avg. Loss: 0.0062
===> Epoch[69](150/150): Avg. Loss: 0.0059
===> Avg. PSNR: 27.2604 dB
===> Avg. Loss: 0.0059
===> Epoch[70](30/150): Avg. Loss: 0.0061
===> Epoch[70](60/150): Avg. Loss: 0.0066
===> Epoch[70](90/150): Avg. Loss: 0.0064
===> Epoch[70](120/150): Avg. Loss: 0.0061
===> Epoch[70](150/150): Avg. Loss: 0.0058
===> Avg. PSNR: 27.8156 dB
===> Avg. Loss: 0.0056
===> Epoch[71](30/150): Avg. Loss: 0.0060
===> Epoch[71](60/150): Avg. Loss: 0.0074
===> Epoch[71](90/150): Avg. Loss: 0.0070
===> Epoch[71](120/150): Avg. Loss: 0.0067
===> Epoch[71](150/150): Avg. Loss: 0.0072
===> Avg. PSNR: 28.1380 dB
===> Avg. Loss: 0.0055
===> Epoch[72](30/150): Avg. Loss: 0.0066
===> Epoch[72](60/150): Avg. Loss: 0.0074
===> Epoch[72](90/150): Avg. Loss: 0.0057
===> Epoch[72](120/150): Avg. Loss: 0.0068
===> Epoch[72](150/150): Avg. Loss: 0.0061
===> Avg. PSNR: 28.0251 dB
===> Avg. Loss: 0.0056
===> Epoch[73](30/150): Avg. Loss: 0.0063
===> Epoch[73](60/150): Avg. Loss: 0.0064
===> Epoch[73](90/150): Avg. Loss: 0.0058
===> Epoch[73](120/150): Avg. Loss: 0.0056
===> Epoch[73](150/150): Avg. Loss: 0.0070
===> Avg. PSNR: 28.6830 dB
===> Avg. Loss: 0.0052
