training log record, random seed=777
dataset configuration: epoch size = 150, batch size = 16, patch size = 128
===> Epoch[0](30/150): Avg. Loss: 1.4642
===> Epoch[0](60/150): Avg. Loss: 1.2196
===> Epoch[0](90/150): Avg. Loss: 1.0210
===> Epoch[0](120/150): Avg. Loss: 0.3091
===> Epoch[0](150/150): Avg. Loss: 0.1633
===> Avg. PSNR: 18.6703 dB
===> Avg. Loss: 0.5464
===> Epoch[1](30/150): Avg. Loss: 0.1278
===> Epoch[1](60/150): Avg. Loss: 0.1099
===> Epoch[1](90/150): Avg. Loss: 0.0985
===> Epoch[1](120/150): Avg. Loss: 0.0897
===> Epoch[1](150/150): Avg. Loss: 0.0790
===> Avg. PSNR: 20.8595 dB
===> Avg. Loss: 0.3396
===> Epoch[2](30/150): Avg. Loss: 0.0779
===> Epoch[2](60/150): Avg. Loss: 0.0687
===> Epoch[2](90/150): Avg. Loss: 0.0684
===> Epoch[2](120/150): Avg. Loss: 0.0544
===> Epoch[2](150/150): Avg. Loss: 0.0536
===> Avg. PSNR: 22.7623 dB
===> Avg. Loss: 0.1969
===> Epoch[3](30/150): Avg. Loss: 0.0489
===> Epoch[3](60/150): Avg. Loss: 0.0465
===> Epoch[3](90/150): Avg. Loss: 0.0448
===> Epoch[3](120/150): Avg. Loss: 0.0418
===> Epoch[3](150/150): Avg. Loss: 0.0376
===> Avg. PSNR: 23.7373 dB
===> Avg. Loss: 0.1404
===> Epoch[4](30/150): Avg. Loss: 0.0393
===> Epoch[4](60/150): Avg. Loss: 0.0349
===> Epoch[4](90/150): Avg. Loss: 0.0328
===> Epoch[4](120/150): Avg. Loss: 0.0313
===> Epoch[4](150/150): Avg. Loss: 0.0290
===> Avg. PSNR: 24.3289 dB
===> Avg. Loss: 0.1136
===> Epoch[5](30/150): Avg. Loss: 0.0315
===> Epoch[5](60/150): Avg. Loss: 0.0274
===> Epoch[5](90/150): Avg. Loss: 0.0272
===> Epoch[5](120/150): Avg. Loss: 0.0250
===> Epoch[5](150/150): Avg. Loss: 0.0246
===> Avg. PSNR: 24.9599 dB
===> Avg. Loss: 0.0944
===> Epoch[6](30/150): Avg. Loss: 0.0253
===> Epoch[6](60/150): Avg. Loss: 0.0236
===> Epoch[6](90/150): Avg. Loss: 0.0263
===> Epoch[6](120/150): Avg. Loss: 0.0227
===> Epoch[6](150/150): Avg. Loss: 0.0245
===> Avg. PSNR: 25.4030 dB
===> Avg. Loss: 0.0817
===> Epoch[7](30/150): Avg. Loss: 0.0250
===> Epoch[7](60/150): Avg. Loss: 0.0230
===> Epoch[7](90/150): Avg. Loss: 0.0234
===> Epoch[7](120/150): Avg. Loss: 0.0232
===> Epoch[7](150/150): Avg. Loss: 0.0217
===> Avg. PSNR: 25.8690 dB
===> Avg. Loss: 0.0739
===> Epoch[8](30/150): Avg. Loss: 0.0197
===> Epoch[8](60/150): Avg. Loss: 0.0209
===> Epoch[8](90/150): Avg. Loss: 0.0196
===> Epoch[8](120/150): Avg. Loss: 0.0226
===> Epoch[8](150/150): Avg. Loss: 0.0189
===> Avg. PSNR: 26.2064 dB
===> Avg. Loss: 0.0664
===> Epoch[9](30/150): Avg. Loss: 0.0193
===> Epoch[9](60/150): Avg. Loss: 0.0206
===> Epoch[9](90/150): Avg. Loss: 0.0184
===> Epoch[9](120/150): Avg. Loss: 0.0187
===> Epoch[9](150/150): Avg. Loss: 0.0191
===> Avg. PSNR: 26.5178 dB
===> Avg. Loss: 0.0606
===> Epoch[10](30/150): Avg. Loss: 0.0197
===> Epoch[10](60/150): Avg. Loss: 0.0180
===> Epoch[10](90/150): Avg. Loss: 0.0169
===> Epoch[10](120/150): Avg. Loss: 0.0172
===> Epoch[10](150/150): Avg. Loss: 0.0170
===> Avg. PSNR: 26.8448 dB
===> Avg. Loss: 0.0554
===> Epoch[11](30/150): Avg. Loss: 0.0170
===> Epoch[11](60/150): Avg. Loss: 0.0176
===> Epoch[11](90/150): Avg. Loss: 0.0178
===> Epoch[11](120/150): Avg. Loss: 0.0170
===> Epoch[11](150/150): Avg. Loss: 0.0186
===> Avg. PSNR: 27.5459 dB
===> Avg. Loss: 0.0487
===> Epoch[12](30/150): Avg. Loss: 0.0170
===> Epoch[12](60/150): Avg. Loss: 0.0137
===> Epoch[12](90/150): Avg. Loss: 0.0136
===> Epoch[12](120/150): Avg. Loss: 0.0136
===> Epoch[12](150/150): Avg. Loss: 0.0148
===> Avg. PSNR: 28.3757 dB
===> Avg. Loss: 0.0430
===> Epoch[13](30/150): Avg. Loss: 0.0121
===> Epoch[13](60/150): Avg. Loss: 0.0137
===> Epoch[13](90/150): Avg. Loss: 0.0133
===> Epoch[13](120/150): Avg. Loss: 0.0143
===> Epoch[13](150/150): Avg. Loss: 0.0132
===> Avg. PSNR: 28.5498 dB
===> Avg. Loss: 0.0404
===> Epoch[14](30/150): Avg. Loss: 0.0135
===> Epoch[14](60/150): Avg. Loss: 0.0146
===> Epoch[14](90/150): Avg. Loss: 0.0132
===> Epoch[14](120/150): Avg. Loss: 0.0143
===> Epoch[14](150/150): Avg. Loss: 0.0149
===> Avg. PSNR: 28.7434 dB
===> Avg. Loss: 0.0394
===> Epoch[15](30/150): Avg. Loss: 0.0140
===> Epoch[15](60/150): Avg. Loss: 0.0129
===> Epoch[15](90/150): Avg. Loss: 0.0143
===> Epoch[15](120/150): Avg. Loss: 0.0133
===> Epoch[15](150/150): Avg. Loss: 0.0137
===> Avg. PSNR: 28.1837 dB
===> Avg. Loss: 0.0444
===> Epoch[16](30/150): Avg. Loss: 0.0140
===> Epoch[16](60/150): Avg. Loss: 0.0117
===> Epoch[16](90/150): Avg. Loss: 0.0134
===> Epoch[16](120/150): Avg. Loss: 0.0133
===> Epoch[16](150/150): Avg. Loss: 0.0134
===> Avg. PSNR: 28.6785 dB
===> Avg. Loss: 0.0392
===> Epoch[17](30/150): Avg. Loss: 0.0152
===> Epoch[17](60/150): Avg. Loss: 0.0123
===> Epoch[17](90/150): Avg. Loss: 0.0131
===> Epoch[17](120/150): Avg. Loss: 0.0126
===> Epoch[17](150/150): Avg. Loss: 0.0131
===> Avg. PSNR: 28.3821 dB
===> Avg. Loss: 0.0421
===> Epoch[18](30/150): Avg. Loss: 0.0139
===> Epoch[18](60/150): Avg. Loss: 0.0110
===> Epoch[18](90/150): Avg. Loss: 0.0126
===> Epoch[18](120/150): Avg. Loss: 0.0129
===> Epoch[18](150/150): Avg. Loss: 0.0136
===> Avg. PSNR: 28.7301 dB
===> Avg. Loss: 0.0384
===> Epoch[19](30/150): Avg. Loss: 0.0130
===> Epoch[19](60/150): Avg. Loss: 0.0133
===> Epoch[19](90/150): Avg. Loss: 0.0128
===> Epoch[19](120/150): Avg. Loss: 0.0123
===> Epoch[19](150/150): Avg. Loss: 0.0130
===> Avg. PSNR: 27.9561 dB
===> Avg. Loss: 0.0441
===> Epoch[20](30/150): Avg. Loss: 0.0119
===> Epoch[20](60/150): Avg. Loss: 0.0126
===> Epoch[20](90/150): Avg. Loss: 0.0126
===> Epoch[20](120/150): Avg. Loss: 0.0115
===> Epoch[20](150/150): Avg. Loss: 0.0106
===> Avg. PSNR: 28.7254 dB
===> Avg. Loss: 0.0364
===> Epoch[21](30/150): Avg. Loss: 0.0134
===> Epoch[21](60/150): Avg. Loss: 0.0132
===> Epoch[21](90/150): Avg. Loss: 0.0138
===> Epoch[21](120/150): Avg. Loss: 0.0116
===> Epoch[21](150/150): Avg. Loss: 0.0121
===> Avg. PSNR: 28.4397 dB
===> Avg. Loss: 0.0391
===> Epoch[22](30/150): Avg. Loss: 0.0119
===> Epoch[22](60/150): Avg. Loss: 0.0123
===> Epoch[22](90/150): Avg. Loss: 0.0125
===> Epoch[22](120/150): Avg. Loss: 0.0127
===> Epoch[22](150/150): Avg. Loss: 0.0112
===> Avg. PSNR: 28.1799 dB
===> Avg. Loss: 0.0406
===> Epoch[23](30/150): Avg. Loss: 0.0111
===> Epoch[23](60/150): Avg. Loss: 0.0118
===> Epoch[23](90/150): Avg. Loss: 0.0121
===> Epoch[23](120/150): Avg. Loss: 0.0109
===> Epoch[23](150/150): Avg. Loss: 0.0115
===> Avg. PSNR: 28.2496 dB
===> Avg. Loss: 0.0399
===> Epoch[24](30/150): Avg. Loss: 0.0124
===> Epoch[24](60/150): Avg. Loss: 0.0120
===> Epoch[24](90/150): Avg. Loss: 0.0117
===> Epoch[24](120/150): Avg. Loss: 0.0105
===> Epoch[24](150/150): Avg. Loss: 0.0105
===> Avg. PSNR: 26.7866 dB
===> Avg. Loss: 0.0508
===> Epoch[25](30/150): Avg. Loss: 0.0126
===> Epoch[25](60/150): Avg. Loss: 0.0113
===> Epoch[25](90/150): Avg. Loss: 0.0104
===> Epoch[25](120/150): Avg. Loss: 0.0110
===> Epoch[25](150/150): Avg. Loss: 0.0110
===> Avg. PSNR: 28.0186 dB
===> Avg. Loss: 0.0397
===> Epoch[26](30/150): Avg. Loss: 0.0108
===> Epoch[26](60/150): Avg. Loss: 0.0116
===> Epoch[26](90/150): Avg. Loss: 0.0100
===> Epoch[26](120/150): Avg. Loss: 0.0105
===> Epoch[26](150/150): Avg. Loss: 0.0105
===> Avg. PSNR: 28.1092 dB
===> Avg. Loss: 0.0371
===> Epoch[27](30/150): Avg. Loss: 0.0101
===> Epoch[27](60/150): Avg. Loss: 0.0093
===> Epoch[27](90/150): Avg. Loss: 0.0104
===> Epoch[27](120/150): Avg. Loss: 0.0105
===> Epoch[27](150/150): Avg. Loss: 0.0104
===> Avg. PSNR: 28.8435 dB
===> Avg. Loss: 0.0349
===> Epoch[28](30/150): Avg. Loss: 0.0101
===> Epoch[28](60/150): Avg. Loss: 0.0100
===> Epoch[28](90/150): Avg. Loss: 0.0108
===> Epoch[28](120/150): Avg. Loss: 0.0108
===> Epoch[28](150/150): Avg. Loss: 0.0091
===> Avg. PSNR: 28.8100 dB
===> Avg. Loss: 0.0348
===> Epoch[29](30/150): Avg. Loss: 0.0087
===> Epoch[29](60/150): Avg. Loss: 0.0099
===> Epoch[29](90/150): Avg. Loss: 0.0116
===> Epoch[29](120/150): Avg. Loss: 0.0095
===> Epoch[29](150/150): Avg. Loss: 0.0098
===> Avg. PSNR: 28.1470 dB
===> Avg. Loss: 0.0365
===> Epoch[30](30/150): Avg. Loss: 0.0101
===> Epoch[30](60/150): Avg. Loss: 0.0090
===> Epoch[30](90/150): Avg. Loss: 0.0103
===> Epoch[30](120/150): Avg. Loss: 0.0103
===> Epoch[30](150/150): Avg. Loss: 0.0096
===> Avg. PSNR: 28.9162 dB
===> Avg. Loss: 0.0338
===> Epoch[31](30/150): Avg. Loss: 0.0101
===> Epoch[31](60/150): Avg. Loss: 0.0092
===> Epoch[31](90/150): Avg. Loss: 0.0093
===> Epoch[31](120/150): Avg. Loss: 0.0094
===> Epoch[31](150/150): Avg. Loss: 0.0109
===> Avg. PSNR: 28.5990 dB
===> Avg. Loss: 0.0337
===> Epoch[32](30/150): Avg. Loss: 0.0119
===> Epoch[32](60/150): Avg. Loss: 0.0105
===> Epoch[32](90/150): Avg. Loss: 0.0106
===> Epoch[32](120/150): Avg. Loss: 0.0103
===> Epoch[32](150/150): Avg. Loss: 0.0091
===> Avg. PSNR: 28.9166 dB
===> Avg. Loss: 0.0324
===> Epoch[33](30/150): Avg. Loss: 0.0096
===> Epoch[33](60/150): Avg. Loss: 0.0106
===> Epoch[33](90/150): Avg. Loss: 0.0087
===> Epoch[33](120/150): Avg. Loss: 0.0107
===> Epoch[33](150/150): Avg. Loss: 0.0088
===> Avg. PSNR: 29.1137 dB
===> Avg. Loss: 0.0321
===> Epoch[34](30/150): Avg. Loss: 0.0091
===> Epoch[34](60/150): Avg. Loss: 0.0095
===> Epoch[34](90/150): Avg. Loss: 0.0090
===> Epoch[34](120/150): Avg. Loss: 0.0103
===> Epoch[34](150/150): Avg. Loss: 0.0094
===> Avg. PSNR: 28.4139 dB
===> Avg. Loss: 0.0349
===> Epoch[35](30/150): Avg. Loss: 0.0094
===> Epoch[35](60/150): Avg. Loss: 0.0091
===> Epoch[35](90/150): Avg. Loss: 0.0087
===> Epoch[35](120/150): Avg. Loss: 0.0097
===> Epoch[35](150/150): Avg. Loss: 0.0095
===> Avg. PSNR: 27.9103 dB
===> Avg. Loss: 0.0396
===> Epoch[36](30/150): Avg. Loss: 0.0083
===> Epoch[36](60/150): Avg. Loss: 0.0099
===> Epoch[36](90/150): Avg. Loss: 0.0093
===> Epoch[36](120/150): Avg. Loss: 0.0109
===> Epoch[36](150/150): Avg. Loss: 0.0087
===> Avg. PSNR: 28.8109 dB
===> Avg. Loss: 0.0338
===> Epoch[37](30/150): Avg. Loss: 0.0101
===> Epoch[37](60/150): Avg. Loss: 0.0099
===> Epoch[37](90/150): Avg. Loss: 0.0078
===> Epoch[37](120/150): Avg. Loss: 0.0103
===> Epoch[37](150/150): Avg. Loss: 0.0089
===> Avg. PSNR: 29.1977 dB
===> Avg. Loss: 0.0303
===> Epoch[38](30/150): Avg. Loss: 0.0084
===> Epoch[38](60/150): Avg. Loss: 0.0090
===> Epoch[38](90/150): Avg. Loss: 0.0098
===> Epoch[38](120/150): Avg. Loss: 0.0092
===> Epoch[38](150/150): Avg. Loss: 0.0100
===> Avg. PSNR: 28.9591 dB
===> Avg. Loss: 0.0314
===> Epoch[39](30/150): Avg. Loss: 0.0088
===> Epoch[39](60/150): Avg. Loss: 0.0102
===> Epoch[39](90/150): Avg. Loss: 0.0086
===> Epoch[39](120/150): Avg. Loss: 0.0099
===> Epoch[39](150/150): Avg. Loss: 0.0090
===> Avg. PSNR: 28.4405 dB
===> Avg. Loss: 0.0336
===> Epoch[40](30/150): Avg. Loss: 0.0089
===> Epoch[40](60/150): Avg. Loss: 0.0086
===> Epoch[40](90/150): Avg. Loss: 0.0099
===> Epoch[40](120/150): Avg. Loss: 0.0102
===> Epoch[40](150/150): Avg. Loss: 0.0095
===> Avg. PSNR: 29.2215 dB
===> Avg. Loss: 0.0288
===> Epoch[41](30/150): Avg. Loss: 0.0077
===> Epoch[41](60/150): Avg. Loss: 0.0085
===> Epoch[41](90/150): Avg. Loss: 0.0078
===> Epoch[41](120/150): Avg. Loss: 0.0090
===> Epoch[41](150/150): Avg. Loss: 0.0076
===> Avg. PSNR: 28.9397 dB
===> Avg. Loss: 0.0323
===> Epoch[42](30/150): Avg. Loss: 0.0089
===> Epoch[42](60/150): Avg. Loss: 0.0085
===> Epoch[42](90/150): Avg. Loss: 0.0099
===> Epoch[42](120/150): Avg. Loss: 0.0085
===> Epoch[42](150/150): Avg. Loss: 0.0068
===> Avg. PSNR: 28.6386 dB
===> Avg. Loss: 0.0341
===> Epoch[43](30/150): Avg. Loss: 0.0083
===> Epoch[43](60/150): Avg. Loss: 0.0083
===> Epoch[43](90/150): Avg. Loss: 0.0094
===> Epoch[43](120/150): Avg. Loss: 0.0087
===> Epoch[43](150/150): Avg. Loss: 0.0085
===> Avg. PSNR: 29.2602 dB
===> Avg. Loss: 0.0281
===> Epoch[44](30/150): Avg. Loss: 0.0075
===> Epoch[44](60/150): Avg. Loss: 0.0088
===> Epoch[44](90/150): Avg. Loss: 0.0087
===> Epoch[44](120/150): Avg. Loss: 0.0080
===> Epoch[44](150/150): Avg. Loss: 0.0087
===> Avg. PSNR: 29.6693 dB
===> Avg. Loss: 0.0275
===> Epoch[45](30/150): Avg. Loss: 0.0084
===> Epoch[45](60/150): Avg. Loss: 0.0086
===> Epoch[45](90/150): Avg. Loss: 0.0083
===> Epoch[45](120/150): Avg. Loss: 0.0084
===> Epoch[45](150/150): Avg. Loss: 0.0087
===> Avg. PSNR: 29.0143 dB
===> Avg. Loss: 0.0297
===> Epoch[46](30/150): Avg. Loss: 0.0088
===> Epoch[46](60/150): Avg. Loss: 0.0074
===> Epoch[46](90/150): Avg. Loss: 0.0089
===> Epoch[46](120/150): Avg. Loss: 0.0074
===> Epoch[46](150/150): Avg. Loss: 0.0073
===> Avg. PSNR: 30.0457 dB
===> Avg. Loss: 0.0253
===> Epoch[47](30/150): Avg. Loss: 0.0074
===> Epoch[47](60/150): Avg. Loss: 0.0076
===> Epoch[47](90/150): Avg. Loss: 0.0085
===> Epoch[47](120/150): Avg. Loss: 0.0068
===> Epoch[47](150/150): Avg. Loss: 0.0071
===> Avg. PSNR: 28.6785 dB
===> Avg. Loss: 0.0315
===> Epoch[48](30/150): Avg. Loss: 0.0081
===> Epoch[48](60/150): Avg. Loss: 0.0083
===> Epoch[48](90/150): Avg. Loss: 0.0080
===> Epoch[48](120/150): Avg. Loss: 0.0083
===> Epoch[48](150/150): Avg. Loss: 0.0083
===> Avg. PSNR: 29.3014 dB
===> Avg. Loss: 0.0288
===> Epoch[49](30/150): Avg. Loss: 0.0079
===> Epoch[49](60/150): Avg. Loss: 0.0091
===> Epoch[49](90/150): Avg. Loss: 0.0082
===> Epoch[49](120/150): Avg. Loss: 0.0076
===> Epoch[49](150/150): Avg. Loss: 0.0083
===> Avg. PSNR: 29.9586 dB
===> Avg. Loss: 0.0243
===> Epoch[50](30/150): Avg. Loss: 0.0081
===> Epoch[50](60/150): Avg. Loss: 0.0084
===> Epoch[50](90/150): Avg. Loss: 0.0066
===> Epoch[50](120/150): Avg. Loss: 0.0069
===> Epoch[50](150/150): Avg. Loss: 0.0071
===> Avg. PSNR: 27.7570 dB
===> Avg. Loss: 0.0351
===> Epoch[51](30/150): Avg. Loss: 0.0076
===> Epoch[51](60/150): Avg. Loss: 0.0072
===> Epoch[51](90/150): Avg. Loss: 0.0071
===> Epoch[51](120/150): Avg. Loss: 0.0081
===> Epoch[51](150/150): Avg. Loss: 0.0086
===> Avg. PSNR: 28.1037 dB
===> Avg. Loss: 0.0335
===> Epoch[52](30/150): Avg. Loss: 0.0073
===> Epoch[52](60/150): Avg. Loss: 0.0074
===> Epoch[52](90/150): Avg. Loss: 0.0073
===> Epoch[52](120/150): Avg. Loss: 0.0066
===> Epoch[52](150/150): Avg. Loss: 0.0067
===> Avg. PSNR: 29.0313 dB
===> Avg. Loss: 0.0265
===> Epoch[53](30/150): Avg. Loss: 0.0076
===> Epoch[53](60/150): Avg. Loss: 0.0068
===> Epoch[53](90/150): Avg. Loss: 0.0074
===> Epoch[53](120/150): Avg. Loss: 0.0069
===> Epoch[53](150/150): Avg. Loss: 0.0089
===> Avg. PSNR: 30.4146 dB
===> Avg. Loss: 0.0223
===> Epoch[54](30/150): Avg. Loss: 0.0067
===> Epoch[54](60/150): Avg. Loss: 0.0079
===> Epoch[54](90/150): Avg. Loss: 0.0083
===> Epoch[54](120/150): Avg. Loss: 0.0071
===> Epoch[54](150/150): Avg. Loss: 0.0079
===> Avg. PSNR: 27.6702 dB
===> Avg. Loss: 0.0371
===> Epoch[55](30/150): Avg. Loss: 0.0078
===> Epoch[55](60/150): Avg. Loss: 0.0070
===> Epoch[55](90/150): Avg. Loss: 0.0074
===> Epoch[55](120/150): Avg. Loss: 0.0082
===> Epoch[55](150/150): Avg. Loss: 0.0075
===> Avg. PSNR: 29.1161 dB
===> Avg. Loss: 0.0253
===> Epoch[56](30/150): Avg. Loss: 0.0060
===> Epoch[56](60/150): Avg. Loss: 0.0078
===> Epoch[56](90/150): Avg. Loss: 0.0064
===> Epoch[56](120/150): Avg. Loss: 0.0081
===> Epoch[56](150/150): Avg. Loss: 0.0075
===> Avg. PSNR: 30.2480 dB
===> Avg. Loss: 0.0231
===> Epoch[57](30/150): Avg. Loss: 0.0065
===> Epoch[57](60/150): Avg. Loss: 0.0071
===> Epoch[57](90/150): Avg. Loss: 0.0061
===> Epoch[57](120/150): Avg. Loss: 0.0064
===> Epoch[57](150/150): Avg. Loss: 0.0072
===> Avg. PSNR: 29.8397 dB
===> Avg. Loss: 0.0225
===> Epoch[58](30/150): Avg. Loss: 0.0064
===> Epoch[58](60/150): Avg. Loss: 0.0065
===> Epoch[58](90/150): Avg. Loss: 0.0065
===> Epoch[58](120/150): Avg. Loss: 0.0063
===> Epoch[58](150/150): Avg. Loss: 0.0053
===> Avg. PSNR: 30.7322 dB
===> Avg. Loss: 0.0192
===> Epoch[59](30/150): Avg. Loss: 0.0058
===> Epoch[59](60/150): Avg. Loss: 0.0054
===> Epoch[59](90/150): Avg. Loss: 0.0066
===> Epoch[59](120/150): Avg. Loss: 0.0059
===> Epoch[59](150/150): Avg. Loss: 0.0068
===> Avg. PSNR: 30.2323 dB
===> Avg. Loss: 0.0216
===> Epoch[60](30/150): Avg. Loss: 0.0054
===> Epoch[60](60/150): Avg. Loss: 0.0066
===> Epoch[60](90/150): Avg. Loss: 0.0066
===> Epoch[60](120/150): Avg. Loss: 0.0058
===> Epoch[60](150/150): Avg. Loss: 0.0072
===> Avg. PSNR: 29.4761 dB
===> Avg. Loss: 0.0240
===> Epoch[61](30/150): Avg. Loss: 0.0068
===> Epoch[61](60/150): Avg. Loss: 0.0070
===> Epoch[61](90/150): Avg. Loss: 0.0082
===> Epoch[61](120/150): Avg. Loss: 0.0053
===> Epoch[61](150/150): Avg. Loss: 0.0064
===> Avg. PSNR: 29.6276 dB
===> Avg. Loss: 0.0225
===> Epoch[62](30/150): Avg. Loss: 0.0062
===> Epoch[62](60/150): Avg. Loss: 0.0060
===> Epoch[62](90/150): Avg. Loss: 0.0063
===> Epoch[62](120/150): Avg. Loss: 0.0068
===> Epoch[62](150/150): Avg. Loss: 0.0056
===> Avg. PSNR: 30.9310 dB
===> Avg. Loss: 0.0207
===> Epoch[63](30/150): Avg. Loss: 0.0065
===> Epoch[63](60/150): Avg. Loss: 0.0050
===> Epoch[63](90/150): Avg. Loss: 0.0053
===> Epoch[63](120/150): Avg. Loss: 0.0059
===> Epoch[63](150/150): Avg. Loss: 0.0059
===> Avg. PSNR: 31.2869 dB
===> Avg. Loss: 0.0189
===> Epoch[64](30/150): Avg. Loss: 0.0061
===> Epoch[64](60/150): Avg. Loss: 0.0058
===> Epoch[64](90/150): Avg. Loss: 0.0063
===> Epoch[64](120/150): Avg. Loss: 0.0059
===> Epoch[64](150/150): Avg. Loss: 0.0059
===> Avg. PSNR: 30.3305 dB
===> Avg. Loss: 0.0203
===> Epoch[65](30/150): Avg. Loss: 0.0052
===> Epoch[65](60/150): Avg. Loss: 0.0062
===> Epoch[65](90/150): Avg. Loss: 0.0056
===> Epoch[65](120/150): Avg. Loss: 0.0054
===> Epoch[65](150/150): Avg. Loss: 0.0053
===> Avg. PSNR: 30.3772 dB
===> Avg. Loss: 0.0199
===> Epoch[66](30/150): Avg. Loss: 0.0062
===> Epoch[66](60/150): Avg. Loss: 0.0065
===> Epoch[66](90/150): Avg. Loss: 0.0062
===> Epoch[66](120/150): Avg. Loss: 0.0053
===> Epoch[66](150/150): Avg. Loss: 0.0064
===> Avg. PSNR: 31.3572 dB
===> Avg. Loss: 0.0214
===> Epoch[67](30/150): Avg. Loss: 0.0060
===> Epoch[67](60/150): Avg. Loss: 0.0069
===> Epoch[67](90/150): Avg. Loss: 0.0064
===> Epoch[67](120/150): Avg. Loss: 0.0050
===> Epoch[67](150/150): Avg. Loss: 0.0056
===> Avg. PSNR: 31.0533 dB
===> Avg. Loss: 0.0188
===> Epoch[68](30/150): Avg. Loss: 0.0059
===> Epoch[68](60/150): Avg. Loss: 0.0051
===> Epoch[68](90/150): Avg. Loss: 0.0065
===> Epoch[68](120/150): Avg. Loss: 0.0059
===> Epoch[68](150/150): Avg. Loss: 0.0067
===> Avg. PSNR: 30.8113 dB
===> Avg. Loss: 0.0195
===> Epoch[69](30/150): Avg. Loss: 0.0062
===> Epoch[69](60/150): Avg. Loss: 0.0059
===> Epoch[69](90/150): Avg. Loss: 0.0050
===> Epoch[69](120/150): Avg. Loss: 0.0052
===> Epoch[69](150/150): Avg. Loss: 0.0053
===> Avg. PSNR: 31.2141 dB
===> Avg. Loss: 0.0178
===> Epoch[70](30/150): Avg. Loss: 0.0058
===> Epoch[70](60/150): Avg. Loss: 0.0055
===> Epoch[70](90/150): Avg. Loss: 0.0046
===> Epoch[70](120/150): Avg. Loss: 0.0056
===> Epoch[70](150/150): Avg. Loss: 0.0053
===> Avg. PSNR: 31.2424 dB
===> Avg. Loss: 0.0179
===> Epoch[71](30/150): Avg. Loss: 0.0049
===> Epoch[71](60/150): Avg. Loss: 0.0059
===> Epoch[71](90/150): Avg. Loss: 0.0053
===> Epoch[71](120/150): Avg. Loss: 0.0047
===> Epoch[71](150/150): Avg. Loss: 0.0053
===> Avg. PSNR: 29.3402 dB
===> Avg. Loss: 0.0261
===> Epoch[72](30/150): Avg. Loss: 0.0053
===> Epoch[72](60/150): Avg. Loss: 0.0061
===> Epoch[72](90/150): Avg. Loss: 0.0046
===> Epoch[72](120/150): Avg. Loss: 0.0059
===> Epoch[72](150/150): Avg. Loss: 0.0059
===> Avg. PSNR: 29.7756 dB
===> Avg. Loss: 0.0242
===> Epoch[73](30/150): Avg. Loss: 0.0055
===> Epoch[73](60/150): Avg. Loss: 0.0046
===> Epoch[73](90/150): Avg. Loss: 0.0058
===> Epoch[73](120/150): Avg. Loss: 0.0058
===> Epoch[73](150/150): Avg. Loss: 0.0053
===> Avg. PSNR: 31.1054 dB
===> Avg. Loss: 0.0185
===> Epoch[74](30/150): Avg. Loss: 0.0061
===> Epoch[74](60/150): Avg. Loss: 0.0058
===> Epoch[74](90/150): Avg. Loss: 0.0060
===> Epoch[74](120/150): Avg. Loss: 0.0056
===> Epoch[74](150/150): Avg. Loss: 0.0055
===> Avg. PSNR: 31.6731 dB
===> Avg. Loss: 0.0170
===> Epoch[75](30/150): Avg. Loss: 0.0054
===> Epoch[75](60/150): Avg. Loss: 0.0074
===> Epoch[75](90/150): Avg. Loss: 0.0068
===> Epoch[75](120/150): Avg. Loss: 0.0052
===> Epoch[75](150/150): Avg. Loss: 0.0050
===> Avg. PSNR: 30.4104 dB
===> Avg. Loss: 0.0209
===> Epoch[76](30/150): Avg. Loss: 0.0055
===> Epoch[76](60/150): Avg. Loss: 0.0054
===> Epoch[76](90/150): Avg. Loss: 0.0050
===> Epoch[76](120/150): Avg. Loss: 0.0054
===> Epoch[76](150/150): Avg. Loss: 0.0049
===> Avg. PSNR: 29.0071 dB
===> Avg. Loss: 0.0261
===> Epoch[77](30/150): Avg. Loss: 0.0063
===> Epoch[77](60/150): Avg. Loss: 0.0052
===> Epoch[77](90/150): Avg. Loss: 0.0047
===> Epoch[77](120/150): Avg. Loss: 0.0056
===> Epoch[77](150/150): Avg. Loss: 0.0049
===> Avg. PSNR: 31.4047 dB
===> Avg. Loss: 0.0165
===> Epoch[78](30/150): Avg. Loss: 0.0052
===> Epoch[78](60/150): Avg. Loss: 0.0048
===> Epoch[78](90/150): Avg. Loss: 0.0056
===> Epoch[78](120/150): Avg. Loss: 0.0055
===> Epoch[78](150/150): Avg. Loss: 0.0058
===> Avg. PSNR: 31.1124 dB
===> Avg. Loss: 0.0189
===> Epoch[79](30/150): Avg. Loss: 0.0047
===> Epoch[79](60/150): Avg. Loss: 0.0044
===> Epoch[79](90/150): Avg. Loss: 0.0047
===> Epoch[79](120/150): Avg. Loss: 0.0055
===> Epoch[79](150/150): Avg. Loss: 0.0056
===> Avg. PSNR: 31.2829 dB
===> Avg. Loss: 0.0170
===> Epoch[80](30/150): Avg. Loss: 0.0052
===> Epoch[80](60/150): Avg. Loss: 0.0054
===> Epoch[80](90/150): Avg. Loss: 0.0050
===> Epoch[80](120/150): Avg. Loss: 0.0049
===> Epoch[80](150/150): Avg. Loss: 0.0051
===> Avg. PSNR: 30.5712 dB
===> Avg. Loss: 0.0201
===> Epoch[81](30/150): Avg. Loss: 0.0052
===> Epoch[81](60/150): Avg. Loss: 0.0046
===> Epoch[81](90/150): Avg. Loss: 0.0045
===> Epoch[81](120/150): Avg. Loss: 0.0067
===> Epoch[81](150/150): Avg. Loss: 0.0050
===> Avg. PSNR: 31.0644 dB
===> Avg. Loss: 0.0178
===> Epoch[82](30/150): Avg. Loss: 0.0055
===> Epoch[82](60/150): Avg. Loss: 0.0050
===> Epoch[82](90/150): Avg. Loss: 0.0043
===> Epoch[82](120/150): Avg. Loss: 0.0046
===> Epoch[82](150/150): Avg. Loss: 0.0050
===> Avg. PSNR: 29.8617 dB
===> Avg. Loss: 0.0222
===> Epoch[83](30/150): Avg. Loss: 0.0058
===> Epoch[83](60/150): Avg. Loss: 0.0054
===> Epoch[83](90/150): Avg. Loss: 0.0046
===> Epoch[83](120/150): Avg. Loss: 0.0045
===> Epoch[83](150/150): Avg. Loss: 0.0046
===> Avg. PSNR: 30.2207 dB
===> Avg. Loss: 0.0206
===> Epoch[84](30/150): Avg. Loss: 0.0050
===> Epoch[84](60/150): Avg. Loss: 0.0050
===> Epoch[84](90/150): Avg. Loss: 0.0051
===> Epoch[84](120/150): Avg. Loss: 0.0054
===> Epoch[84](150/150): Avg. Loss: 0.0046
===> Avg. PSNR: 30.6663 dB
===> Avg. Loss: 0.0183
===> Epoch[85](30/150): Avg. Loss: 0.0050
===> Epoch[85](60/150): Avg. Loss: 0.0048
===> Epoch[85](90/150): Avg. Loss: 0.0051
===> Epoch[85](120/150): Avg. Loss: 0.0047
===> Epoch[85](150/150): Avg. Loss: 0.0048
===> Avg. PSNR: 31.2076 dB
===> Avg. Loss: 0.0179
===> Epoch[86](30/150): Avg. Loss: 0.0054
===> Epoch[86](60/150): Avg. Loss: 0.0055
===> Epoch[86](90/150): Avg. Loss: 0.0045
===> Epoch[86](120/150): Avg. Loss: 0.0056
===> Epoch[86](150/150): Avg. Loss: 0.0054
===> Avg. PSNR: 31.4486 dB
===> Avg. Loss: 0.0172
===> Epoch[87](30/150): Avg. Loss: 0.0049
===> Epoch[87](60/150): Avg. Loss: 0.0049
===> Epoch[87](90/150): Avg. Loss: 0.0042
===> Epoch[87](120/150): Avg. Loss: 0.0054
===> Epoch[87](150/150): Avg. Loss: 0.0052
===> Avg. PSNR: 30.3679 dB
===> Avg. Loss: 0.0209
===> Epoch[88](30/150): Avg. Loss: 0.0051
===> Epoch[88](60/150): Avg. Loss: 0.0048
===> Epoch[88](90/150): Avg. Loss: 0.0043
===> Epoch[88](120/150): Avg. Loss: 0.0050
===> Epoch[88](150/150): Avg. Loss: 0.0047
===> Avg. PSNR: 31.4912 dB
===> Avg. Loss: 0.0161
===> Epoch[89](30/150): Avg. Loss: 0.0046
===> Epoch[89](60/150): Avg. Loss: 0.0054
===> Epoch[89](90/150): Avg. Loss: 0.0054
===> Epoch[89](120/150): Avg. Loss: 0.0042
===> Epoch[89](150/150): Avg. Loss: 0.0055
===> Avg. PSNR: 31.9264 dB
===> Avg. Loss: 0.0168
===> Epoch[90](30/150): Avg. Loss: 0.0054
===> Epoch[90](60/150): Avg. Loss: 0.0047
===> Epoch[90](90/150): Avg. Loss: 0.0043
===> Epoch[90](120/150): Avg. Loss: 0.0045
===> Epoch[90](150/150): Avg. Loss: 0.0057
===> Avg. PSNR: 31.3700 dB
===> Avg. Loss: 0.0189
===> Epoch[91](30/150): Avg. Loss: 0.0059
===> Epoch[91](60/150): Avg. Loss: 0.0052
===> Epoch[91](90/150): Avg. Loss: 0.0056
===> Epoch[91](120/150): Avg. Loss: 0.0046
===> Epoch[91](150/150): Avg. Loss: 0.0040
===> Avg. PSNR: 30.7397 dB
===> Avg. Loss: 0.0197
===> Epoch[92](30/150): Avg. Loss: 0.0056
===> Epoch[92](60/150): Avg. Loss: 0.0049
===> Epoch[92](90/150): Avg. Loss: 0.0050
===> Epoch[92](120/150): Avg. Loss: 0.0045
===> Epoch[92](150/150): Avg. Loss: 0.0034
===> Avg. PSNR: 31.3104 dB
===> Avg. Loss: 0.0170
===> Epoch[93](30/150): Avg. Loss: 0.0052
===> Epoch[93](60/150): Avg. Loss: 0.0045
===> Epoch[93](90/150): Avg. Loss: 0.0048
===> Epoch[93](120/150): Avg. Loss: 0.0045
===> Epoch[93](150/150): Avg. Loss: 0.0041
===> Avg. PSNR: 32.0916 dB
===> Avg. Loss: 0.0152
===> Epoch[94](30/150): Avg. Loss: 0.0050
===> Epoch[94](60/150): Avg. Loss: 0.0044
===> Epoch[94](90/150): Avg. Loss: 0.0050
===> Epoch[94](120/150): Avg. Loss: 0.0048
===> Epoch[94](150/150): Avg. Loss: 0.0053
===> Avg. PSNR: 31.5748 dB
===> Avg. Loss: 0.0163
===> Epoch[95](30/150): Avg. Loss: 0.0052
===> Epoch[95](60/150): Avg. Loss: 0.0051
===> Epoch[95](90/150): Avg. Loss: 0.0057
===> Epoch[95](120/150): Avg. Loss: 0.0054
===> Epoch[95](150/150): Avg. Loss: 0.0050
===> Avg. PSNR: 31.0583 dB
===> Avg. Loss: 0.0175
===> Epoch[96](30/150): Avg. Loss: 0.0042
===> Epoch[96](60/150): Avg. Loss: 0.0043
===> Epoch[96](90/150): Avg. Loss: 0.0043
===> Epoch[96](120/150): Avg. Loss: 0.0049
===> Epoch[96](150/150): Avg. Loss: 0.0045
===> Avg. PSNR: 31.5920 dB
===> Avg. Loss: 0.0168
===> Epoch[97](30/150): Avg. Loss: 0.0048
===> Epoch[97](60/150): Avg. Loss: 0.0046
===> Epoch[97](90/150): Avg. Loss: 0.0049
===> Epoch[97](120/150): Avg. Loss: 0.0046
===> Epoch[97](150/150): Avg. Loss: 0.0053
===> Avg. PSNR: 31.4609 dB
===> Avg. Loss: 0.0166
===> Epoch[98](30/150): Avg. Loss: 0.0051
===> Epoch[98](60/150): Avg. Loss: 0.0045
===> Epoch[98](90/150): Avg. Loss: 0.0037
===> Epoch[98](120/150): Avg. Loss: 0.0044
===> Epoch[98](150/150): Avg. Loss: 0.0043
===> Avg. PSNR: 30.4758 dB
===> Avg. Loss: 0.0200
===> Epoch[99](30/150): Avg. Loss: 0.0050
===> Epoch[99](60/150): Avg. Loss: 0.0061
===> Epoch[99](90/150): Avg. Loss: 0.0048
===> Epoch[99](120/150): Avg. Loss: 0.0050
===> Epoch[99](150/150): Avg. Loss: 0.0047
===> Avg. PSNR: 31.6380 dB
===> Avg. Loss: 0.0163
===> Epoch[100](30/150): Avg. Loss: 0.0041
===> Epoch[100](60/150): Avg. Loss: 0.0045
===> Epoch[100](90/150): Avg. Loss: 0.0043
===> Epoch[100](120/150): Avg. Loss: 0.0043
===> Epoch[100](150/150): Avg. Loss: 0.0038
===> Avg. PSNR: 30.5986 dB
===> Avg. Loss: 0.0196
===> Epoch[101](30/150): Avg. Loss: 0.0052
===> Epoch[101](60/150): Avg. Loss: 0.0048
===> Epoch[101](90/150): Avg. Loss: 0.0048
===> Epoch[101](120/150): Avg. Loss: 0.0043
===> Epoch[101](150/150): Avg. Loss: 0.0061
===> Avg. PSNR: 31.0386 dB
===> Avg. Loss: 0.0178
===> Epoch[102](30/150): Avg. Loss: 0.0044
===> Epoch[102](60/150): Avg. Loss: 0.0041
===> Epoch[102](90/150): Avg. Loss: 0.0047
===> Epoch[102](120/150): Avg. Loss: 0.0038
===> Epoch[102](150/150): Avg. Loss: 0.0042
===> Avg. PSNR: 30.9576 dB
===> Avg. Loss: 0.0184
===> Epoch[103](30/150): Avg. Loss: 0.0044
===> Epoch[103](60/150): Avg. Loss: 0.0045
===> Epoch[103](90/150): Avg. Loss: 0.0046
===> Epoch[103](120/150): Avg. Loss: 0.0048
===> Epoch[103](150/150): Avg. Loss: 0.0044
===> Avg. PSNR: 32.0047 dB
===> Avg. Loss: 0.0166
===> Epoch[104](30/150): Avg. Loss: 0.0048
===> Epoch[104](60/150): Avg. Loss: 0.0039
===> Epoch[104](90/150): Avg. Loss: 0.0045
===> Epoch[104](120/150): Avg. Loss: 0.0044
===> Epoch[104](150/150): Avg. Loss: 0.0038
===> Avg. PSNR: 31.8029 dB
===> Avg. Loss: 0.0158
===> Epoch[105](30/150): Avg. Loss: 0.0054
===> Epoch[105](60/150): Avg. Loss: 0.0040
===> Epoch[105](90/150): Avg. Loss: 0.0037
===> Epoch[105](120/150): Avg. Loss: 0.0044
===> Epoch[105](150/150): Avg. Loss: 0.0045
===> Avg. PSNR: 31.3816 dB
===> Avg. Loss: 0.0167
===> Epoch[106](30/150): Avg. Loss: 0.0037
===> Epoch[106](60/150): Avg. Loss: 0.0048
===> Epoch[106](90/150): Avg. Loss: 0.0048
===> Epoch[106](120/150): Avg. Loss: 0.0043
===> Epoch[106](150/150): Avg. Loss: 0.0045
===> Avg. PSNR: 31.7650 dB
===> Avg. Loss: 0.0176
===> Epoch[107](30/150): Avg. Loss: 0.0048
===> Epoch[107](60/150): Avg. Loss: 0.0047
===> Epoch[107](90/150): Avg. Loss: 0.0049
===> Epoch[107](120/150): Avg. Loss: 0.0043
===> Epoch[107](150/150): Avg. Loss: 0.0052
===> Avg. PSNR: 31.4120 dB
===> Avg. Loss: 0.0170
===> Epoch[108](30/150): Avg. Loss: 0.0047
===> Epoch[108](60/150): Avg. Loss: 0.0042
===> Epoch[108](90/150): Avg. Loss: 0.0051
===> Epoch[108](120/150): Avg. Loss: 0.0038
===> Epoch[108](150/150): Avg. Loss: 0.0040
===> Avg. PSNR: 31.9195 dB
===> Avg. Loss: 0.0155
===> Epoch[109](30/150): Avg. Loss: 0.0045
===> Epoch[109](60/150): Avg. Loss: 0.0043
===> Epoch[109](90/150): Avg. Loss: 0.0041
===> Epoch[109](120/150): Avg. Loss: 0.0042
===> Epoch[109](150/150): Avg. Loss: 0.0040
===> Avg. PSNR: 31.7450 dB
===> Avg. Loss: 0.0162
===> Epoch[110](30/150): Avg. Loss: 0.0042
===> Epoch[110](60/150): Avg. Loss: 0.0050
===> Epoch[110](90/150): Avg. Loss: 0.0040
===> Epoch[110](120/150): Avg. Loss: 0.0036
===> Epoch[110](150/150): Avg. Loss: 0.0046
===> Avg. PSNR: 31.9127 dB
===> Avg. Loss: 0.0176
===> Epoch[111](30/150): Avg. Loss: 0.0044
===> Epoch[111](60/150): Avg. Loss: 0.0040
===> Epoch[111](90/150): Avg. Loss: 0.0046
===> Epoch[111](120/150): Avg. Loss: 0.0047
===> Epoch[111](150/150): Avg. Loss: 0.0037
===> Avg. PSNR: 32.3621 dB
===> Avg. Loss: 0.0145
===> Epoch[112](30/150): Avg. Loss: 0.0042
===> Epoch[112](60/150): Avg. Loss: 0.0050
===> Epoch[112](90/150): Avg. Loss: 0.0053
===> Epoch[112](120/150): Avg. Loss: 0.0042
===> Epoch[112](150/150): Avg. Loss: 0.0036
===> Avg. PSNR: 32.2434 dB
===> Avg. Loss: 0.0148
===> Epoch[113](30/150): Avg. Loss: 0.0042
===> Epoch[113](60/150): Avg. Loss: 0.0043
===> Epoch[113](90/150): Avg. Loss: 0.0041
===> Epoch[113](120/150): Avg. Loss: 0.0042
===> Epoch[113](150/150): Avg. Loss: 0.0043
===> Avg. PSNR: 31.2366 dB
===> Avg. Loss: 0.0179
===> Epoch[114](30/150): Avg. Loss: 0.0042
===> Epoch[114](60/150): Avg. Loss: 0.0038
===> Epoch[114](90/150): Avg. Loss: 0.0038
===> Epoch[114](120/150): Avg. Loss: 0.0045
===> Epoch[114](150/150): Avg. Loss: 0.0040
===> Avg. PSNR: 31.9280 dB
===> Avg. Loss: 0.0153
===> Epoch[115](30/150): Avg. Loss: 0.0039
===> Epoch[115](60/150): Avg. Loss: 0.0043
===> Epoch[115](90/150): Avg. Loss: 0.0039
===> Epoch[115](120/150): Avg. Loss: 0.0047
===> Epoch[115](150/150): Avg. Loss: 0.0050
===> Avg. PSNR: 30.4203 dB
===> Avg. Loss: 0.0202
===> Epoch[116](30/150): Avg. Loss: 0.0041
===> Epoch[116](60/150): Avg. Loss: 0.0042
===> Epoch[116](90/150): Avg. Loss: 0.0040
===> Epoch[116](120/150): Avg. Loss: 0.0046
===> Epoch[116](150/150): Avg. Loss: 0.0045
===> Avg. PSNR: 31.7140 dB
===> Avg. Loss: 0.0156
===> Epoch[117](30/150): Avg. Loss: 0.0040
===> Epoch[117](60/150): Avg. Loss: 0.0046
===> Epoch[117](90/150): Avg. Loss: 0.0047
===> Epoch[117](120/150): Avg. Loss: 0.0039
===> Epoch[117](150/150): Avg. Loss: 0.0046
===> Avg. PSNR: 31.7540 dB
===> Avg. Loss: 0.0180
===> Epoch[118](30/150): Avg. Loss: 0.0043
===> Epoch[118](60/150): Avg. Loss: 0.0041
===> Epoch[118](90/150): Avg. Loss: 0.0037
===> Epoch[118](120/150): Avg. Loss: 0.0043
===> Epoch[118](150/150): Avg. Loss: 0.0042
===> Avg. PSNR: 31.5123 dB
===> Avg. Loss: 0.0166
===> Epoch[119](30/150): Avg. Loss: 0.0041
===> Epoch[119](60/150): Avg. Loss: 0.0042
===> Epoch[119](90/150): Avg. Loss: 0.0036
===> Epoch[119](120/150): Avg. Loss: 0.0041
===> Epoch[119](150/150): Avg. Loss: 0.0049
===> Avg. PSNR: 32.3048 dB
===> Avg. Loss: 0.0141
===> Epoch[120](30/150): Avg. Loss: 0.0037
===> Epoch[120](60/150): Avg. Loss: 0.0034
===> Epoch[120](90/150): Avg. Loss: 0.0036
===> Epoch[120](120/150): Avg. Loss: 0.0048
===> Epoch[120](150/150): Avg. Loss: 0.0041
===> Avg. PSNR: 31.6161 dB
===> Avg. Loss: 0.0162
