training log record, random seed=777
dataset configuration: epoch size = 150, batch size = 16, patch size = 128
===> Epoch[0](30/150): Avg. Loss: 0.0312
===> Epoch[0](60/150): Avg. Loss: 0.0326
===> Epoch[0](90/150): Avg. Loss: 0.0296
===> Epoch[0](120/150): Avg. Loss: 0.0304
===> Epoch[0](150/150): Avg. Loss: 0.0311
===> Avg. PSNR: 28.6030 dB
===> Avg. Loss: 0.0181
===> Epoch[1](30/150): Avg. Loss: 0.0360
===> Epoch[1](60/150): Avg. Loss: 0.0291
===> Epoch[1](90/150): Avg. Loss: 0.0320
===> Epoch[1](120/150): Avg. Loss: 0.0326
===> Epoch[1](150/150): Avg. Loss: 0.0314
===> Avg. PSNR: 28.6035 dB
===> Avg. Loss: 0.0181
===> Epoch[2](30/150): Avg. Loss: 0.0288
===> Epoch[2](60/150): Avg. Loss: 0.0340
===> Epoch[2](90/150): Avg. Loss: 0.0345
===> Epoch[2](120/150): Avg. Loss: 0.0344
===> Epoch[2](150/150): Avg. Loss: 0.0321
===> Avg. PSNR: 28.6035 dB
===> Avg. Loss: 0.0181
===> Epoch[3](30/150): Avg. Loss: 0.0312
===> Epoch[3](60/150): Avg. Loss: 0.0310
===> Epoch[3](90/150): Avg. Loss: 0.0332
===> Epoch[3](120/150): Avg. Loss: 0.0348
===> Epoch[3](150/150): Avg. Loss: 0.0324
===> Avg. PSNR: 28.6035 dB
===> Avg. Loss: 0.0181
===> Epoch[4](30/150): Avg. Loss: 0.0323
===> Epoch[4](60/150): Avg. Loss: 0.0315
===> Epoch[4](90/150): Avg. Loss: 0.0310
===> Epoch[4](120/150): Avg. Loss: 0.0324
===> Epoch[4](150/150): Avg. Loss: 0.0285
===> Avg. PSNR: 28.6035 dB
===> Avg. Loss: 0.0181
===> Epoch[5](30/150): Avg. Loss: 0.0363
===> Epoch[5](60/150): Avg. Loss: 0.0307
===> Epoch[5](90/150): Avg. Loss: 0.0278
===> Epoch[5](120/150): Avg. Loss: 0.0311
===> Epoch[5](150/150): Avg. Loss: 0.0320
===> Avg. PSNR: 28.6035 dB
===> Avg. Loss: 0.0181
===> Epoch[6](30/150): Avg. Loss: 0.0323
===> Epoch[6](60/150): Avg. Loss: 0.0273
===> Epoch[6](90/150): Avg. Loss: 0.0367
===> Epoch[6](120/150): Avg. Loss: 0.0331
===> Epoch[6](150/150): Avg. Loss: 0.0339
===> Avg. PSNR: 28.6035 dB
===> Avg. Loss: 0.0181
===> Epoch[7](30/150): Avg. Loss: 0.0312
===> Epoch[7](60/150): Avg. Loss: 0.0351
===> Epoch[7](90/150): Avg. Loss: 0.0350
===> Epoch[7](120/150): Avg. Loss: 0.0325
===> Epoch[7](150/150): Avg. Loss: 0.0339
===> Avg. PSNR: 28.6035 dB
===> Avg. Loss: 0.0181
===> Epoch[8](30/150): Avg. Loss: 0.0276
===> Epoch[8](60/150): Avg. Loss: 0.0313
===> Epoch[8](90/150): Avg. Loss: 0.0300
===> Epoch[8](120/150): Avg. Loss: 0.0389
===> Epoch[8](150/150): Avg. Loss: 0.0308
===> Avg. PSNR: 28.6035 dB
===> Avg. Loss: 0.0181
===> Epoch[9](30/150): Avg. Loss: 0.0357
===> Epoch[9](60/150): Avg. Loss: 0.0336
===> Epoch[9](90/150): Avg. Loss: 0.0305
===> Epoch[9](120/150): Avg. Loss: 0.0336
===> Epoch[9](150/150): Avg. Loss: 0.0314
===> Avg. PSNR: 28.6035 dB
===> Avg. Loss: 0.0181
===> Epoch[10](30/150): Avg. Loss: 0.0366
===> Epoch[10](60/150): Avg. Loss: 0.0343
===> Epoch[10](90/150): Avg. Loss: 0.0287
===> Epoch[10](120/150): Avg. Loss: 0.0286
===> Epoch[10](150/150): Avg. Loss: 0.0308
===> Avg. PSNR: 28.6035 dB
===> Avg. Loss: 0.0181
===> Epoch[11](30/150): Avg. Loss: 0.0299
===> Epoch[11](60/150): Avg. Loss: 0.0326
===> Epoch[11](90/150): Avg. Loss: 0.0338
===> Epoch[11](120/150): Avg. Loss: 0.0358
===> Epoch[11](150/150): Avg. Loss: 0.0392
===> Avg. PSNR: 28.6035 dB
===> Avg. Loss: 0.0181
===> Epoch[12](30/150): Avg. Loss: 0.0337
===> Epoch[12](60/150): Avg. Loss: 0.0279
===> Epoch[12](90/150): Avg. Loss: 0.0336
===> Epoch[12](120/150): Avg. Loss: 0.0317
===> Epoch[12](150/150): Avg. Loss: 0.0334
===> Avg. PSNR: 28.6035 dB
===> Avg. Loss: 0.0181
===> Epoch[13](30/150): Avg. Loss: 0.0237
===> Epoch[13](60/150): Avg. Loss: 0.0319
===> Epoch[13](90/150): Avg. Loss: 0.0336
===> Epoch[13](120/150): Avg. Loss: 0.0299
===> Epoch[13](150/150): Avg. Loss: 0.0306
===> Avg. PSNR: 28.6035 dB
===> Avg. Loss: 0.0181
===> Epoch[14](30/150): Avg. Loss: 0.0315
===> Epoch[14](60/150): Avg. Loss: 0.0368
===> Epoch[14](90/150): Avg. Loss: 0.0285
===> Epoch[14](120/150): Avg. Loss: 0.0312
===> Epoch[14](150/150): Avg. Loss: 0.0375
===> Avg. PSNR: 28.6035 dB
===> Avg. Loss: 0.0181
===> Epoch[15](30/150): Avg. Loss: 0.0326
===> Epoch[15](60/150): Avg. Loss: 0.0283
===> Epoch[15](90/150): Avg. Loss: 0.0320
===> Epoch[15](120/150): Avg. Loss: 0.0297
===> Epoch[15](150/150): Avg. Loss: 0.0347
===> Avg. PSNR: 28.6035 dB
===> Avg. Loss: 0.0181
===> Epoch[16](30/150): Avg. Loss: 0.0314
===> Epoch[16](60/150): Avg. Loss: 0.0278
===> Epoch[16](90/150): Avg. Loss: 0.0322
===> Epoch[16](120/150): Avg. Loss: 0.0309
===> Epoch[16](150/150): Avg. Loss: 0.0298
===> Avg. PSNR: 28.6241 dB
===> Avg. Loss: 0.0179
===> Epoch[17](30/150): Avg. Loss: 0.0389
===> Epoch[17](60/150): Avg. Loss: 0.0335
===> Epoch[17](90/150): Avg. Loss: 0.0324
===> Epoch[17](120/150): Avg. Loss: 0.0321
===> Epoch[17](150/150): Avg. Loss: 0.0297
===> Avg. PSNR: 28.3571 dB
===> Avg. Loss: 0.0179
===> Epoch[18](30/150): Avg. Loss: 0.0330
===> Epoch[18](60/150): Avg. Loss: 0.0279
===> Epoch[18](90/150): Avg. Loss: 0.0330
===> Epoch[18](120/150): Avg. Loss: 0.0320
===> Epoch[18](150/150): Avg. Loss: 0.0324
===> Avg. PSNR: 28.3449 dB
===> Avg. Loss: 0.0179
===> Epoch[19](30/150): Avg. Loss: 0.0349
===> Epoch[19](60/150): Avg. Loss: 0.0325
===> Epoch[19](90/150): Avg. Loss: 0.0358
===> Epoch[19](120/150): Avg. Loss: 0.0263
===> Epoch[19](150/150): Avg. Loss: 0.0282
===> Avg. PSNR: 28.3001 dB
===> Avg. Loss: 0.0180
===> Epoch[20](30/150): Avg. Loss: 0.0289
===> Epoch[20](60/150): Avg. Loss: 0.0299
===> Epoch[20](90/150): Avg. Loss: 0.0344
===> Epoch[20](120/150): Avg. Loss: 0.0272
===> Epoch[20](150/150): Avg. Loss: 0.0318
===> Avg. PSNR: 28.2993 dB
===> Avg. Loss: 0.0180
===> Epoch[21](30/150): Avg. Loss: 0.0345
===> Epoch[21](60/150): Avg. Loss: 0.0318
===> Epoch[21](90/150): Avg. Loss: 0.0352
===> Epoch[21](120/150): Avg. Loss: 0.0258
===> Epoch[21](150/150): Avg. Loss: 0.0312
===> Avg. PSNR: 28.2911 dB
===> Avg. Loss: 0.0180
===> Epoch[22](30/150): Avg. Loss: 0.0296
===> Epoch[22](60/150): Avg. Loss: 0.0351
===> Epoch[22](90/150): Avg. Loss: 0.0313
===> Epoch[22](120/150): Avg. Loss: 0.0363
===> Epoch[22](150/150): Avg. Loss: 0.0277
===> Avg. PSNR: 28.3737 dB
===> Avg. Loss: 0.0178
===> Epoch[23](30/150): Avg. Loss: 0.0269
===> Epoch[23](60/150): Avg. Loss: 0.0327
===> Epoch[23](90/150): Avg. Loss: 0.0311
===> Epoch[23](120/150): Avg. Loss: 0.0319
===> Epoch[23](150/150): Avg. Loss: 0.0318
===> Avg. PSNR: 28.3151 dB
===> Avg. Loss: 0.0179
===> Epoch[24](30/150): Avg. Loss: 0.0307
===> Epoch[24](60/150): Avg. Loss: 0.0306
===> Epoch[24](90/150): Avg. Loss: 0.0347
===> Epoch[24](120/150): Avg. Loss: 0.0315
===> Epoch[24](150/150): Avg. Loss: 0.0317
===> Avg. PSNR: 28.3109 dB
===> Avg. Loss: 0.0179
===> Epoch[25](30/150): Avg. Loss: 0.0318
===> Epoch[25](60/150): Avg. Loss: 0.0332
===> Epoch[25](90/150): Avg. Loss: 0.0320
===> Epoch[25](120/150): Avg. Loss: 0.0327
===> Epoch[25](150/150): Avg. Loss: 0.0315
===> Avg. PSNR: 28.3877 dB
===> Avg. Loss: 0.0178
===> Epoch[26](30/150): Avg. Loss: 0.0309
===> Epoch[26](60/150): Avg. Loss: 0.0316
===> Epoch[26](90/150): Avg. Loss: 0.0337
===> Epoch[26](120/150): Avg. Loss: 0.0300
===> Epoch[26](150/150): Avg. Loss: 0.0318
===> Avg. PSNR: 28.3415 dB
===> Avg. Loss: 0.0179
===> Epoch[27](30/150): Avg. Loss: 0.0296
===> Epoch[27](60/150): Avg. Loss: 0.0317
===> Epoch[27](90/150): Avg. Loss: 0.0317
===> Epoch[27](120/150): Avg. Loss: 0.0298
===> Epoch[27](150/150): Avg. Loss: 0.0282
===> Avg. PSNR: 28.3111 dB
===> Avg. Loss: 0.0179
===> Epoch[28](30/150): Avg. Loss: 0.0284
===> Epoch[28](60/150): Avg. Loss: 0.0307
===> Epoch[28](90/150): Avg. Loss: 0.0289
===> Epoch[28](120/150): Avg. Loss: 0.0294
===> Epoch[28](150/150): Avg. Loss: 0.0281
===> Avg. PSNR: 28.0699 dB
===> Avg. Loss: 0.0182
===> Epoch[29](30/150): Avg. Loss: 0.0279
===> Epoch[29](60/150): Avg. Loss: 0.0288
===> Epoch[29](90/150): Avg. Loss: 0.0325
===> Epoch[29](120/150): Avg. Loss: 0.0294
===> Epoch[29](150/150): Avg. Loss: 0.0303
===> Avg. PSNR: 28.2707 dB
===> Avg. Loss: 0.0180
===> Epoch[30](30/150): Avg. Loss: 0.0335
===> Epoch[30](60/150): Avg. Loss: 0.0311
===> Epoch[30](90/150): Avg. Loss: 0.0287
===> Epoch[30](120/150): Avg. Loss: 0.0294
===> Epoch[30](150/150): Avg. Loss: 0.0330
===> Avg. PSNR: 28.2244 dB
===> Avg. Loss: 0.0181
===> Epoch[31](30/150): Avg. Loss: 0.0296
===> Epoch[31](60/150): Avg. Loss: 0.0315
===> Epoch[31](90/150): Avg. Loss: 0.0317
===> Epoch[31](120/150): Avg. Loss: 0.0301
===> Epoch[31](150/150): Avg. Loss: 0.0376
===> Avg. PSNR: 28.3224 dB
===> Avg. Loss: 0.0179
===> Epoch[32](30/150): Avg. Loss: 0.0333
===> Epoch[32](60/150): Avg. Loss: 0.0290
===> Epoch[32](90/150): Avg. Loss: 0.0346
===> Epoch[32](120/150): Avg. Loss: 0.0308
===> Epoch[32](150/150): Avg. Loss: 0.0305
===> Avg. PSNR: 28.2988 dB
===> Avg. Loss: 0.0179
===> Epoch[33](30/150): Avg. Loss: 0.0298
===> Epoch[33](60/150): Avg. Loss: 0.0377
===> Epoch[33](90/150): Avg. Loss: 0.0275
===> Epoch[33](120/150): Avg. Loss: 0.0372
===> Epoch[33](150/150): Avg. Loss: 0.0291
===> Avg. PSNR: 28.2119 dB
===> Avg. Loss: 0.0181
===> Epoch[34](30/150): Avg. Loss: 0.0293
===> Epoch[34](60/150): Avg. Loss: 0.0309
===> Epoch[34](90/150): Avg. Loss: 0.0342
===> Epoch[34](120/150): Avg. Loss: 0.0365
===> Epoch[34](150/150): Avg. Loss: 0.0330
===> Avg. PSNR: 28.1868 dB
===> Avg. Loss: 0.0182
===> Epoch[35](30/150): Avg. Loss: 0.0323
===> Epoch[35](60/150): Avg. Loss: 0.0289
===> Epoch[35](90/150): Avg. Loss: 0.0318
===> Epoch[35](120/150): Avg. Loss: 0.0293
===> Epoch[35](150/150): Avg. Loss: 0.0301
===> Avg. PSNR: 28.4229 dB
===> Avg. Loss: 0.0180
===> Epoch[36](30/150): Avg. Loss: 0.0269
===> Epoch[36](60/150): Avg. Loss: 0.0308
===> Epoch[36](90/150): Avg. Loss: 0.0305
===> Epoch[36](120/150): Avg. Loss: 0.0326
===> Epoch[36](150/150): Avg. Loss: 0.0295
===> Avg. PSNR: 28.6107 dB
===> Avg. Loss: 0.0178
===> Epoch[37](30/150): Avg. Loss: 0.0293
===> Epoch[37](60/150): Avg. Loss: 0.0336
===> Epoch[37](90/150): Avg. Loss: 0.0295
===> Epoch[37](120/150): Avg. Loss: 0.0302
===> Epoch[37](150/150): Avg. Loss: 0.0305
===> Avg. PSNR: 28.6409 dB
===> Avg. Loss: 0.0176
===> Epoch[38](30/150): Avg. Loss: 0.0288
===> Epoch[38](60/150): Avg. Loss: 0.0264
===> Epoch[38](90/150): Avg. Loss: 0.0342
===> Epoch[38](120/150): Avg. Loss: 0.0294
===> Epoch[38](150/150): Avg. Loss: 0.0267
===> Avg. PSNR: 28.3542 dB
===> Avg. Loss: 0.0190
===> Epoch[39](30/150): Avg. Loss: 0.0341
===> Epoch[39](60/150): Avg. Loss: 0.0368
===> Epoch[39](90/150): Avg. Loss: 0.0286
===> Epoch[39](120/150): Avg. Loss: 0.0320
===> Epoch[39](150/150): Avg. Loss: 0.0290
===> Avg. PSNR: 28.6414 dB
===> Avg. Loss: 0.0179
===> Epoch[40](30/150): Avg. Loss: 0.0295
===> Epoch[40](60/150): Avg. Loss: 0.0304
===> Epoch[40](90/150): Avg. Loss: 0.0302
===> Epoch[40](120/150): Avg. Loss: 0.0334
===> Epoch[40](150/150): Avg. Loss: 0.0300
===> Avg. PSNR: 28.6905 dB
===> Avg. Loss: 0.0179
===> Epoch[41](30/150): Avg. Loss: 0.0286
===> Epoch[41](60/150): Avg. Loss: 0.0330
===> Epoch[41](90/150): Avg. Loss: 0.0272
===> Epoch[41](120/150): Avg. Loss: 0.0302
===> Epoch[41](150/150): Avg. Loss: 0.0281
===> Avg. PSNR: 28.6905 dB
===> Avg. Loss: 0.0180
===> Epoch[42](30/150): Avg. Loss: 0.0275
===> Epoch[42](60/150): Avg. Loss: 0.0328
===> Epoch[42](90/150): Avg. Loss: 0.0316
===> Epoch[42](120/150): Avg. Loss: 0.0306
===> Epoch[42](150/150): Avg. Loss: 0.0282
===> Avg. PSNR: 28.7102 dB
===> Avg. Loss: 0.0178
===> Epoch[43](30/150): Avg. Loss: 0.0302
===> Epoch[43](60/150): Avg. Loss: 0.0285
===> Epoch[43](90/150): Avg. Loss: 0.0327
===> Epoch[43](120/150): Avg. Loss: 0.0311
===> Epoch[43](150/150): Avg. Loss: 0.0317
===> Avg. PSNR: 28.7107 dB
===> Avg. Loss: 0.0183
===> Epoch[44](30/150): Avg. Loss: 0.0309
===> Epoch[44](60/150): Avg. Loss: 0.0327
===> Epoch[44](90/150): Avg. Loss: 0.0332
===> Epoch[44](120/150): Avg. Loss: 0.0296
===> Epoch[44](150/150): Avg. Loss: 0.0272
===> Avg. PSNR: 28.7347 dB
===> Avg. Loss: 0.0181
===> Epoch[45](30/150): Avg. Loss: 0.0301
===> Epoch[45](60/150): Avg. Loss: 0.0301
===> Epoch[45](90/150): Avg. Loss: 0.0280
===> Epoch[45](120/150): Avg. Loss: 0.0270
===> Epoch[45](150/150): Avg. Loss: 0.0301
===> Avg. PSNR: 28.7404 dB
===> Avg. Loss: 0.0181
===> Epoch[46](30/150): Avg. Loss: 0.0327
===> Epoch[46](60/150): Avg. Loss: 0.0306
===> Epoch[46](90/150): Avg. Loss: 0.0300
===> Epoch[46](120/150): Avg. Loss: 0.0290
===> Epoch[46](150/150): Avg. Loss: 0.0266
===> Avg. PSNR: 28.5237 dB
===> Avg. Loss: 0.0191
===> Epoch[47](30/150): Avg. Loss: 0.0230
===> Epoch[47](60/150): Avg. Loss: 0.0303
===> Epoch[47](90/150): Avg. Loss: 0.0310
===> Epoch[47](120/150): Avg. Loss: 0.0285
===> Epoch[47](150/150): Avg. Loss: 0.0265
===> Avg. PSNR: 28.6914 dB
===> Avg. Loss: 0.0182
===> Epoch[48](30/150): Avg. Loss: 0.0307
===> Epoch[48](60/150): Avg. Loss: 0.0276
===> Epoch[48](90/150): Avg. Loss: 0.0332
===> Epoch[48](120/150): Avg. Loss: 0.0324
===> Epoch[48](150/150): Avg. Loss: 0.0270
===> Avg. PSNR: 28.5337 dB
===> Avg. Loss: 0.0187
===> Epoch[49](30/150): Avg. Loss: 0.0276
===> Epoch[49](60/150): Avg. Loss: 0.0279
===> Epoch[49](90/150): Avg. Loss: 0.0278
===> Epoch[49](120/150): Avg. Loss: 0.0290
===> Epoch[49](150/150): Avg. Loss: 0.0298
===> Avg. PSNR: 27.7910 dB
===> Avg. Loss: 0.0211
===> Epoch[50](30/150): Avg. Loss: 0.0256
===> Epoch[50](60/150): Avg. Loss: 0.0279
===> Epoch[50](90/150): Avg. Loss: 0.0290
===> Epoch[50](120/150): Avg. Loss: 0.0259
===> Epoch[50](150/150): Avg. Loss: 0.0299
===> Avg. PSNR: 28.0910 dB
===> Avg. Loss: 0.0201
===> Epoch[51](30/150): Avg. Loss: 0.0288
===> Epoch[51](60/150): Avg. Loss: 0.0271
===> Epoch[51](90/150): Avg. Loss: 0.0326
===> Epoch[51](120/150): Avg. Loss: 0.0293
===> Epoch[51](150/150): Avg. Loss: 0.0282
===> Avg. PSNR: 27.9272 dB
===> Avg. Loss: 0.0203
===> Epoch[52](30/150): Avg. Loss: 0.0250
===> Epoch[52](60/150): Avg. Loss: 0.0298
===> Epoch[52](90/150): Avg. Loss: 0.0312
===> Epoch[52](120/150): Avg. Loss: 0.0263
===> Epoch[52](150/150): Avg. Loss: 0.0301
===> Avg. PSNR: 27.9359 dB
===> Avg. Loss: 0.0207
===> Epoch[53](30/150): Avg. Loss: 0.0316
===> Epoch[53](60/150): Avg. Loss: 0.0287
===> Epoch[53](90/150): Avg. Loss: 0.0285
===> Epoch[53](120/150): Avg. Loss: 0.0273
===> Epoch[53](150/150): Avg. Loss: 0.0336
===> Avg. PSNR: 27.6166 dB
===> Avg. Loss: 0.0216
===> Epoch[54](30/150): Avg. Loss: 0.0288
===> Epoch[54](60/150): Avg. Loss: 0.0287
===> Epoch[54](90/150): Avg. Loss: 0.0280
===> Epoch[54](120/150): Avg. Loss: 0.0278
===> Epoch[54](150/150): Avg. Loss: 0.0308
===> Avg. PSNR: 28.5171 dB
===> Avg. Loss: 0.0185
===> Epoch[55](30/150): Avg. Loss: 0.0317
===> Epoch[55](60/150): Avg. Loss: 0.0292
===> Epoch[55](90/150): Avg. Loss: 0.0257
===> Epoch[55](120/150): Avg. Loss: 0.0306
===> Epoch[55](150/150): Avg. Loss: 0.0295
===> Avg. PSNR: 27.2924 dB
===> Avg. Loss: 0.0223
===> Epoch[56](30/150): Avg. Loss: 0.0298
===> Epoch[56](60/150): Avg. Loss: 0.0347
===> Epoch[56](90/150): Avg. Loss: 0.0256
===> Epoch[56](120/150): Avg. Loss: 0.0285
===> Epoch[56](150/150): Avg. Loss: 0.0257
===> Avg. PSNR: 27.5771 dB
===> Avg. Loss: 0.0215
===> Epoch[57](30/150): Avg. Loss: 0.0293
===> Epoch[57](60/150): Avg. Loss: 0.0316
===> Epoch[57](90/150): Avg. Loss: 0.0248
===> Epoch[57](120/150): Avg. Loss: 0.0275
===> Epoch[57](150/150): Avg. Loss: 0.0302
===> Avg. PSNR: 27.7827 dB
===> Avg. Loss: 0.0207
===> Epoch[58](30/150): Avg. Loss: 0.0294
===> Epoch[58](60/150): Avg. Loss: 0.0289
===> Epoch[58](90/150): Avg. Loss: 0.0270
===> Epoch[58](120/150): Avg. Loss: 0.0289
===> Epoch[58](150/150): Avg. Loss: 0.0249
===> Avg. PSNR: 28.2160 dB
===> Avg. Loss: 0.0197
===> Epoch[59](30/150): Avg. Loss: 0.0257
===> Epoch[59](60/150): Avg. Loss: 0.0240
===> Epoch[59](90/150): Avg. Loss: 0.0285
===> Epoch[59](120/150): Avg. Loss: 0.0276
===> Epoch[59](150/150): Avg. Loss: 0.0272
===> Avg. PSNR: 28.4920 dB
===> Avg. Loss: 0.0186
===> Epoch[60](30/150): Avg. Loss: 0.0246
===> Epoch[60](60/150): Avg. Loss: 0.0297
===> Epoch[60](90/150): Avg. Loss: 0.0286
===> Epoch[60](120/150): Avg. Loss: 0.0233
===> Epoch[60](150/150): Avg. Loss: 0.0290
===> Avg. PSNR: 27.7042 dB
===> Avg. Loss: 0.0209
===> Epoch[61](30/150): Avg. Loss: 0.0291
===> Epoch[61](60/150): Avg. Loss: 0.0294
===> Epoch[61](90/150): Avg. Loss: 0.0320
===> Epoch[61](120/150): Avg. Loss: 0.0225
===> Epoch[61](150/150): Avg. Loss: 0.0306
===> Avg. PSNR: 27.4584 dB
===> Avg. Loss: 0.0216
===> Epoch[62](30/150): Avg. Loss: 0.0305
===> Epoch[62](60/150): Avg. Loss: 0.0253
===> Epoch[62](90/150): Avg. Loss: 0.0280
===> Epoch[62](120/150): Avg. Loss: 0.0309
===> Epoch[62](150/150): Avg. Loss: 0.0269
===> Avg. PSNR: 28.1449 dB
===> Avg. Loss: 0.0195
===> Epoch[63](30/150): Avg. Loss: 0.0327
===> Epoch[63](60/150): Avg. Loss: 0.0268
===> Epoch[63](90/150): Avg. Loss: 0.0253
===> Epoch[63](120/150): Avg. Loss: 0.0301
===> Epoch[63](150/150): Avg. Loss: 0.0255
===> Avg. PSNR: 28.6334 dB
===> Avg. Loss: 0.0181
===> Epoch[64](30/150): Avg. Loss: 0.0330
===> Epoch[64](60/150): Avg. Loss: 0.0255
===> Epoch[64](90/150): Avg. Loss: 0.0275
===> Epoch[64](120/150): Avg. Loss: 0.0255
===> Epoch[64](150/150): Avg. Loss: 0.0287
===> Avg. PSNR: 28.0029 dB
===> Avg. Loss: 0.0197
===> Epoch[65](30/150): Avg. Loss: 0.0264
===> Epoch[65](60/150): Avg. Loss: 0.0272
===> Epoch[65](90/150): Avg. Loss: 0.0257
===> Epoch[65](120/150): Avg. Loss: 0.0262
===> Epoch[65](150/150): Avg. Loss: 0.0270
===> Avg. PSNR: 27.2710 dB
===> Avg. Loss: 0.0215
===> Epoch[66](30/150): Avg. Loss: 0.0270
===> Epoch[66](60/150): Avg. Loss: 0.0330
===> Epoch[66](90/150): Avg. Loss: 0.0307
===> Epoch[66](120/150): Avg. Loss: 0.0264
===> Epoch[66](150/150): Avg. Loss: 0.0299
===> Avg. PSNR: 27.2308 dB
===> Avg. Loss: 0.0215
===> Epoch[67](30/150): Avg. Loss: 0.0264
===> Epoch[67](60/150): Avg. Loss: 0.0314
===> Epoch[67](90/150): Avg. Loss: 0.0296
===> Epoch[67](120/150): Avg. Loss: 0.0242
===> Epoch[67](150/150): Avg. Loss: 0.0273
===> Avg. PSNR: 27.5328 dB
===> Avg. Loss: 0.0212
===> Epoch[68](30/150): Avg. Loss: 0.0288
===> Epoch[68](60/150): Avg. Loss: 0.0254
===> Epoch[68](90/150): Avg. Loss: 0.0289
===> Epoch[68](120/150): Avg. Loss: 0.0262
===> Epoch[68](150/150): Avg. Loss: 0.0298
===> Avg. PSNR: 28.0282 dB
===> Avg. Loss: 0.0198
===> Epoch[69](30/150): Avg. Loss: 0.0293
===> Epoch[69](60/150): Avg. Loss: 0.0293
===> Epoch[69](90/150): Avg. Loss: 0.0268
===> Epoch[69](120/150): Avg. Loss: 0.0249
===> Epoch[69](150/150): Avg. Loss: 0.0242
===> Avg. PSNR: 27.6594 dB
===> Avg. Loss: 0.0208
===> Epoch[70](30/150): Avg. Loss: 0.0268
===> Epoch[70](60/150): Avg. Loss: 0.0273
===> Epoch[70](90/150): Avg. Loss: 0.0253
===> Epoch[70](120/150): Avg. Loss: 0.0256
===> Epoch[70](150/150): Avg. Loss: 0.0236
===> Avg. PSNR: 27.4377 dB
===> Avg. Loss: 0.0211
===> Epoch[71](30/150): Avg. Loss: 0.0248
===> Epoch[71](60/150): Avg. Loss: 0.0315
===> Epoch[71](90/150): Avg. Loss: 0.0265
===> Epoch[71](120/150): Avg. Loss: 0.0265
===> Epoch[71](150/150): Avg. Loss: 0.0285
===> Avg. PSNR: 27.7003 dB
===> Avg. Loss: 0.0207
===> Epoch[72](30/150): Avg. Loss: 0.0272
===> Epoch[72](60/150): Avg. Loss: 0.0298
===> Epoch[72](90/150): Avg. Loss: 0.0247
===> Epoch[72](120/150): Avg. Loss: 0.0284
===> Epoch[72](150/150): Avg. Loss: 0.0257
===> Avg. PSNR: 28.1417 dB
===> Avg. Loss: 0.0198
===> Epoch[73](30/150): Avg. Loss: 0.0274
===> Epoch[73](60/150): Avg. Loss: 0.0257
===> Epoch[73](90/150): Avg. Loss: 0.0266
===> Epoch[73](120/150): Avg. Loss: 0.0243
===> Epoch[73](150/150): Avg. Loss: 0.0272
===> Avg. PSNR: 28.1035 dB
===> Avg. Loss: 0.0196
===> Epoch[74](30/150): Avg. Loss: 0.0282
===> Epoch[74](60/150): Avg. Loss: 0.0291
===> Epoch[74](90/150): Avg. Loss: 0.0321
===> Epoch[74](120/150): Avg. Loss: 0.0264
===> Epoch[74](150/150): Avg. Loss: 0.0280
===> Avg. PSNR: 27.8416 dB
===> Avg. Loss: 0.0201
===> Epoch[75](30/150): Avg. Loss: 0.0258
===> Epoch[75](60/150): Avg. Loss: 0.0303
===> Epoch[75](90/150): Avg. Loss: 0.0307
===> Epoch[75](120/150): Avg. Loss: 0.0270
===> Epoch[75](150/150): Avg. Loss: 0.0293
===> Avg. PSNR: 28.1828 dB
===> Avg. Loss: 0.0190
===> Epoch[76](30/150): Avg. Loss: 0.0285
===> Epoch[76](60/150): Avg. Loss: 0.0282
===> Epoch[76](90/150): Avg. Loss: 0.0251
===> Epoch[76](120/150): Avg. Loss: 0.0288
===> Epoch[76](150/150): Avg. Loss: 0.0294
===> Avg. PSNR: 28.4304 dB
===> Avg. Loss: 0.0184
===> Epoch[77](30/150): Avg. Loss: 0.0282
===> Epoch[77](60/150): Avg. Loss: 0.0265
===> Epoch[77](90/150): Avg. Loss: 0.0283
===> Epoch[77](120/150): Avg. Loss: 0.0278
===> Epoch[77](150/150): Avg. Loss: 0.0253
===> Avg. PSNR: 28.3020 dB
===> Avg. Loss: 0.0188
===> Epoch[78](30/150): Avg. Loss: 0.0282
===> Epoch[78](60/150): Avg. Loss: 0.0247
===> Epoch[78](90/150): Avg. Loss: 0.0274
===> Epoch[78](120/150): Avg. Loss: 0.0270
===> Epoch[78](150/150): Avg. Loss: 0.0280
===> Avg. PSNR: 27.5147 dB
===> Avg. Loss: 0.0211
===> Epoch[79](30/150): Avg. Loss: 0.0256
===> Epoch[79](60/150): Avg. Loss: 0.0245
===> Epoch[79](90/150): Avg. Loss: 0.0252
===> Epoch[79](120/150): Avg. Loss: 0.0289
===> Epoch[79](150/150): Avg. Loss: 0.0250
===> Avg. PSNR: 27.7817 dB
===> Avg. Loss: 0.0202
===> Epoch[80](30/150): Avg. Loss: 0.0265
===> Epoch[80](60/150): Avg. Loss: 0.0283
===> Epoch[80](90/150): Avg. Loss: 0.0273
===> Epoch[80](120/150): Avg. Loss: 0.0280
===> Epoch[80](150/150): Avg. Loss: 0.0285
===> Avg. PSNR: 27.6220 dB
===> Avg. Loss: 0.0202
===> Epoch[81](30/150): Avg. Loss: 0.0274
===> Epoch[81](60/150): Avg. Loss: 0.0253
===> Epoch[81](90/150): Avg. Loss: 0.0278
===> Epoch[81](120/150): Avg. Loss: 0.0309
===> Epoch[81](150/150): Avg. Loss: 0.0240
===> Avg. PSNR: 28.1335 dB
===> Avg. Loss: 0.0188
===> Epoch[82](30/150): Avg. Loss: 0.0261
===> Epoch[82](60/150): Avg. Loss: 0.0251
===> Epoch[82](90/150): Avg. Loss: 0.0235
===> Epoch[82](120/150): Avg. Loss: 0.0287
===> Epoch[82](150/150): Avg. Loss: 0.0295
===> Avg. PSNR: 28.0236 dB
===> Avg. Loss: 0.0190
===> Epoch[83](30/150): Avg. Loss: 0.0291
===> Epoch[83](60/150): Avg. Loss: 0.0278
===> Epoch[83](90/150): Avg. Loss: 0.0285
===> Epoch[83](120/150): Avg. Loss: 0.0255
===> Epoch[83](150/150): Avg. Loss: 0.0250
===> Avg. PSNR: 28.2016 dB
===> Avg. Loss: 0.0186
===> Epoch[84](30/150): Avg. Loss: 0.0256
===> Epoch[84](60/150): Avg. Loss: 0.0315
===> Epoch[84](90/150): Avg. Loss: 0.0293
===> Epoch[84](120/150): Avg. Loss: 0.0273
===> Epoch[84](150/150): Avg. Loss: 0.0252
===> Avg. PSNR: 27.8285 dB
===> Avg. Loss: 0.0199
===> Epoch[85](30/150): Avg. Loss: 0.0283
===> Epoch[85](60/150): Avg. Loss: 0.0284
===> Epoch[85](90/150): Avg. Loss: 0.0297
===> Epoch[85](120/150): Avg. Loss: 0.0295
===> Epoch[85](150/150): Avg. Loss: 0.0268
===> Avg. PSNR: 27.8891 dB
===> Avg. Loss: 0.0198
===> Epoch[86](30/150): Avg. Loss: 0.0304
===> Epoch[86](60/150): Avg. Loss: 0.0305
===> Epoch[86](90/150): Avg. Loss: 0.0252
===> Epoch[86](120/150): Avg. Loss: 0.0261
===> Epoch[86](150/150): Avg. Loss: 0.0277
===> Avg. PSNR: 27.8870 dB
===> Avg. Loss: 0.0195
===> Epoch[87](30/150): Avg. Loss: 0.0281
===> Epoch[87](60/150): Avg. Loss: 0.0285
===> Epoch[87](90/150): Avg. Loss: 0.0271
===> Epoch[87](120/150): Avg. Loss: 0.0273
===> Epoch[87](150/150): Avg. Loss: 0.0273
===> Avg. PSNR: 27.4976 dB
===> Avg. Loss: 0.0204
===> Epoch[88](30/150): Avg. Loss: 0.0274
===> Epoch[88](60/150): Avg. Loss: 0.0287
===> Epoch[88](90/150): Avg. Loss: 0.0244
===> Epoch[88](120/150): Avg. Loss: 0.0265
===> Epoch[88](150/150): Avg. Loss: 0.0287
===> Avg. PSNR: 27.6071 dB
===> Avg. Loss: 0.0205
===> Epoch[89](30/150): Avg. Loss: 0.0256
===> Epoch[89](60/150): Avg. Loss: 0.0312
===> Epoch[89](90/150): Avg. Loss: 0.0286
===> Epoch[89](120/150): Avg. Loss: 0.0273
===> Epoch[89](150/150): Avg. Loss: 0.0283
===> Avg. PSNR: 28.5867 dB
===> Avg. Loss: 0.0176
===> Epoch[90](30/150): Avg. Loss: 0.0317
===> Epoch[90](60/150): Avg. Loss: 0.0260
===> Epoch[90](90/150): Avg. Loss: 0.0242
===> Epoch[90](120/150): Avg. Loss: 0.0278
===> Epoch[90](150/150): Avg. Loss: 0.0271
===> Avg. PSNR: 28.0261 dB
===> Avg. Loss: 0.0192
===> Epoch[91](30/150): Avg. Loss: 0.0229
===> Epoch[91](60/150): Avg. Loss: 0.0295
===> Epoch[91](90/150): Avg. Loss: 0.0294
===> Epoch[91](120/150): Avg. Loss: 0.0289
===> Epoch[91](150/150): Avg. Loss: 0.0222
===> Avg. PSNR: 27.8180 dB
===> Avg. Loss: 0.0199
===> Epoch[92](30/150): Avg. Loss: 0.0313
===> Epoch[92](60/150): Avg. Loss: 0.0270
===> Epoch[92](90/150): Avg. Loss: 0.0248
===> Epoch[92](120/150): Avg. Loss: 0.0260
===> Epoch[92](150/150): Avg. Loss: 0.0257
===> Avg. PSNR: 28.0696 dB
===> Avg. Loss: 0.0191
===> Epoch[93](30/150): Avg. Loss: 0.0274
===> Epoch[93](60/150): Avg. Loss: 0.0222
===> Epoch[93](90/150): Avg. Loss: 0.0254
===> Epoch[93](120/150): Avg. Loss: 0.0272
===> Epoch[93](150/150): Avg. Loss: 0.0270
===> Avg. PSNR: 28.2367 dB
===> Avg. Loss: 0.0186
===> Epoch[94](30/150): Avg. Loss: 0.0279
===> Epoch[94](60/150): Avg. Loss: 0.0249
===> Epoch[94](90/150): Avg. Loss: 0.0319
===> Epoch[94](120/150): Avg. Loss: 0.0245
===> Epoch[94](150/150): Avg. Loss: 0.0316
===> Avg. PSNR: 28.3546 dB
===> Avg. Loss: 0.0189
===> Epoch[95](30/150): Avg. Loss: 0.0284
===> Epoch[95](60/150): Avg. Loss: 0.0283
===> Epoch[95](90/150): Avg. Loss: 0.0276
===> Epoch[95](120/150): Avg. Loss: 0.0277
===> Epoch[95](150/150): Avg. Loss: 0.0286
===> Avg. PSNR: 28.2587 dB
===> Avg. Loss: 0.0184
===> Epoch[96](30/150): Avg. Loss: 0.0257
===> Epoch[96](60/150): Avg. Loss: 0.0265
===> Epoch[96](90/150): Avg. Loss: 0.0256
===> Epoch[96](120/150): Avg. Loss: 0.0328
===> Epoch[96](150/150): Avg. Loss: 0.0272
===> Avg. PSNR: 27.1313 dB
===> Avg. Loss: 0.0213
===> Epoch[97](30/150): Avg. Loss: 0.0274
===> Epoch[97](60/150): Avg. Loss: 0.0251
===> Epoch[97](90/150): Avg. Loss: 0.0285
===> Epoch[97](120/150): Avg. Loss: 0.0321
===> Epoch[97](150/150): Avg. Loss: 0.0242
===> Avg. PSNR: 28.3681 dB
===> Avg. Loss: 0.0179
===> Epoch[98](30/150): Avg. Loss: 0.0285
===> Epoch[98](60/150): Avg. Loss: 0.0259
===> Epoch[98](90/150): Avg. Loss: 0.0241
===> Epoch[98](120/150): Avg. Loss: 0.0270
===> Epoch[98](150/150): Avg. Loss: 0.0243
===> Avg. PSNR: 28.2292 dB
===> Avg. Loss: 0.0186
===> Epoch[99](30/150): Avg. Loss: 0.0266
===> Epoch[99](60/150): Avg. Loss: 0.0293
===> Epoch[99](90/150): Avg. Loss: 0.0254
===> Epoch[99](120/150): Avg. Loss: 0.0296
===> Epoch[99](150/150): Avg. Loss: 0.0249
===> Avg. PSNR: 28.0687 dB
===> Avg. Loss: 0.0187
===> Epoch[100](30/150): Avg. Loss: 0.0300
===> Epoch[100](60/150): Avg. Loss: 0.0259
===> Epoch[100](90/150): Avg. Loss: 0.0261
===> Epoch[100](120/150): Avg. Loss: 0.0245
===> Epoch[100](150/150): Avg. Loss: 0.0263
===> Avg. PSNR: 28.1953 dB
===> Avg. Loss: 0.0184
===> Epoch[101](30/150): Avg. Loss: 0.0280
===> Epoch[101](60/150): Avg. Loss: 0.0286
===> Epoch[101](90/150): Avg. Loss: 0.0254
===> Epoch[101](120/150): Avg. Loss: 0.0272
===> Epoch[101](150/150): Avg. Loss: 0.0289
===> Avg. PSNR: 28.1654 dB
===> Avg. Loss: 0.0188
===> Epoch[102](30/150): Avg. Loss: 0.0248
===> Epoch[102](60/150): Avg. Loss: 0.0280
===> Epoch[102](90/150): Avg. Loss: 0.0290
===> Epoch[102](120/150): Avg. Loss: 0.0253
===> Epoch[102](150/150): Avg. Loss: 0.0284
===> Avg. PSNR: 28.2849 dB
===> Avg. Loss: 0.0185
===> Epoch[103](30/150): Avg. Loss: 0.0262
===> Epoch[103](60/150): Avg. Loss: 0.0243
===> Epoch[103](90/150): Avg. Loss: 0.0298
===> Epoch[103](120/150): Avg. Loss: 0.0278
===> Epoch[103](150/150): Avg. Loss: 0.0284
===> Avg. PSNR: 28.6905 dB
===> Avg. Loss: 0.0178
===> Epoch[104](30/150): Avg. Loss: 0.0250
===> Epoch[104](60/150): Avg. Loss: 0.0246
===> Epoch[104](90/150): Avg. Loss: 0.0270
===> Epoch[104](120/150): Avg. Loss: 0.0288
===> Epoch[104](150/150): Avg. Loss: 0.0262
===> Avg. PSNR: 27.8370 dB
===> Avg. Loss: 0.0195
===> Epoch[105](30/150): Avg. Loss: 0.0333
===> Epoch[105](60/150): Avg. Loss: 0.0264
===> Epoch[105](90/150): Avg. Loss: 0.0256
===> Epoch[105](120/150): Avg. Loss: 0.0275
===> Epoch[105](150/150): Avg. Loss: 0.0263
===> Avg. PSNR: 28.2472 dB
===> Avg. Loss: 0.0182
===> Epoch[106](30/150): Avg. Loss: 0.0268
===> Epoch[106](60/150): Avg. Loss: 0.0293
===> Epoch[106](90/150): Avg. Loss: 0.0275
===> Epoch[106](120/150): Avg. Loss: 0.0281
===> Epoch[106](150/150): Avg. Loss: 0.0264
===> Avg. PSNR: 28.0328 dB
===> Avg. Loss: 0.0187
===> Epoch[107](30/150): Avg. Loss: 0.0289
===> Epoch[107](60/150): Avg. Loss: 0.0263
===> Epoch[107](90/150): Avg. Loss: 0.0295
===> Epoch[107](120/150): Avg. Loss: 0.0264
===> Epoch[107](150/150): Avg. Loss: 0.0304
===> Avg. PSNR: 28.1143 dB
===> Avg. Loss: 0.0191
===> Epoch[108](30/150): Avg. Loss: 0.0254
===> Epoch[108](60/150): Avg. Loss: 0.0283
===> Epoch[108](90/150): Avg. Loss: 0.0285
===> Epoch[108](120/150): Avg. Loss: 0.0277
===> Epoch[108](150/150): Avg. Loss: 0.0262
===> Avg. PSNR: 28.2743 dB
===> Avg. Loss: 0.0182
===> Epoch[109](30/150): Avg. Loss: 0.0256
===> Epoch[109](60/150): Avg. Loss: 0.0241
===> Epoch[109](90/150): Avg. Loss: 0.0258
===> Epoch[109](120/150): Avg. Loss: 0.0305
===> Epoch[109](150/150): Avg. Loss: 0.0252
===> Avg. PSNR: 28.2831 dB
===> Avg. Loss: 0.0185
===> Epoch[110](30/150): Avg. Loss: 0.0264
===> Epoch[110](60/150): Avg. Loss: 0.0312
===> Epoch[110](90/150): Avg. Loss: 0.0247
===> Epoch[110](120/150): Avg. Loss: 0.0221
===> Epoch[110](150/150): Avg. Loss: 0.0292
===> Avg. PSNR: 27.7352 dB
===> Avg. Loss: 0.0201
===> Epoch[111](30/150): Avg. Loss: 0.0285
===> Epoch[111](60/150): Avg. Loss: 0.0260
===> Epoch[111](90/150): Avg. Loss: 0.0310
===> Epoch[111](120/150): Avg. Loss: 0.0281
===> Epoch[111](150/150): Avg. Loss: 0.0250
===> Avg. PSNR: 28.5028 dB
===> Avg. Loss: 0.0178
===> Epoch[112](30/150): Avg. Loss: 0.0260
===> Epoch[112](60/150): Avg. Loss: 0.0284
===> Epoch[112](90/150): Avg. Loss: 0.0295
===> Epoch[112](120/150): Avg. Loss: 0.0263
===> Epoch[112](150/150): Avg. Loss: 0.0227
===> Avg. PSNR: 27.9587 dB
===> Avg. Loss: 0.0190
===> Epoch[113](30/150): Avg. Loss: 0.0296
===> Epoch[113](60/150): Avg. Loss: 0.0269
===> Epoch[113](90/150): Avg. Loss: 0.0256
===> Epoch[113](120/150): Avg. Loss: 0.0237
===> Epoch[113](150/150): Avg. Loss: 0.0268
===> Avg. PSNR: 28.1736 dB
===> Avg. Loss: 0.0187
===> Epoch[114](30/150): Avg. Loss: 0.0284
===> Epoch[114](60/150): Avg. Loss: 0.0266
===> Epoch[114](90/150): Avg. Loss: 0.0265
===> Epoch[114](120/150): Avg. Loss: 0.0281
===> Epoch[114](150/150): Avg. Loss: 0.0267
===> Avg. PSNR: 28.4138 dB
===> Avg. Loss: 0.0182
===> Epoch[115](30/150): Avg. Loss: 0.0250
===> Epoch[115](60/150): Avg. Loss: 0.0272
===> Epoch[115](90/150): Avg. Loss: 0.0274
===> Epoch[115](120/150): Avg. Loss: 0.0307
===> Epoch[115](150/150): Avg. Loss: 0.0281
===> Avg. PSNR: 27.5050 dB
===> Avg. Loss: 0.0202
===> Epoch[116](30/150): Avg. Loss: 0.0257
===> Epoch[116](60/150): Avg. Loss: 0.0271
===> Epoch[116](90/150): Avg. Loss: 0.0240
===> Epoch[116](120/150): Avg. Loss: 0.0295
===> Epoch[116](150/150): Avg. Loss: 0.0274
===> Avg. PSNR: 28.4581 dB
===> Avg. Loss: 0.0180
===> Epoch[117](30/150): Avg. Loss: 0.0238
===> Epoch[117](60/150): Avg. Loss: 0.0309
===> Epoch[117](90/150): Avg. Loss: 0.0282
===> Epoch[117](120/150): Avg. Loss: 0.0288
===> Epoch[117](150/150): Avg. Loss: 0.0260
===> Avg. PSNR: 28.0011 dB
===> Avg. Loss: 0.0191
===> Epoch[118](30/150): Avg. Loss: 0.0287
===> Epoch[118](60/150): Avg. Loss: 0.0269
===> Epoch[118](90/150): Avg. Loss: 0.0252
===> Epoch[118](120/150): Avg. Loss: 0.0279
===> Epoch[118](150/150): Avg. Loss: 0.0312
===> Avg. PSNR: 28.4889 dB
===> Avg. Loss: 0.0179
===> Epoch[119](30/150): Avg. Loss: 0.0261
===> Epoch[119](60/150): Avg. Loss: 0.0279
===> Epoch[119](90/150): Avg. Loss: 0.0214
===> Epoch[119](120/150): Avg. Loss: 0.0295
===> Epoch[119](150/150): Avg. Loss: 0.0260
===> Avg. PSNR: 27.8908 dB
===> Avg. Loss: 0.0193
===> Epoch[120](30/150): Avg. Loss: 0.0222
===> Epoch[120](60/150): Avg. Loss: 0.0231
===> Epoch[120](90/150): Avg. Loss: 0.0271
===> Epoch[120](120/150): Avg. Loss: 0.0301
===> Epoch[120](150/150): Avg. Loss: 0.0259
===> Avg. PSNR: 28.4991 dB
===> Avg. Loss: 0.0180
