training log record, random seed=777
dataset configuration: epoch size = 150, batch size = 16, patch size = 128
===> Epoch[121](30/150): Avg. Loss: 0.0042
===> Epoch[121](60/150): Avg. Loss: 0.0047
===> Epoch[121](90/150): Avg. Loss: 0.0042
===> Epoch[121](120/150): Avg. Loss: 0.0039
===> Epoch[121](150/150): Avg. Loss: 0.0043
===> Avg. PSNR: 32.3227 dB
===> Avg. Loss: 0.0151
===> Epoch[122](30/150): Avg. Loss: 0.0045
===> Epoch[122](60/150): Avg. Loss: 0.0045
===> Epoch[122](90/150): Avg. Loss: 0.0051
===> Epoch[122](120/150): Avg. Loss: 0.0038
===> Epoch[122](150/150): Avg. Loss: 0.0037
===> Avg. PSNR: 32.0424 dB
===> Avg. Loss: 0.0146
===> Epoch[123](30/150): Avg. Loss: 0.0040
===> Epoch[123](60/150): Avg. Loss: 0.0043
===> Epoch[123](90/150): Avg. Loss: 0.0036
===> Epoch[123](120/150): Avg. Loss: 0.0042
===> Epoch[123](150/150): Avg. Loss: 0.0041
===> Avg. PSNR: 32.4941 dB
===> Avg. Loss: 0.0140
===> Epoch[124](30/150): Avg. Loss: 0.0038
===> Epoch[124](60/150): Avg. Loss: 0.0048
===> Epoch[124](90/150): Avg. Loss: 0.0046
===> Epoch[124](120/150): Avg. Loss: 0.0043
===> Epoch[124](150/150): Avg. Loss: 0.0043
===> Avg. PSNR: 32.2781 dB
===> Avg. Loss: 0.0151
===> Epoch[125](30/150): Avg. Loss: 0.0041
===> Epoch[125](60/150): Avg. Loss: 0.0046
===> Epoch[125](90/150): Avg. Loss: 0.0036
===> Epoch[125](120/150): Avg. Loss: 0.0041
===> Epoch[125](150/150): Avg. Loss: 0.0043
===> Avg. PSNR: 32.1208 dB
===> Avg. Loss: 0.0150
===> Epoch[126](30/150): Avg. Loss: 0.0041
===> Epoch[126](60/150): Avg. Loss: 0.0042
===> Epoch[126](90/150): Avg. Loss: 0.0035
===> Epoch[126](120/150): Avg. Loss: 0.0042
===> Epoch[126](150/150): Avg. Loss: 0.0037
===> Avg. PSNR: 31.9306 dB
===> Avg. Loss: 0.0149
===> Epoch[127](30/150): Avg. Loss: 0.0039
===> Epoch[127](60/150): Avg. Loss: 0.0037
===> Epoch[127](90/150): Avg. Loss: 0.0043
===> Epoch[127](120/150): Avg. Loss: 0.0037
===> Epoch[127](150/150): Avg. Loss: 0.0041
===> Avg. PSNR: 32.4600 dB
===> Avg. Loss: 0.0141
===> Epoch[128](30/150): Avg. Loss: 0.0035
===> Epoch[128](60/150): Avg. Loss: 0.0044
===> Epoch[128](90/150): Avg. Loss: 0.0043
===> Epoch[128](120/150): Avg. Loss: 0.0039
===> Epoch[128](150/150): Avg. Loss: 0.0044
===> Avg. PSNR: 32.4181 dB
===> Avg. Loss: 0.0143
===> Epoch[129](30/150): Avg. Loss: 0.0032
===> Epoch[129](60/150): Avg. Loss: 0.0036
===> Epoch[129](90/150): Avg. Loss: 0.0036
===> Epoch[129](120/150): Avg. Loss: 0.0052
===> Epoch[129](150/150): Avg. Loss: 0.0035
===> Avg. PSNR: 31.4542 dB
===> Avg. Loss: 0.0167
===> Epoch[130](30/150): Avg. Loss: 0.0040
===> Epoch[130](60/150): Avg. Loss: 0.0041
===> Epoch[130](90/150): Avg. Loss: 0.0036
===> Epoch[130](120/150): Avg. Loss: 0.0047
===> Epoch[130](150/150): Avg. Loss: 0.0042
===> Avg. PSNR: 31.8474 dB
===> Avg. Loss: 0.0153
===> Epoch[131](30/150): Avg. Loss: 0.0041
===> Epoch[131](60/150): Avg. Loss: 0.0041
===> Epoch[131](90/150): Avg. Loss: 0.0037
===> Epoch[131](120/150): Avg. Loss: 0.0037
===> Epoch[131](150/150): Avg. Loss: 0.0042
===> Avg. PSNR: 31.8445 dB
===> Avg. Loss: 0.0157
===> Epoch[132](30/150): Avg. Loss: 0.0036
===> Epoch[132](60/150): Avg. Loss: 0.0036
===> Epoch[132](90/150): Avg. Loss: 0.0043
===> Epoch[132](120/150): Avg. Loss: 0.0036
===> Epoch[132](150/150): Avg. Loss: 0.0044
===> Avg. PSNR: 32.4841 dB
===> Avg. Loss: 0.0142
===> Epoch[133](30/150): Avg. Loss: 0.0041
===> Epoch[133](60/150): Avg. Loss: 0.0034
===> Epoch[133](90/150): Avg. Loss: 0.0032
===> Epoch[133](120/150): Avg. Loss: 0.0038
===> Epoch[133](150/150): Avg. Loss: 0.0044
===> Avg. PSNR: 32.5995 dB
===> Avg. Loss: 0.0133
===> Epoch[134](30/150): Avg. Loss: 0.0031
===> Epoch[134](60/150): Avg. Loss: 0.0039
===> Epoch[134](90/150): Avg. Loss: 0.0038
===> Epoch[134](120/150): Avg. Loss: 0.0038
===> Epoch[134](150/150): Avg. Loss: 0.0035
===> Avg. PSNR: 32.4460 dB
===> Avg. Loss: 0.0149
===> Epoch[135](30/150): Avg. Loss: 0.0038
===> Epoch[135](60/150): Avg. Loss: 0.0042
===> Epoch[135](90/150): Avg. Loss: 0.0033
===> Epoch[135](120/150): Avg. Loss: 0.0035
===> Epoch[135](150/150): Avg. Loss: 0.0036
===> Avg. PSNR: 32.2058 dB
===> Avg. Loss: 0.0141
===> Epoch[136](30/150): Avg. Loss: 0.0044
===> Epoch[136](60/150): Avg. Loss: 0.0039
===> Epoch[136](90/150): Avg. Loss: 0.0039
===> Epoch[136](120/150): Avg. Loss: 0.0035
===> Epoch[136](150/150): Avg. Loss: 0.0042
===> Avg. PSNR: 32.4737 dB
===> Avg. Loss: 0.0144
===> Epoch[137](30/150): Avg. Loss: 0.0038
===> Epoch[137](60/150): Avg. Loss: 0.0035
===> Epoch[137](90/150): Avg. Loss: 0.0040
===> Epoch[137](120/150): Avg. Loss: 0.0041
===> Epoch[137](150/150): Avg. Loss: 0.0041
===> Avg. PSNR: 32.1889 dB
===> Avg. Loss: 0.0151
===> Epoch[138](30/150): Avg. Loss: 0.0044
===> Epoch[138](60/150): Avg. Loss: 0.0037
===> Epoch[138](90/150): Avg. Loss: 0.0039
===> Epoch[138](120/150): Avg. Loss: 0.0040
===> Epoch[138](150/150): Avg. Loss: 0.0034
===> Avg. PSNR: 30.6948 dB
===> Avg. Loss: 0.0202
===> Epoch[139](30/150): Avg. Loss: 0.0048
===> Epoch[139](60/150): Avg. Loss: 0.0034
===> Epoch[139](90/150): Avg. Loss: 0.0036
===> Epoch[139](120/150): Avg. Loss: 0.0037
===> Epoch[139](150/150): Avg. Loss: 0.0035
===> Avg. PSNR: 31.6851 dB
===> Avg. Loss: 0.0159
===> Epoch[140](30/150): Avg. Loss: 0.0037
===> Epoch[140](60/150): Avg. Loss: 0.0037
===> Epoch[140](90/150): Avg. Loss: 0.0053
===> Epoch[140](120/150): Avg. Loss: 0.0036
===> Epoch[140](150/150): Avg. Loss: 0.0038
===> Avg. PSNR: 31.6381 dB
===> Avg. Loss: 0.0161
===> Epoch[141](30/150): Avg. Loss: 0.0037
===> Epoch[141](60/150): Avg. Loss: 0.0049
===> Epoch[141](90/150): Avg. Loss: 0.0041
===> Epoch[141](120/150): Avg. Loss: 0.0039
===> Epoch[141](150/150): Avg. Loss: 0.0030
===> Avg. PSNR: 32.5517 dB
===> Avg. Loss: 0.0135
===> Epoch[142](30/150): Avg. Loss: 0.0054
===> Epoch[142](60/150): Avg. Loss: 0.0039
===> Epoch[142](90/150): Avg. Loss: 0.0043
===> Epoch[142](120/150): Avg. Loss: 0.0036
===> Epoch[142](150/150): Avg. Loss: 0.0040
===> Avg. PSNR: 32.3663 dB
===> Avg. Loss: 0.0147
===> Epoch[143](30/150): Avg. Loss: 0.0047
===> Epoch[143](60/150): Avg. Loss: 0.0036
===> Epoch[143](90/150): Avg. Loss: 0.0040
===> Epoch[143](120/150): Avg. Loss: 0.0039
===> Epoch[143](150/150): Avg. Loss: 0.0033
===> Avg. PSNR: 32.6133 dB
===> Avg. Loss: 0.0136
===> Epoch[144](30/150): Avg. Loss: 0.0034
===> Epoch[144](60/150): Avg. Loss: 0.0036
===> Epoch[144](90/150): Avg. Loss: 0.0043
===> Epoch[144](120/150): Avg. Loss: 0.0042
===> Epoch[144](150/150): Avg. Loss: 0.0034
===> Avg. PSNR: 32.0467 dB
===> Avg. Loss: 0.0147
===> Epoch[145](30/150): Avg. Loss: 0.0038
===> Epoch[145](60/150): Avg. Loss: 0.0042
===> Epoch[145](90/150): Avg. Loss: 0.0039
===> Epoch[145](120/150): Avg. Loss: 0.0034
===> Epoch[145](150/150): Avg. Loss: 0.0036
===> Avg. PSNR: 32.2658 dB
===> Avg. Loss: 0.0143
===> Epoch[146](30/150): Avg. Loss: 0.0040
===> Epoch[146](60/150): Avg. Loss: 0.0039
===> Epoch[146](90/150): Avg. Loss: 0.0040
===> Epoch[146](120/150): Avg. Loss: 0.0036
===> Epoch[146](150/150): Avg. Loss: 0.0035
===> Avg. PSNR: 31.5574 dB
===> Avg. Loss: 0.0166
===> Epoch[147](30/150): Avg. Loss: 0.0040
===> Epoch[147](60/150): Avg. Loss: 0.0043
===> Epoch[147](90/150): Avg. Loss: 0.0040
===> Epoch[147](120/150): Avg. Loss: 0.0037
===> Epoch[147](150/150): Avg. Loss: 0.0035
===> Avg. PSNR: 31.6036 dB
===> Avg. Loss: 0.0168
===> Epoch[148](30/150): Avg. Loss: 0.0039
===> Epoch[148](60/150): Avg. Loss: 0.0030
===> Epoch[148](90/150): Avg. Loss: 0.0037
===> Epoch[148](120/150): Avg. Loss: 0.0034
===> Epoch[148](150/150): Avg. Loss: 0.0032
===> Avg. PSNR: 32.2460 dB
===> Avg. Loss: 0.0150
===> Epoch[149](30/150): Avg. Loss: 0.0034
===> Epoch[149](60/150): Avg. Loss: 0.0041
===> Epoch[149](90/150): Avg. Loss: 0.0037
===> Epoch[149](120/150): Avg. Loss: 0.0036
===> Epoch[149](150/150): Avg. Loss: 0.0040
===> Avg. PSNR: 32.5026 dB
===> Avg. Loss: 0.0142
===> Epoch[150](30/150): Avg. Loss: 0.0034
===> Epoch[150](60/150): Avg. Loss: 0.0039
===> Epoch[150](90/150): Avg. Loss: 0.0042
===> Epoch[150](120/150): Avg. Loss: 0.0033
===> Epoch[150](150/150): Avg. Loss: 0.0034
===> Avg. PSNR: 31.9892 dB
===> Avg. Loss: 0.0149
===> Epoch[151](30/150): Avg. Loss: 0.0039
===> Epoch[151](60/150): Avg. Loss: 0.0033
===> Epoch[151](90/150): Avg. Loss: 0.0033
===> Epoch[151](120/150): Avg. Loss: 0.0032
===> Epoch[151](150/150): Avg. Loss: 0.0036
===> Avg. PSNR: 32.6977 dB
===> Avg. Loss: 0.0133
===> Epoch[152](30/150): Avg. Loss: 0.0035
===> Epoch[152](60/150): Avg. Loss: 0.0039
===> Epoch[152](90/150): Avg. Loss: 0.0038
===> Epoch[152](120/150): Avg. Loss: 0.0038
===> Epoch[152](150/150): Avg. Loss: 0.0044
===> Avg. PSNR: 31.1003 dB
===> Avg. Loss: 0.0189
===> Epoch[153](30/150): Avg. Loss: 0.0044
===> Epoch[153](60/150): Avg. Loss: 0.0037
===> Epoch[153](90/150): Avg. Loss: 0.0041
===> Epoch[153](120/150): Avg. Loss: 0.0033
===> Epoch[153](150/150): Avg. Loss: 0.0036
===> Avg. PSNR: 31.8367 dB
===> Avg. Loss: 0.0155
===> Epoch[154](30/150): Avg. Loss: 0.0046
===> Epoch[154](60/150): Avg. Loss: 0.0042
===> Epoch[154](90/150): Avg. Loss: 0.0038
===> Epoch[154](120/150): Avg. Loss: 0.0041
===> Epoch[154](150/150): Avg. Loss: 0.0034
===> Avg. PSNR: 32.6924 dB
===> Avg. Loss: 0.0132
===> Epoch[155](30/150): Avg. Loss: 0.0041
===> Epoch[155](60/150): Avg. Loss: 0.0034
===> Epoch[155](90/150): Avg. Loss: 0.0036
===> Epoch[155](120/150): Avg. Loss: 0.0046
===> Epoch[155](150/150): Avg. Loss: 0.0037
===> Avg. PSNR: 32.3752 dB
===> Avg. Loss: 0.0145
===> Epoch[156](30/150): Avg. Loss: 0.0037
===> Epoch[156](60/150): Avg. Loss: 0.0035
===> Epoch[156](90/150): Avg. Loss: 0.0036
===> Epoch[156](120/150): Avg. Loss: 0.0038
===> Epoch[156](150/150): Avg. Loss: 0.0034
===> Avg. PSNR: 31.9389 dB
===> Avg. Loss: 0.0161
===> Epoch[157](30/150): Avg. Loss: 0.0033
===> Epoch[157](60/150): Avg. Loss: 0.0035
===> Epoch[157](90/150): Avg. Loss: 0.0033
===> Epoch[157](120/150): Avg. Loss: 0.0043
===> Epoch[157](150/150): Avg. Loss: 0.0033
===> Avg. PSNR: 32.4112 dB
===> Avg. Loss: 0.0140
===> Epoch[158](30/150): Avg. Loss: 0.0040
===> Epoch[158](60/150): Avg. Loss: 0.0038
===> Epoch[158](90/150): Avg. Loss: 0.0027
===> Epoch[158](120/150): Avg. Loss: 0.0039
===> Epoch[158](150/150): Avg. Loss: 0.0036
===> Avg. PSNR: 32.0889 dB
===> Avg. Loss: 0.0150
===> Epoch[159](30/150): Avg. Loss: 0.0040
===> Epoch[159](60/150): Avg. Loss: 0.0035
===> Epoch[159](90/150): Avg. Loss: 0.0038
===> Epoch[159](120/150): Avg. Loss: 0.0036
===> Epoch[159](150/150): Avg. Loss: 0.0039
===> Avg. PSNR: 31.8052 dB
===> Avg. Loss: 0.0159
===> Epoch[160](30/150): Avg. Loss: 0.0038
===> Epoch[160](60/150): Avg. Loss: 0.0038
===> Epoch[160](90/150): Avg. Loss: 0.0031
===> Epoch[160](120/150): Avg. Loss: 0.0040
===> Epoch[160](150/150): Avg. Loss: 0.0038
===> Avg. PSNR: 32.5223 dB
===> Avg. Loss: 0.0137
===> Epoch[161](30/150): Avg. Loss: 0.0035
===> Epoch[161](60/150): Avg. Loss: 0.0031
===> Epoch[161](90/150): Avg. Loss: 0.0038
===> Epoch[161](120/150): Avg. Loss: 0.0043
===> Epoch[161](150/150): Avg. Loss: 0.0041
===> Avg. PSNR: 32.0385 dB
===> Avg. Loss: 0.0148
===> Epoch[162](30/150): Avg. Loss: 0.0029
===> Epoch[162](60/150): Avg. Loss: 0.0038
===> Epoch[162](90/150): Avg. Loss: 0.0030
===> Epoch[162](120/150): Avg. Loss: 0.0032
===> Epoch[162](150/150): Avg. Loss: 0.0034
===> Avg. PSNR: 32.0593 dB
===> Avg. Loss: 0.0147
===> Epoch[163](30/150): Avg. Loss: 0.0035
===> Epoch[163](60/150): Avg. Loss: 0.0037
===> Epoch[163](90/150): Avg. Loss: 0.0037
===> Epoch[163](120/150): Avg. Loss: 0.0033
===> Epoch[163](150/150): Avg. Loss: 0.0030
===> Avg. PSNR: 31.8325 dB
===> Avg. Loss: 0.0156
===> Epoch[164](30/150): Avg. Loss: 0.0035
===> Epoch[164](60/150): Avg. Loss: 0.0032
===> Epoch[164](90/150): Avg. Loss: 0.0038
===> Epoch[164](120/150): Avg. Loss: 0.0035
===> Epoch[164](150/150): Avg. Loss: 0.0042
===> Avg. PSNR: 29.8707 dB
===> Avg. Loss: 0.0274
===> Epoch[165](30/150): Avg. Loss: 0.0052
===> Epoch[165](60/150): Avg. Loss: 0.0044
===> Epoch[165](90/150): Avg. Loss: 0.0041
===> Epoch[165](120/150): Avg. Loss: 0.0037
===> Epoch[165](150/150): Avg. Loss: 0.0041
===> Avg. PSNR: 32.2068 dB
===> Avg. Loss: 0.0151
===> Epoch[166](30/150): Avg. Loss: 0.0036
===> Epoch[166](60/150): Avg. Loss: 0.0034
===> Epoch[166](90/150): Avg. Loss: 0.0036
===> Epoch[166](120/150): Avg. Loss: 0.0035
===> Epoch[166](150/150): Avg. Loss: 0.0039
===> Avg. PSNR: 31.8042 dB
===> Avg. Loss: 0.0150
===> Epoch[167](30/150): Avg. Loss: 0.0038
===> Epoch[167](60/150): Avg. Loss: 0.0032
===> Epoch[167](90/150): Avg. Loss: 0.0042
===> Epoch[167](120/150): Avg. Loss: 0.0035
===> Epoch[167](150/150): Avg. Loss: 0.0035
===> Avg. PSNR: 31.8815 dB
===> Avg. Loss: 0.0155
===> Epoch[168](30/150): Avg. Loss: 0.0029
===> Epoch[168](60/150): Avg. Loss: 0.0037
===> Epoch[168](90/150): Avg. Loss: 0.0037
===> Epoch[168](120/150): Avg. Loss: 0.0032
===> Epoch[168](150/150): Avg. Loss: 0.0032
===> Avg. PSNR: 32.4759 dB
===> Avg. Loss: 0.0140
===> Epoch[169](30/150): Avg. Loss: 0.0035
===> Epoch[169](60/150): Avg. Loss: 0.0035
===> Epoch[169](90/150): Avg. Loss: 0.0032
===> Epoch[169](120/150): Avg. Loss: 0.0040
===> Epoch[169](150/150): Avg. Loss: 0.0042
===> Avg. PSNR: 30.3384 dB
===> Avg. Loss: 0.0202
===> Epoch[170](30/150): Avg. Loss: 0.0036
===> Epoch[170](60/150): Avg. Loss: 0.0039
===> Epoch[170](90/150): Avg. Loss: 0.0034
===> Epoch[170](120/150): Avg. Loss: 0.0035
===> Epoch[170](150/150): Avg. Loss: 0.0041
===> Avg. PSNR: 32.1637 dB
===> Avg. Loss: 0.0142
===> Epoch[171](30/150): Avg. Loss: 0.0042
===> Epoch[171](60/150): Avg. Loss: 0.0042
===> Epoch[171](90/150): Avg. Loss: 0.0032
===> Epoch[171](120/150): Avg. Loss: 0.0038
===> Epoch[171](150/150): Avg. Loss: 0.0036
===> Avg. PSNR: 32.5453 dB
===> Avg. Loss: 0.0141
===> Epoch[172](30/150): Avg. Loss: 0.0038
===> Epoch[172](60/150): Avg. Loss: 0.0032
===> Epoch[172](90/150): Avg. Loss: 0.0036
===> Epoch[172](120/150): Avg. Loss: 0.0041
===> Epoch[172](150/150): Avg. Loss: 0.0035
===> Avg. PSNR: 32.6149 dB
===> Avg. Loss: 0.0131
===> Epoch[173](30/150): Avg. Loss: 0.0035
===> Epoch[173](60/150): Avg. Loss: 0.0033
===> Epoch[173](90/150): Avg. Loss: 0.0043
===> Epoch[173](120/150): Avg. Loss: 0.0031
===> Epoch[173](150/150): Avg. Loss: 0.0034
===> Avg. PSNR: 32.3175 dB
===> Avg. Loss: 0.0140
===> Epoch[174](30/150): Avg. Loss: 0.0033
===> Epoch[174](60/150): Avg. Loss: 0.0030
===> Epoch[174](90/150): Avg. Loss: 0.0034
===> Epoch[174](120/150): Avg. Loss: 0.0032
===> Epoch[174](150/150): Avg. Loss: 0.0040
===> Avg. PSNR: 32.5970 dB
===> Avg. Loss: 0.0139
===> Epoch[175](30/150): Avg. Loss: 0.0036
===> Epoch[175](60/150): Avg. Loss: 0.0034
===> Epoch[175](90/150): Avg. Loss: 0.0036
===> Epoch[175](120/150): Avg. Loss: 0.0036
===> Epoch[175](150/150): Avg. Loss: 0.0036
===> Avg. PSNR: 31.9769 dB
===> Avg. Loss: 0.0154
===> Epoch[176](30/150): Avg. Loss: 0.0033
===> Epoch[176](60/150): Avg. Loss: 0.0032
===> Epoch[176](90/150): Avg. Loss: 0.0035
===> Epoch[176](120/150): Avg. Loss: 0.0041
===> Epoch[176](150/150): Avg. Loss: 0.0035
===> Avg. PSNR: 32.2572 dB
===> Avg. Loss: 0.0141
===> Epoch[177](30/150): Avg. Loss: 0.0030
===> Epoch[177](60/150): Avg. Loss: 0.0033
===> Epoch[177](90/150): Avg. Loss: 0.0033
===> Epoch[177](120/150): Avg. Loss: 0.0040
===> Epoch[177](150/150): Avg. Loss: 0.0034
===> Avg. PSNR: 32.1139 dB
===> Avg. Loss: 0.0146
===> Epoch[178](30/150): Avg. Loss: 0.0035
===> Epoch[178](60/150): Avg. Loss: 0.0038
===> Epoch[178](90/150): Avg. Loss: 0.0033
===> Epoch[178](120/150): Avg. Loss: 0.0033
===> Epoch[178](150/150): Avg. Loss: 0.0036
===> Avg. PSNR: 32.3836 dB
===> Avg. Loss: 0.0139
===> Epoch[179](30/150): Avg. Loss: 0.0030
===> Epoch[179](60/150): Avg. Loss: 0.0030
===> Epoch[179](90/150): Avg. Loss: 0.0032
===> Epoch[179](120/150): Avg. Loss: 0.0036
===> Epoch[179](150/150): Avg. Loss: 0.0026
===> Avg. PSNR: 32.3565 dB
===> Avg. Loss: 0.0142
===> Epoch[180](30/150): Avg. Loss: 0.0031
===> Epoch[180](60/150): Avg. Loss: 0.0029
===> Epoch[180](90/150): Avg. Loss: 0.0029
===> Epoch[180](120/150): Avg. Loss: 0.0030
===> Epoch[180](150/150): Avg. Loss: 0.0032
===> Avg. PSNR: 32.4220 dB
===> Avg. Loss: 0.0142
===> Epoch[181](30/150): Avg. Loss: 0.0028
===> Epoch[181](60/150): Avg. Loss: 0.0035
===> Epoch[181](90/150): Avg. Loss: 0.0034
===> Epoch[181](120/150): Avg. Loss: 0.0029
===> Epoch[181](150/150): Avg. Loss: 0.0035
===> Avg. PSNR: 32.1701 dB
===> Avg. Loss: 0.0152
===> Epoch[182](30/150): Avg. Loss: 0.0036
===> Epoch[182](60/150): Avg. Loss: 0.0033
===> Epoch[182](90/150): Avg. Loss: 0.0040
===> Epoch[182](120/150): Avg. Loss: 0.0033
===> Epoch[182](150/150): Avg. Loss: 0.0033
===> Avg. PSNR: 32.3849 dB
===> Avg. Loss: 0.0140
===> Epoch[183](30/150): Avg. Loss: 0.0030
===> Epoch[183](60/150): Avg. Loss: 0.0031
===> Epoch[183](90/150): Avg. Loss: 0.0032
===> Epoch[183](120/150): Avg. Loss: 0.0037
===> Epoch[183](150/150): Avg. Loss: 0.0031
===> Avg. PSNR: 31.8445 dB
===> Avg. Loss: 0.0178
===> Epoch[184](30/150): Avg. Loss: 0.0042
===> Epoch[184](60/150): Avg. Loss: 0.0031
===> Epoch[184](90/150): Avg. Loss: 0.0028
===> Epoch[184](120/150): Avg. Loss: 0.0030
===> Epoch[184](150/150): Avg. Loss: 0.0033
===> Avg. PSNR: 31.9806 dB
===> Avg. Loss: 0.0164
===> Epoch[185](30/150): Avg. Loss: 0.0038
===> Epoch[185](60/150): Avg. Loss: 0.0031
===> Epoch[185](90/150): Avg. Loss: 0.0036
===> Epoch[185](120/150): Avg. Loss: 0.0031
===> Epoch[185](150/150): Avg. Loss: 0.0034
===> Avg. PSNR: 32.0601 dB
===> Avg. Loss: 0.0148
===> Epoch[186](30/150): Avg. Loss: 0.0029
===> Epoch[186](60/150): Avg. Loss: 0.0032
===> Epoch[186](90/150): Avg. Loss: 0.0032
===> Epoch[186](120/150): Avg. Loss: 0.0033
===> Epoch[186](150/150): Avg. Loss: 0.0034
===> Avg. PSNR: 31.9123 dB
===> Avg. Loss: 0.0149
===> Epoch[187](30/150): Avg. Loss: 0.0047
===> Epoch[187](60/150): Avg. Loss: 0.0042
===> Epoch[187](90/150): Avg. Loss: 0.0035
===> Epoch[187](120/150): Avg. Loss: 0.0027
===> Epoch[187](150/150): Avg. Loss: 0.0035
===> Avg. PSNR: 32.2611 dB
===> Avg. Loss: 0.0149
===> Epoch[188](30/150): Avg. Loss: 0.0031
===> Epoch[188](60/150): Avg. Loss: 0.0037
===> Epoch[188](90/150): Avg. Loss: 0.0047
===> Epoch[188](120/150): Avg. Loss: 0.0034
===> Epoch[188](150/150): Avg. Loss: 0.0034
===> Avg. PSNR: 32.4410 dB
===> Avg. Loss: 0.0141
===> Epoch[189](30/150): Avg. Loss: 0.0035
===> Epoch[189](60/150): Avg. Loss: 0.0036
===> Epoch[189](90/150): Avg. Loss: 0.0036
===> Epoch[189](120/150): Avg. Loss: 0.0037
===> Epoch[189](150/150): Avg. Loss: 0.0037
===> Avg. PSNR: 32.2215 dB
===> Avg. Loss: 0.0144
===> Epoch[190](30/150): Avg. Loss: 0.0036
===> Epoch[190](60/150): Avg. Loss: 0.0031
===> Epoch[190](90/150): Avg. Loss: 0.0028
===> Epoch[190](120/150): Avg. Loss: 0.0030
===> Epoch[190](150/150): Avg. Loss: 0.0031
===> Avg. PSNR: 31.9451 dB
===> Avg. Loss: 0.0147
===> Epoch[191](30/150): Avg. Loss: 0.0033
===> Epoch[191](60/150): Avg. Loss: 0.0027
===> Epoch[191](90/150): Avg. Loss: 0.0026
===> Epoch[191](120/150): Avg. Loss: 0.0032
===> Epoch[191](150/150): Avg. Loss: 0.0032
===> Avg. PSNR: 32.4748 dB
===> Avg. Loss: 0.0142
===> Epoch[192](30/150): Avg. Loss: 0.0025
===> Epoch[192](60/150): Avg. Loss: 0.0034
===> Epoch[192](90/150): Avg. Loss: 0.0029
===> Epoch[192](120/150): Avg. Loss: 0.0039
===> Epoch[192](150/150): Avg. Loss: 0.0048
===> Avg. PSNR: 31.8136 dB
===> Avg. Loss: 0.0168
===> Epoch[193](30/150): Avg. Loss: 0.0036
===> Epoch[193](60/150): Avg. Loss: 0.0041
===> Epoch[193](90/150): Avg. Loss: 0.0031
===> Epoch[193](120/150): Avg. Loss: 0.0035
===> Epoch[193](150/150): Avg. Loss: 0.0034
===> Avg. PSNR: 32.4262 dB
===> Avg. Loss: 0.0141
===> Epoch[194](30/150): Avg. Loss: 0.0030
===> Epoch[194](60/150): Avg. Loss: 0.0028
===> Epoch[194](90/150): Avg. Loss: 0.0033
===> Epoch[194](120/150): Avg. Loss: 0.0035
===> Epoch[194](150/150): Avg. Loss: 0.0037
===> Avg. PSNR: 32.6944 dB
===> Avg. Loss: 0.0135
===> Epoch[195](30/150): Avg. Loss: 0.0036
===> Epoch[195](60/150): Avg. Loss: 0.0030
===> Epoch[195](90/150): Avg. Loss: 0.0035
===> Epoch[195](120/150): Avg. Loss: 0.0032
===> Epoch[195](150/150): Avg. Loss: 0.0032
===> Avg. PSNR: 32.5187 dB
===> Avg. Loss: 0.0137
===> Epoch[196](30/150): Avg. Loss: 0.0030
===> Epoch[196](60/150): Avg. Loss: 0.0038
===> Epoch[196](90/150): Avg. Loss: 0.0036
===> Epoch[196](120/150): Avg. Loss: 0.0031
===> Epoch[196](150/150): Avg. Loss: 0.0029
===> Avg. PSNR: 32.5715 dB
===> Avg. Loss: 0.0136
===> Epoch[197](30/150): Avg. Loss: 0.0032
===> Epoch[197](60/150): Avg. Loss: 0.0031
===> Epoch[197](90/150): Avg. Loss: 0.0028
===> Epoch[197](120/150): Avg. Loss: 0.0031
===> Epoch[197](150/150): Avg. Loss: 0.0031
===> Avg. PSNR: 32.1458 dB
===> Avg. Loss: 0.0146
===> Epoch[198](30/150): Avg. Loss: 0.0036
===> Epoch[198](60/150): Avg. Loss: 0.0033
===> Epoch[198](90/150): Avg. Loss: 0.0028
===> Epoch[198](120/150): Avg. Loss: 0.0035
===> Epoch[198](150/150): Avg. Loss: 0.0029
===> Avg. PSNR: 32.7342 dB
===> Avg. Loss: 0.0134
===> Epoch[199](30/150): Avg. Loss: 0.0026
===> Epoch[199](60/150): Avg. Loss: 0.0031
===> Epoch[199](90/150): Avg. Loss: 0.0034
===> Epoch[199](120/150): Avg. Loss: 0.0032
===> Epoch[199](150/150): Avg. Loss: 0.0032
===> Avg. PSNR: 32.0706 dB
===> Avg. Loss: 0.0146
===> Epoch[200](30/150): Avg. Loss: 0.0028
===> Epoch[200](60/150): Avg. Loss: 0.0029
===> Epoch[200](90/150): Avg. Loss: 0.0032
===> Epoch[200](120/150): Avg. Loss: 0.0033
===> Epoch[200](150/150): Avg. Loss: 0.0034
===> Avg. PSNR: 32.2519 dB
===> Avg. Loss: 0.0144
===> Epoch[201](30/150): Avg. Loss: 0.0031
===> Epoch[201](60/150): Avg. Loss: 0.0032
===> Epoch[201](90/150): Avg. Loss: 0.0030
===> Epoch[201](120/150): Avg. Loss: 0.0038
===> Epoch[201](150/150): Avg. Loss: 0.0035
===> Avg. PSNR: 31.9689 dB
===> Avg. Loss: 0.0157
===> Epoch[202](30/150): Avg. Loss: 0.0036
===> Epoch[202](60/150): Avg. Loss: 0.0028
===> Epoch[202](90/150): Avg. Loss: 0.0031
===> Epoch[202](120/150): Avg. Loss: 0.0037
===> Epoch[202](150/150): Avg. Loss: 0.0032
===> Avg. PSNR: 32.7841 dB
===> Avg. Loss: 0.0128
===> Epoch[203](30/150): Avg. Loss: 0.0037
===> Epoch[203](60/150): Avg. Loss: 0.0034
===> Epoch[203](90/150): Avg. Loss: 0.0027
===> Epoch[203](120/150): Avg. Loss: 0.0028
===> Epoch[203](150/150): Avg. Loss: 0.0032
===> Avg. PSNR: 31.8961 dB
===> Avg. Loss: 0.0160
===> Epoch[204](30/150): Avg. Loss: 0.0035
===> Epoch[204](60/150): Avg. Loss: 0.0032
===> Epoch[204](90/150): Avg. Loss: 0.0028
===> Epoch[204](120/150): Avg. Loss: 0.0027
===> Epoch[204](150/150): Avg. Loss: 0.0029
===> Avg. PSNR: 32.5476 dB
===> Avg. Loss: 0.0141
===> Epoch[205](30/150): Avg. Loss: 0.0031
===> Epoch[205](60/150): Avg. Loss: 0.0034
===> Epoch[205](90/150): Avg. Loss: 0.0031
===> Epoch[205](120/150): Avg. Loss: 0.0029
===> Epoch[205](150/150): Avg. Loss: 0.0028
===> Avg. PSNR: 32.3381 dB
===> Avg. Loss: 0.0150
===> Epoch[206](30/150): Avg. Loss: 0.0034
===> Epoch[206](60/150): Avg. Loss: 0.0031
===> Epoch[206](90/150): Avg. Loss: 0.0030
===> Epoch[206](120/150): Avg. Loss: 0.0028
===> Epoch[206](150/150): Avg. Loss: 0.0029
===> Avg. PSNR: 32.6309 dB
===> Avg. Loss: 0.0133
===> Epoch[207](30/150): Avg. Loss: 0.0031
===> Epoch[207](60/150): Avg. Loss: 0.0042
===> Epoch[207](90/150): Avg. Loss: 0.0036
===> Epoch[207](120/150): Avg. Loss: 0.0036
===> Epoch[207](150/150): Avg. Loss: 0.0029
===> Avg. PSNR: 32.3789 dB
===> Avg. Loss: 0.0145
===> Epoch[208](30/150): Avg. Loss: 0.0031
===> Epoch[208](60/150): Avg. Loss: 0.0031
===> Epoch[208](90/150): Avg. Loss: 0.0027
===> Epoch[208](120/150): Avg. Loss: 0.0032
===> Epoch[208](150/150): Avg. Loss: 0.0031
===> Avg. PSNR: 32.2348 dB
===> Avg. Loss: 0.0149
===> Epoch[209](30/150): Avg. Loss: 0.0029
===> Epoch[209](60/150): Avg. Loss: 0.0033
===> Epoch[209](90/150): Avg. Loss: 0.0028
===> Epoch[209](120/150): Avg. Loss: 0.0027
===> Epoch[209](150/150): Avg. Loss: 0.0032
===> Avg. PSNR: 32.4292 dB
===> Avg. Loss: 0.0135
===> Epoch[210](30/150): Avg. Loss: 0.0029
===> Epoch[210](60/150): Avg. Loss: 0.0030
===> Epoch[210](90/150): Avg. Loss: 0.0035
===> Epoch[210](120/150): Avg. Loss: 0.0027
===> Epoch[210](150/150): Avg. Loss: 0.0032
===> Avg. PSNR: 32.6901 dB
===> Avg. Loss: 0.0136
===> Epoch[211](30/150): Avg. Loss: 0.0029
===> Epoch[211](60/150): Avg. Loss: 0.0027
===> Epoch[211](90/150): Avg. Loss: 0.0026
===> Epoch[211](120/150): Avg. Loss: 0.0028
===> Epoch[211](150/150): Avg. Loss: 0.0029
===> Avg. PSNR: 32.0846 dB
===> Avg. Loss: 0.0146
===> Epoch[212](30/150): Avg. Loss: 0.0032
===> Epoch[212](60/150): Avg. Loss: 0.0034
===> Epoch[212](90/150): Avg. Loss: 0.0038
===> Epoch[212](120/150): Avg. Loss: 0.0036
===> Epoch[212](150/150): Avg. Loss: 0.0028
===> Avg. PSNR: 32.5713 dB
===> Avg. Loss: 0.0130
===> Epoch[213](30/150): Avg. Loss: 0.0036
===> Epoch[213](60/150): Avg. Loss: 0.0029
===> Epoch[213](90/150): Avg. Loss: 0.0029
===> Epoch[213](120/150): Avg. Loss: 0.0029
===> Epoch[213](150/150): Avg. Loss: 0.0022
===> Avg. PSNR: 32.9402 dB
===> Avg. Loss: 0.0127
===> Epoch[214](30/150): Avg. Loss: 0.0031
===> Epoch[214](60/150): Avg. Loss: 0.0030
===> Epoch[214](90/150): Avg. Loss: 0.0029
===> Epoch[214](120/150): Avg. Loss: 0.0029
===> Epoch[214](150/150): Avg. Loss: 0.0027
===> Avg. PSNR: 32.6434 dB
===> Avg. Loss: 0.0134
===> Epoch[215](30/150): Avg. Loss: 0.0032
===> Epoch[215](60/150): Avg. Loss: 0.0026
===> Epoch[215](90/150): Avg. Loss: 0.0032
===> Epoch[215](120/150): Avg. Loss: 0.0031
===> Epoch[215](150/150): Avg. Loss: 0.0036
===> Avg. PSNR: 32.7661 dB
===> Avg. Loss: 0.0126
===> Epoch[216](30/150): Avg. Loss: 0.0037
===> Epoch[216](60/150): Avg. Loss: 0.0036
===> Epoch[216](90/150): Avg. Loss: 0.0043
===> Epoch[216](120/150): Avg. Loss: 0.0043
===> Epoch[216](150/150): Avg. Loss: 0.0043
===> Avg. PSNR: 32.4054 dB
===> Avg. Loss: 0.0140
===> Epoch[217](30/150): Avg. Loss: 0.0030
===> Epoch[217](60/150): Avg. Loss: 0.0028
===> Epoch[217](90/150): Avg. Loss: 0.0029
===> Epoch[217](120/150): Avg. Loss: 0.0032
===> Epoch[217](150/150): Avg. Loss: 0.0030
===> Avg. PSNR: 32.2082 dB
===> Avg. Loss: 0.0144
===> Epoch[218](30/150): Avg. Loss: 0.0031
===> Epoch[218](60/150): Avg. Loss: 0.0028
===> Epoch[218](90/150): Avg. Loss: 0.0032
===> Epoch[218](120/150): Avg. Loss: 0.0032
===> Epoch[218](150/150): Avg. Loss: 0.0032
===> Avg. PSNR: 32.2964 dB
===> Avg. Loss: 0.0139
===> Epoch[219](30/150): Avg. Loss: 0.0034
===> Epoch[219](60/150): Avg. Loss: 0.0030
===> Epoch[219](90/150): Avg. Loss: 0.0024
===> Epoch[219](120/150): Avg. Loss: 0.0029
===> Epoch[219](150/150): Avg. Loss: 0.0025
===> Avg. PSNR: 32.3158 dB
===> Avg. Loss: 0.0136
===> Epoch[220](30/150): Avg. Loss: 0.0028
===> Epoch[220](60/150): Avg. Loss: 0.0033
===> Epoch[220](90/150): Avg. Loss: 0.0032
===> Epoch[220](120/150): Avg. Loss: 0.0029
===> Epoch[220](150/150): Avg. Loss: 0.0029
===> Avg. PSNR: 32.5449 dB
===> Avg. Loss: 0.0133
===> Epoch[221](30/150): Avg. Loss: 0.0028
===> Epoch[221](60/150): Avg. Loss: 0.0030
===> Epoch[221](90/150): Avg. Loss: 0.0029
===> Epoch[221](120/150): Avg. Loss: 0.0027
===> Epoch[221](150/150): Avg. Loss: 0.0025
===> Avg. PSNR: 32.4245 dB
===> Avg. Loss: 0.0138
===> Epoch[222](30/150): Avg. Loss: 0.0028
===> Epoch[222](60/150): Avg. Loss: 0.0029
===> Epoch[222](90/150): Avg. Loss: 0.0030
===> Epoch[222](120/150): Avg. Loss: 0.0032
===> Epoch[222](150/150): Avg. Loss: 0.0042
===> Avg. PSNR: 31.9990 dB
===> Avg. Loss: 0.0155
===> Epoch[223](30/150): Avg. Loss: 0.0032
===> Epoch[223](60/150): Avg. Loss: 0.0026
===> Epoch[223](90/150): Avg. Loss: 0.0032
===> Epoch[223](120/150): Avg. Loss: 0.0027
===> Epoch[223](150/150): Avg. Loss: 0.0029
===> Avg. PSNR: 31.9273 dB
===> Avg. Loss: 0.0146
===> Epoch[224](30/150): Avg. Loss: 0.0029
===> Epoch[224](60/150): Avg. Loss: 0.0028
===> Epoch[224](90/150): Avg. Loss: 0.0030
===> Epoch[224](120/150): Avg. Loss: 0.0028
===> Epoch[224](150/150): Avg. Loss: 0.0028
===> Avg. PSNR: 32.2893 dB
===> Avg. Loss: 0.0153
===> Epoch[225](30/150): Avg. Loss: 0.0029
===> Epoch[225](60/150): Avg. Loss: 0.0032
===> Epoch[225](90/150): Avg. Loss: 0.0031
===> Epoch[225](120/150): Avg. Loss: 0.0029
===> Epoch[225](150/150): Avg. Loss: 0.0027
===> Avg. PSNR: 32.3967 dB
===> Avg. Loss: 0.0137
===> Epoch[226](30/150): Avg. Loss: 0.0038
===> Epoch[226](60/150): Avg. Loss: 0.0030
===> Epoch[226](90/150): Avg. Loss: 0.0024
===> Epoch[226](120/150): Avg. Loss: 0.0029
===> Epoch[226](150/150): Avg. Loss: 0.0031
===> Avg. PSNR: 32.3854 dB
===> Avg. Loss: 0.0135
===> Epoch[227](30/150): Avg. Loss: 0.0024
===> Epoch[227](60/150): Avg. Loss: 0.0029
===> Epoch[227](90/150): Avg. Loss: 0.0033
===> Epoch[227](120/150): Avg. Loss: 0.0031
===> Epoch[227](150/150): Avg. Loss: 0.0033
===> Avg. PSNR: 32.0844 dB
===> Avg. Loss: 0.0166
===> Epoch[228](30/150): Avg. Loss: 0.0037
===> Epoch[228](60/150): Avg. Loss: 0.0037
===> Epoch[228](90/150): Avg. Loss: 0.0032
===> Epoch[228](120/150): Avg. Loss: 0.0029
===> Epoch[228](150/150): Avg. Loss: 0.0033
===> Avg. PSNR: 32.3430 dB
===> Avg. Loss: 0.0138
===> Epoch[229](30/150): Avg. Loss: 0.0031
===> Epoch[229](60/150): Avg. Loss: 0.0027
===> Epoch[229](90/150): Avg. Loss: 0.0034
===> Epoch[229](120/150): Avg. Loss: 0.0034
===> Epoch[229](150/150): Avg. Loss: 0.0033
===> Avg. PSNR: 32.5418 dB
===> Avg. Loss: 0.0144
===> Epoch[230](30/150): Avg. Loss: 0.0030
===> Epoch[230](60/150): Avg. Loss: 0.0026
===> Epoch[230](90/150): Avg. Loss: 0.0026
===> Epoch[230](120/150): Avg. Loss: 0.0029
===> Epoch[230](150/150): Avg. Loss: 0.0029
===> Avg. PSNR: 31.9635 dB
===> Avg. Loss: 0.0151
===> Epoch[231](30/150): Avg. Loss: 0.0027
===> Epoch[231](60/150): Avg. Loss: 0.0028
===> Epoch[231](90/150): Avg. Loss: 0.0029
===> Epoch[231](120/150): Avg. Loss: 0.0029
===> Epoch[231](150/150): Avg. Loss: 0.0031
===> Avg. PSNR: 31.9536 dB
===> Avg. Loss: 0.0158
===> Epoch[232](30/150): Avg. Loss: 0.0031
===> Epoch[232](60/150): Avg. Loss: 0.0029
===> Epoch[232](90/150): Avg. Loss: 0.0031
===> Epoch[232](120/150): Avg. Loss: 0.0030
===> Epoch[232](150/150): Avg. Loss: 0.0024
===> Avg. PSNR: 32.7848 dB
===> Avg. Loss: 0.0135
===> Epoch[233](30/150): Avg. Loss: 0.0024
===> Epoch[233](60/150): Avg. Loss: 0.0027
===> Epoch[233](90/150): Avg. Loss: 0.0030
===> Epoch[233](120/150): Avg. Loss: 0.0029
===> Epoch[233](150/150): Avg. Loss: 0.0025
===> Avg. PSNR: 32.7484 dB
===> Avg. Loss: 0.0137
===> Epoch[234](30/150): Avg. Loss: 0.0028
===> Epoch[234](60/150): Avg. Loss: 0.0029
===> Epoch[234](90/150): Avg. Loss: 0.0028
===> Epoch[234](120/150): Avg. Loss: 0.0026
===> Epoch[234](150/150): Avg. Loss: 0.0028
===> Avg. PSNR: 32.4658 dB
===> Avg. Loss: 0.0142
===> Epoch[235](30/150): Avg. Loss: 0.0045
===> Epoch[235](60/150): Avg. Loss: 0.0032
===> Epoch[235](90/150): Avg. Loss: 0.0032
===> Epoch[235](120/150): Avg. Loss: 0.0033
===> Epoch[235](150/150): Avg. Loss: 0.0030
===> Avg. PSNR: 32.4716 dB
===> Avg. Loss: 0.0136
===> Epoch[236](30/150): Avg. Loss: 0.0029
===> Epoch[236](60/150): Avg. Loss: 0.0031
===> Epoch[236](90/150): Avg. Loss: 0.0027
===> Epoch[236](120/150): Avg. Loss: 0.0032
===> Epoch[236](150/150): Avg. Loss: 0.0036
===> Avg. PSNR: 31.7477 dB
===> Avg. Loss: 0.0154
===> Epoch[237](30/150): Avg. Loss: 0.0027
===> Epoch[237](60/150): Avg. Loss: 0.0028
===> Epoch[237](90/150): Avg. Loss: 0.0024
===> Epoch[237](120/150): Avg. Loss: 0.0034
===> Epoch[237](150/150): Avg. Loss: 0.0030
===> Avg. PSNR: 32.3290 dB
===> Avg. Loss: 0.0141
===> Epoch[238](30/150): Avg. Loss: 0.0026
===> Epoch[238](60/150): Avg. Loss: 0.0035
===> Epoch[238](90/150): Avg. Loss: 0.0038
===> Epoch[238](120/150): Avg. Loss: 0.0028
===> Epoch[238](150/150): Avg. Loss: 0.0028
===> Avg. PSNR: 32.8392 dB
===> Avg. Loss: 0.0128
===> Epoch[239](30/150): Avg. Loss: 0.0027
===> Epoch[239](60/150): Avg. Loss: 0.0027
===> Epoch[239](90/150): Avg. Loss: 0.0027
===> Epoch[239](120/150): Avg. Loss: 0.0033
===> Epoch[239](150/150): Avg. Loss: 0.0037
===> Avg. PSNR: 32.3313 dB
===> Avg. Loss: 0.0135
===> Epoch[240](30/150): Avg. Loss: 0.0031
===> Epoch[240](60/150): Avg. Loss: 0.0029
===> Epoch[240](90/150): Avg. Loss: 0.0024
===> Epoch[240](120/150): Avg. Loss: 0.0030
===> Epoch[240](150/150): Avg. Loss: 0.0030
===> Avg. PSNR: 32.4399 dB
===> Avg. Loss: 0.0132
===> Epoch[241](30/150): Avg. Loss: 0.0026
===> Epoch[241](60/150): Avg. Loss: 0.0026
===> Epoch[241](90/150): Avg. Loss: 0.0025
===> Epoch[241](120/150): Avg. Loss: 0.0030
===> Epoch[241](150/150): Avg. Loss: 0.0030
===> Avg. PSNR: 32.2849 dB
===> Avg. Loss: 0.0140
