training log record, random seed=777
dataset configuration: epoch size = 150, batch size = 16, patch size = 256
===> Epoch[1](30/150): Avg. Loss: 0.0754
===> Epoch[1](60/150): Avg. Loss: 0.0538
===> Epoch[1](90/150): Avg. Loss: 0.0276
===> Epoch[1](120/150): Avg. Loss: 0.0261
===> Epoch[1](150/150): Avg. Loss: 0.0256
===> Avg. PSNR: 25.0169 dB
===> Avg. Loss: 0.0451
===> Epoch[2](30/150): Avg. Loss: 0.0254
===> Epoch[2](60/150): Avg. Loss: 0.0251
===> Epoch[2](90/150): Avg. Loss: 0.0236
===> Epoch[2](120/150): Avg. Loss: 0.0253
===> Epoch[2](150/150): Avg. Loss: 0.0221
===> Avg. PSNR: 25.2110 dB
===> Avg. Loss: 0.0427
===> Epoch[3](30/150): Avg. Loss: 0.0240
===> Epoch[3](60/150): Avg. Loss: 0.0231
===> Epoch[3](90/150): Avg. Loss: 0.0227
===> Epoch[3](120/150): Avg. Loss: 0.0238
===> Epoch[3](150/150): Avg. Loss: 0.0228
===> Avg. PSNR: 25.1211 dB
===> Avg. Loss: 0.0423
===> Epoch[4](30/150): Avg. Loss: 0.0228
===> Epoch[4](60/150): Avg. Loss: 0.0229
===> Epoch[4](90/150): Avg. Loss: 0.0214
===> Epoch[4](120/150): Avg. Loss: 0.0234
===> Epoch[4](150/150): Avg. Loss: 0.0231
===> Avg. PSNR: 24.6991 dB
===> Avg. Loss: 0.0447
===> Epoch[5](30/150): Avg. Loss: 0.0222
===> Epoch[5](60/150): Avg. Loss: 0.0221
===> Epoch[5](90/150): Avg. Loss: 0.0218
===> Epoch[5](120/150): Avg. Loss: 0.0199
===> Epoch[5](150/150): Avg. Loss: 0.0202
===> Avg. PSNR: 25.8264 dB
===> Avg. Loss: 0.0338
===> Epoch[6](30/150): Avg. Loss: 0.0200
===> Epoch[6](60/150): Avg. Loss: 0.0191
===> Epoch[6](90/150): Avg. Loss: 0.0170
===> Epoch[6](120/150): Avg. Loss: 0.0180
===> Epoch[6](150/150): Avg. Loss: 0.0195
===> Avg. PSNR: 25.8154 dB
===> Avg. Loss: 0.0342
===> Epoch[7](30/150): Avg. Loss: 0.0164
===> Epoch[7](60/150): Avg. Loss: 0.0173
===> Epoch[7](90/150): Avg. Loss: 0.0171
===> Epoch[7](120/150): Avg. Loss: 0.0167
===> Epoch[7](150/150): Avg. Loss: 0.0139
===> Avg. PSNR: 27.2334 dB
===> Avg. Loss: 0.0255
===> Epoch[8](30/150): Avg. Loss: 0.0132
===> Epoch[8](60/150): Avg. Loss: 0.0129
===> Epoch[8](90/150): Avg. Loss: 0.0129
===> Epoch[8](120/150): Avg. Loss: 0.0114
===> Epoch[8](150/150): Avg. Loss: 0.0117
===> Avg. PSNR: 27.0742 dB
===> Avg. Loss: 0.0251
===> Epoch[9](30/150): Avg. Loss: 0.0109
===> Epoch[9](60/150): Avg. Loss: 0.0107
===> Epoch[9](90/150): Avg. Loss: 0.0107
===> Epoch[9](120/150): Avg. Loss: 0.0111
===> Epoch[9](150/150): Avg. Loss: 0.0123
===> Avg. PSNR: 27.5625 dB
===> Avg. Loss: 0.0218
===> Epoch[10](30/150): Avg. Loss: 0.0113
===> Epoch[10](60/150): Avg. Loss: 0.0100
===> Epoch[10](90/150): Avg. Loss: 0.0106
===> Epoch[10](120/150): Avg. Loss: 0.0096
===> Epoch[10](150/150): Avg. Loss: 0.0097
===> Avg. PSNR: 27.5753 dB
===> Avg. Loss: 0.0247
===> Epoch[11](30/150): Avg. Loss: 0.0093
===> Epoch[11](60/150): Avg. Loss: 0.0100
===> Epoch[11](90/150): Avg. Loss: 0.0100
===> Epoch[11](120/150): Avg. Loss: 0.0103
===> Epoch[11](150/150): Avg. Loss: 0.0100
===> Avg. PSNR: 28.5555 dB
===> Avg. Loss: 0.0193
===> Epoch[12](30/150): Avg. Loss: 0.0105
===> Epoch[12](60/150): Avg. Loss: 0.0100
===> Epoch[12](90/150): Avg. Loss: 0.0094
===> Epoch[12](120/150): Avg. Loss: 0.0095
===> Epoch[12](150/150): Avg. Loss: 0.0099
===> Avg. PSNR: 27.8494 dB
===> Avg. Loss: 0.0228
===> Epoch[13](30/150): Avg. Loss: 0.0088
===> Epoch[13](60/150): Avg. Loss: 0.0092
===> Epoch[13](90/150): Avg. Loss: 0.0088
===> Epoch[13](120/150): Avg. Loss: 0.0088
===> Epoch[13](150/150): Avg. Loss: 0.0076
===> Avg. PSNR: 28.7391 dB
===> Avg. Loss: 0.0178
===> Epoch[14](30/150): Avg. Loss: 0.0091
===> Epoch[14](60/150): Avg. Loss: 0.0083
===> Epoch[14](90/150): Avg. Loss: 0.0073
===> Epoch[14](120/150): Avg. Loss: 0.0083
===> Epoch[14](150/150): Avg. Loss: 0.0084
===> Avg. PSNR: 28.8174 dB
===> Avg. Loss: 0.0183
===> Epoch[15](30/150): Avg. Loss: 0.0081
===> Epoch[15](60/150): Avg. Loss: 0.0077
===> Epoch[15](90/150): Avg. Loss: 0.0086
===> Epoch[15](120/150): Avg. Loss: 0.0076
===> Epoch[15](150/150): Avg. Loss: 0.0089
===> Avg. PSNR: 28.5975 dB
===> Avg. Loss: 0.0190
===> Epoch[16](30/150): Avg. Loss: 0.0077
===> Epoch[16](60/150): Avg. Loss: 0.0075
===> Epoch[16](90/150): Avg. Loss: 0.0080
===> Epoch[16](120/150): Avg. Loss: 0.0076
===> Epoch[16](150/150): Avg. Loss: 0.0086
===> Avg. PSNR: 26.9267 dB
===> Avg. Loss: 0.0282
===> Epoch[17](30/150): Avg. Loss: 0.0086
===> Epoch[17](60/150): Avg. Loss: 0.0082
===> Epoch[17](90/150): Avg. Loss: 0.0094
===> Epoch[17](120/150): Avg. Loss: 0.0081
===> Epoch[17](150/150): Avg. Loss: 0.0081
===> Avg. PSNR: 29.0779 dB
===> Avg. Loss: 0.0195
===> Epoch[18](30/150): Avg. Loss: 0.0079
===> Epoch[18](60/150): Avg. Loss: 0.0079
===> Epoch[18](90/150): Avg. Loss: 0.0086
===> Epoch[18](120/150): Avg. Loss: 0.0077
===> Epoch[18](150/150): Avg. Loss: 0.0076
===> Avg. PSNR: 28.6444 dB
===> Avg. Loss: 0.0210
===> Epoch[19](30/150): Avg. Loss: 0.0072
===> Epoch[19](60/150): Avg. Loss: 0.0074
===> Epoch[19](90/150): Avg. Loss: 0.0071
===> Epoch[19](120/150): Avg. Loss: 0.0085
===> Epoch[19](150/150): Avg. Loss: 0.0073
===> Avg. PSNR: 28.8167 dB
===> Avg. Loss: 0.0204
===> Epoch[20](30/150): Avg. Loss: 0.0078
===> Epoch[20](60/150): Avg. Loss: 0.0074
===> Epoch[20](90/150): Avg. Loss: 0.0074
===> Epoch[20](120/150): Avg. Loss: 0.0072
===> Epoch[20](150/150): Avg. Loss: 0.0074
===> Avg. PSNR: 29.7102 dB
===> Avg. Loss: 0.0153
===> Epoch[21](30/150): Avg. Loss: 0.0068
===> Epoch[21](60/150): Avg. Loss: 0.0082
===> Epoch[21](90/150): Avg. Loss: 0.0073
===> Epoch[21](120/150): Avg. Loss: 0.0079
===> Epoch[21](150/150): Avg. Loss: 0.0071
===> Avg. PSNR: 27.3319 dB
===> Avg. Loss: 0.0276
===> Epoch[22](30/150): Avg. Loss: 0.0077
===> Epoch[22](60/150): Avg. Loss: 0.0075
===> Epoch[22](90/150): Avg. Loss: 0.0073
===> Epoch[22](120/150): Avg. Loss: 0.0065
===> Epoch[22](150/150): Avg. Loss: 0.0078
===> Avg. PSNR: 27.6925 dB
===> Avg. Loss: 0.0270
===> Epoch[23](30/150): Avg. Loss: 0.0079
===> Epoch[23](60/150): Avg. Loss: 0.0070
===> Epoch[23](90/150): Avg. Loss: 0.0079
===> Epoch[23](120/150): Avg. Loss: 0.0084
===> Epoch[23](150/150): Avg. Loss: 0.0069
===> Avg. PSNR: 30.4071 dB
===> Avg. Loss: 0.0128
===> Epoch[24](30/150): Avg. Loss: 0.0076
===> Epoch[24](60/150): Avg. Loss: 0.0067
===> Epoch[24](90/150): Avg. Loss: 0.0072
===> Epoch[24](120/150): Avg. Loss: 0.0083
===> Epoch[24](150/150): Avg. Loss: 0.0063
===> Avg. PSNR: 30.0875 dB
===> Avg. Loss: 0.0133
===> Epoch[25](30/150): Avg. Loss: 0.0070
===> Epoch[25](60/150): Avg. Loss: 0.0072
===> Epoch[25](90/150): Avg. Loss: 0.0060
===> Epoch[25](120/150): Avg. Loss: 0.0066
===> Epoch[25](150/150): Avg. Loss: 0.0069
===> Avg. PSNR: 30.0906 dB
===> Avg. Loss: 0.0133
===> Epoch[26](30/150): Avg. Loss: 0.0062
===> Epoch[26](60/150): Avg. Loss: 0.0069
===> Epoch[26](90/150): Avg. Loss: 0.0069
===> Epoch[26](120/150): Avg. Loss: 0.0065
===> Epoch[26](150/150): Avg. Loss: 0.0069
===> Avg. PSNR: 30.1959 dB
===> Avg. Loss: 0.0135
===> Epoch[27](30/150): Avg. Loss: 0.0068
===> Epoch[27](60/150): Avg. Loss: 0.0064
===> Epoch[27](90/150): Avg. Loss: 0.0074
===> Epoch[27](120/150): Avg. Loss: 0.0071
===> Epoch[27](150/150): Avg. Loss: 0.0069
===> Avg. PSNR: 30.3910 dB
===> Avg. Loss: 0.0128
===> Epoch[28](30/150): Avg. Loss: 0.0067
===> Epoch[28](60/150): Avg. Loss: 0.0063
===> Epoch[28](90/150): Avg. Loss: 0.0064
===> Epoch[28](120/150): Avg. Loss: 0.0070
===> Epoch[28](150/150): Avg. Loss: 0.0064
===> Avg. PSNR: 30.7404 dB
===> Avg. Loss: 0.0115
===> Epoch[29](30/150): Avg. Loss: 0.0063
===> Epoch[29](60/150): Avg. Loss: 0.0066
===> Epoch[29](90/150): Avg. Loss: 0.0072
===> Epoch[29](120/150): Avg. Loss: 0.0063
===> Epoch[29](150/150): Avg. Loss: 0.0060
===> Avg. PSNR: 30.3429 dB
===> Avg. Loss: 0.0135
===> Epoch[30](30/150): Avg. Loss: 0.0065
===> Epoch[30](60/150): Avg. Loss: 0.0063
===> Epoch[30](90/150): Avg. Loss: 0.0066
===> Epoch[30](120/150): Avg. Loss: 0.0062
===> Epoch[30](150/150): Avg. Loss: 0.0058
===> Avg. PSNR: 30.0586 dB
===> Avg. Loss: 0.0139
===> Epoch[31](30/150): Avg. Loss: 0.0067
===> Epoch[31](60/150): Avg. Loss: 0.0064
===> Epoch[31](90/150): Avg. Loss: 0.0061
===> Epoch[31](120/150): Avg. Loss: 0.0060
===> Epoch[31](150/150): Avg. Loss: 0.0065
===> Avg. PSNR: 30.9501 dB
===> Avg. Loss: 0.0101
===> Epoch[32](30/150): Avg. Loss: 0.0061
===> Epoch[32](60/150): Avg. Loss: 0.0059
===> Epoch[32](90/150): Avg. Loss: 0.0064
===> Epoch[32](120/150): Avg. Loss: 0.0060
===> Epoch[32](150/150): Avg. Loss: 0.0063
===> Avg. PSNR: 30.1758 dB
===> Avg. Loss: 0.0124
===> Epoch[33](30/150): Avg. Loss: 0.0066
===> Epoch[33](60/150): Avg. Loss: 0.0061
===> Epoch[33](90/150): Avg. Loss: 0.0066
===> Epoch[33](120/150): Avg. Loss: 0.0057
===> Epoch[33](150/150): Avg. Loss: 0.0063
===> Avg. PSNR: 30.7751 dB
===> Avg. Loss: 0.0114
===> Epoch[34](30/150): Avg. Loss: 0.0055
===> Epoch[34](60/150): Avg. Loss: 0.0055
===> Epoch[34](90/150): Avg. Loss: 0.0068
===> Epoch[34](120/150): Avg. Loss: 0.0063
===> Epoch[34](150/150): Avg. Loss: 0.0060
===> Avg. PSNR: 29.9092 dB
===> Avg. Loss: 0.0150
===> Epoch[35](30/150): Avg. Loss: 0.0072
===> Epoch[35](60/150): Avg. Loss: 0.0066
===> Epoch[35](90/150): Avg. Loss: 0.0054
===> Epoch[35](120/150): Avg. Loss: 0.0053
===> Epoch[35](150/150): Avg. Loss: 0.0059
===> Avg. PSNR: 30.0463 dB
===> Avg. Loss: 0.0132
===> Epoch[36](30/150): Avg. Loss: 0.0056
===> Epoch[36](60/150): Avg. Loss: 0.0070
===> Epoch[36](90/150): Avg. Loss: 0.0057
===> Epoch[36](120/150): Avg. Loss: 0.0062
===> Epoch[36](150/150): Avg. Loss: 0.0059
===> Avg. PSNR: 30.6322 dB
===> Avg. Loss: 0.0127
===> Epoch[37](30/150): Avg. Loss: 0.0061
===> Epoch[37](60/150): Avg. Loss: 0.0061
===> Epoch[37](90/150): Avg. Loss: 0.0061
===> Epoch[37](120/150): Avg. Loss: 0.0059
===> Epoch[37](150/150): Avg. Loss: 0.0054
===> Avg. PSNR: 31.0592 dB
===> Avg. Loss: 0.0101
===> Epoch[38](30/150): Avg. Loss: 0.0064
===> Epoch[38](60/150): Avg. Loss: 0.0058
===> Epoch[38](90/150): Avg. Loss: 0.0051
===> Epoch[38](120/150): Avg. Loss: 0.0057
===> Epoch[38](150/150): Avg. Loss: 0.0054
===> Avg. PSNR: 30.4757 dB
===> Avg. Loss: 0.0123
===> Epoch[39](30/150): Avg. Loss: 0.0052
===> Epoch[39](60/150): Avg. Loss: 0.0061
===> Epoch[39](90/150): Avg. Loss: 0.0062
===> Epoch[39](120/150): Avg. Loss: 0.0051
===> Epoch[39](150/150): Avg. Loss: 0.0058
===> Avg. PSNR: 30.4955 dB
===> Avg. Loss: 0.0127
===> Epoch[40](30/150): Avg. Loss: 0.0052
===> Epoch[40](60/150): Avg. Loss: 0.0059
===> Epoch[40](90/150): Avg. Loss: 0.0056
===> Epoch[40](120/150): Avg. Loss: 0.0052
===> Epoch[40](150/150): Avg. Loss: 0.0059
===> Avg. PSNR: 30.7345 dB
===> Avg. Loss: 0.0118
===> Epoch[41](30/150): Avg. Loss: 0.0063
===> Epoch[41](60/150): Avg. Loss: 0.0054
===> Epoch[41](90/150): Avg. Loss: 0.0057
===> Epoch[41](120/150): Avg. Loss: 0.0056
===> Epoch[41](150/150): Avg. Loss: 0.0060
===> Avg. PSNR: 30.9210 dB
===> Avg. Loss: 0.0120
===> Epoch[42](30/150): Avg. Loss: 0.0057
===> Epoch[42](60/150): Avg. Loss: 0.0052
===> Epoch[42](90/150): Avg. Loss: 0.0059
===> Epoch[42](120/150): Avg. Loss: 0.0058
===> Epoch[42](150/150): Avg. Loss: 0.0055
===> Avg. PSNR: 30.9410 dB
===> Avg. Loss: 0.0115
===> Epoch[43](30/150): Avg. Loss: 0.0057
===> Epoch[43](60/150): Avg. Loss: 0.0065
===> Epoch[43](90/150): Avg. Loss: 0.0058
===> Epoch[43](120/150): Avg. Loss: 0.0058
===> Epoch[43](150/150): Avg. Loss: 0.0055
===> Avg. PSNR: 31.0072 dB
===> Avg. Loss: 0.0114
===> Epoch[44](30/150): Avg. Loss: 0.0057
===> Epoch[44](60/150): Avg. Loss: 0.0055
===> Epoch[44](90/150): Avg. Loss: 0.0055
===> Epoch[44](120/150): Avg. Loss: 0.0053
===> Epoch[44](150/150): Avg. Loss: 0.0052
===> Avg. PSNR: 30.6164 dB
===> Avg. Loss: 0.0119
===> Epoch[45](30/150): Avg. Loss: 0.0052
===> Epoch[45](60/150): Avg. Loss: 0.0056
===> Epoch[45](90/150): Avg. Loss: 0.0056
===> Epoch[45](120/150): Avg. Loss: 0.0059
===> Epoch[45](150/150): Avg. Loss: 0.0053
===> Avg. PSNR: 30.4392 dB
===> Avg. Loss: 0.0138
===> Epoch[46](30/150): Avg. Loss: 0.0057
===> Epoch[46](60/150): Avg. Loss: 0.0061
===> Epoch[46](90/150): Avg. Loss: 0.0054
===> Epoch[46](120/150): Avg. Loss: 0.0053
===> Epoch[46](150/150): Avg. Loss: 0.0055
===> Avg. PSNR: 30.4339 dB
===> Avg. Loss: 0.0130
===> Epoch[47](30/150): Avg. Loss: 0.0057
===> Epoch[47](60/150): Avg. Loss: 0.0052
===> Epoch[47](90/150): Avg. Loss: 0.0057
===> Epoch[47](120/150): Avg. Loss: 0.0052
===> Epoch[47](150/150): Avg. Loss: 0.0050
===> Avg. PSNR: 29.2116 dB
===> Avg. Loss: 0.0183
===> Epoch[48](30/150): Avg. Loss: 0.0055
===> Epoch[48](60/150): Avg. Loss: 0.0058
===> Epoch[48](90/150): Avg. Loss: 0.0052
===> Epoch[48](120/150): Avg. Loss: 0.0052
===> Epoch[48](150/150): Avg. Loss: 0.0052
===> Avg. PSNR: 29.1260 dB
===> Avg. Loss: 0.0180
===> Epoch[49](30/150): Avg. Loss: 0.0059
===> Epoch[49](60/150): Avg. Loss: 0.0054
===> Epoch[49](90/150): Avg. Loss: 0.0046
===> Epoch[49](120/150): Avg. Loss: 0.0049
===> Epoch[49](150/150): Avg. Loss: 0.0052
===> Avg. PSNR: 29.7133 dB
===> Avg. Loss: 0.0145
===> Epoch[50](30/150): Avg. Loss: 0.0051
===> Epoch[50](60/150): Avg. Loss: 0.0056
===> Epoch[50](90/150): Avg. Loss: 0.0050
===> Epoch[50](120/150): Avg. Loss: 0.0048
===> Epoch[50](150/150): Avg. Loss: 0.0052
===> Avg. PSNR: 30.1310 dB
===> Avg. Loss: 0.0150
===> Epoch[51](30/150): Avg. Loss: 0.0050
===> Epoch[51](60/150): Avg. Loss: 0.0049
===> Epoch[51](90/150): Avg. Loss: 0.0050
===> Epoch[51](120/150): Avg. Loss: 0.0051
===> Epoch[51](150/150): Avg. Loss: 0.0060
===> Avg. PSNR: 31.0032 dB
===> Avg. Loss: 0.0105
===> Epoch[52](30/150): Avg. Loss: 0.0050
===> Epoch[52](60/150): Avg. Loss: 0.0049
===> Epoch[52](90/150): Avg. Loss: 0.0055
===> Epoch[52](120/150): Avg. Loss: 0.0050
===> Epoch[52](150/150): Avg. Loss: 0.0048
===> Avg. PSNR: 31.1493 dB
===> Avg. Loss: 0.0101
===> Epoch[53](30/150): Avg. Loss: 0.0047
===> Epoch[53](60/150): Avg. Loss: 0.0049
===> Epoch[53](90/150): Avg. Loss: 0.0047
===> Epoch[53](120/150): Avg. Loss: 0.0049
===> Epoch[53](150/150): Avg. Loss: 0.0050
===> Avg. PSNR: 29.3692 dB
===> Avg. Loss: 0.0171
===> Epoch[54](30/150): Avg. Loss: 0.0050
===> Epoch[54](60/150): Avg. Loss: 0.0049
===> Epoch[54](90/150): Avg. Loss: 0.0049
===> Epoch[54](120/150): Avg. Loss: 0.0050
===> Epoch[54](150/150): Avg. Loss: 0.0049
===> Avg. PSNR: 30.4772 dB
===> Avg. Loss: 0.0117
===> Epoch[55](30/150): Avg. Loss: 0.0052
===> Epoch[55](60/150): Avg. Loss: 0.0050
===> Epoch[55](90/150): Avg. Loss: 0.0049
===> Epoch[55](120/150): Avg. Loss: 0.0047
===> Epoch[55](150/150): Avg. Loss: 0.0049
===> Avg. PSNR: 30.9518 dB
===> Avg. Loss: 0.0104
===> Epoch[56](30/150): Avg. Loss: 0.0045
===> Epoch[56](60/150): Avg. Loss: 0.0047
===> Epoch[56](90/150): Avg. Loss: 0.0050
===> Epoch[56](120/150): Avg. Loss: 0.0052
===> Epoch[56](150/150): Avg. Loss: 0.0057
===> Avg. PSNR: 30.7770 dB
===> Avg. Loss: 0.0116
===> Epoch[57](30/150): Avg. Loss: 0.0047
===> Epoch[57](60/150): Avg. Loss: 0.0051
===> Epoch[57](90/150): Avg. Loss: 0.0049
===> Epoch[57](120/150): Avg. Loss: 0.0051
===> Epoch[57](150/150): Avg. Loss: 0.0047
===> Avg. PSNR: 30.8676 dB
===> Avg. Loss: 0.0110
===> Epoch[58](30/150): Avg. Loss: 0.0041
===> Epoch[58](60/150): Avg. Loss: 0.0055
===> Epoch[58](90/150): Avg. Loss: 0.0049
===> Epoch[58](120/150): Avg. Loss: 0.0049
===> Epoch[58](150/150): Avg. Loss: 0.0047
===> Avg. PSNR: 28.4417 dB
===> Avg. Loss: 0.0234
===> Epoch[59](30/150): Avg. Loss: 0.0047
===> Epoch[59](60/150): Avg. Loss: 0.0049
===> Epoch[59](90/150): Avg. Loss: 0.0044
===> Epoch[59](120/150): Avg. Loss: 0.0055
===> Epoch[59](150/150): Avg. Loss: 0.0047
===> Avg. PSNR: 30.6727 dB
===> Avg. Loss: 0.0132
===> Epoch[60](30/150): Avg. Loss: 0.0055
===> Epoch[60](60/150): Avg. Loss: 0.0051
===> Epoch[60](90/150): Avg. Loss: 0.0054
===> Epoch[60](120/150): Avg. Loss: 0.0043
===> Epoch[60](150/150): Avg. Loss: 0.0047
===> Avg. PSNR: 30.7537 dB
===> Avg. Loss: 0.0129
===> Epoch[61](30/150): Avg. Loss: 0.0046
===> Epoch[61](60/150): Avg. Loss: 0.0047
===> Epoch[61](90/150): Avg. Loss: 0.0049
===> Epoch[61](120/150): Avg. Loss: 0.0049
===> Epoch[61](150/150): Avg. Loss: 0.0048
===> Avg. PSNR: 30.6732 dB
===> Avg. Loss: 0.0122
===> Epoch[62](30/150): Avg. Loss: 0.0045
===> Epoch[62](60/150): Avg. Loss: 0.0046
===> Epoch[62](90/150): Avg. Loss: 0.0046
===> Epoch[62](120/150): Avg. Loss: 0.0048
===> Epoch[62](150/150): Avg. Loss: 0.0046
===> Avg. PSNR: 29.9011 dB
===> Avg. Loss: 0.0140
===> Epoch[63](30/150): Avg. Loss: 0.0045
===> Epoch[63](60/150): Avg. Loss: 0.0045
===> Epoch[63](90/150): Avg. Loss: 0.0040
===> Epoch[63](120/150): Avg. Loss: 0.0046
===> Epoch[63](150/150): Avg. Loss: 0.0049
===> Avg. PSNR: 30.3780 dB
===> Avg. Loss: 0.0134
===> Epoch[64](30/150): Avg. Loss: 0.0042
===> Epoch[64](60/150): Avg. Loss: 0.0043
===> Epoch[64](90/150): Avg. Loss: 0.0054
===> Epoch[64](120/150): Avg. Loss: 0.0042
===> Epoch[64](150/150): Avg. Loss: 0.0045
===> Avg. PSNR: 28.4626 dB
===> Avg. Loss: 0.0226
===> Epoch[65](30/150): Avg. Loss: 0.0038
===> Epoch[65](60/150): Avg. Loss: 0.0044
===> Epoch[65](90/150): Avg. Loss: 0.0044
===> Epoch[65](120/150): Avg. Loss: 0.0046
===> Epoch[65](150/150): Avg. Loss: 0.0051
===> Avg. PSNR: 29.6232 dB
===> Avg. Loss: 0.0173
===> Epoch[66](30/150): Avg. Loss: 0.0048
===> Epoch[66](60/150): Avg. Loss: 0.0051
===> Epoch[66](90/150): Avg. Loss: 0.0047
===> Epoch[66](120/150): Avg. Loss: 0.0044
===> Epoch[66](150/150): Avg. Loss: 0.0044
===> Avg. PSNR: 31.5988 dB
===> Avg. Loss: 0.0104
===> Epoch[67](30/150): Avg. Loss: 0.0040
===> Epoch[67](60/150): Avg. Loss: 0.0048
===> Epoch[67](90/150): Avg. Loss: 0.0052
===> Epoch[67](120/150): Avg. Loss: 0.0047
===> Epoch[67](150/150): Avg. Loss: 0.0052
===> Avg. PSNR: 29.9741 dB
===> Avg. Loss: 0.0124
===> Epoch[68](30/150): Avg. Loss: 0.0054
===> Epoch[68](60/150): Avg. Loss: 0.0045
===> Epoch[68](90/150): Avg. Loss: 0.0041
===> Epoch[68](120/150): Avg. Loss: 0.0043
===> Epoch[68](150/150): Avg. Loss: 0.0043
===> Avg. PSNR: 29.8322 dB
===> Avg. Loss: 0.0148
===> Epoch[69](30/150): Avg. Loss: 0.0041
===> Epoch[69](60/150): Avg. Loss: 0.0045
===> Epoch[69](90/150): Avg. Loss: 0.0041
===> Epoch[69](120/150): Avg. Loss: 0.0038
===> Epoch[69](150/150): Avg. Loss: 0.0044
===> Avg. PSNR: 31.3467 dB
===> Avg. Loss: 0.0093
===> Epoch[70](30/150): Avg. Loss: 0.0049
===> Epoch[70](60/150): Avg. Loss: 0.0045
===> Epoch[70](90/150): Avg. Loss: 0.0038
===> Epoch[70](120/150): Avg. Loss: 0.0046
===> Epoch[70](150/150): Avg. Loss: 0.0046
===> Avg. PSNR: 27.3141 dB
===> Avg. Loss: 0.0288
===> Epoch[71](30/150): Avg. Loss: 0.0046
===> Epoch[71](60/150): Avg. Loss: 0.0045
===> Epoch[71](90/150): Avg. Loss: 0.0044
===> Epoch[71](120/150): Avg. Loss: 0.0043
===> Epoch[71](150/150): Avg. Loss: 0.0043
===> Avg. PSNR: 29.7131 dB
===> Avg. Loss: 0.0146
===> Epoch[72](30/150): Avg. Loss: 0.0045
===> Epoch[72](60/150): Avg. Loss: 0.0042
===> Epoch[72](90/150): Avg. Loss: 0.0043
===> Epoch[72](120/150): Avg. Loss: 0.0043
===> Epoch[72](150/150): Avg. Loss: 0.0043
===> Avg. PSNR: 31.2309 dB
===> Avg. Loss: 0.0109
===> Epoch[73](30/150): Avg. Loss: 0.0044
===> Epoch[73](60/150): Avg. Loss: 0.0040
===> Epoch[73](90/150): Avg. Loss: 0.0042
===> Epoch[73](120/150): Avg. Loss: 0.0040
===> Epoch[73](150/150): Avg. Loss: 0.0047
===> Avg. PSNR: 30.3646 dB
===> Avg. Loss: 0.0132
===> Epoch[74](30/150): Avg. Loss: 0.0041
===> Epoch[74](60/150): Avg. Loss: 0.0043
===> Epoch[74](90/150): Avg. Loss: 0.0044
===> Epoch[74](120/150): Avg. Loss: 0.0045
===> Epoch[74](150/150): Avg. Loss: 0.0043
===> Avg. PSNR: 29.4898 dB
===> Avg. Loss: 0.0160
===> Epoch[75](30/150): Avg. Loss: 0.0040
===> Epoch[75](60/150): Avg. Loss: 0.0040
===> Epoch[75](90/150): Avg. Loss: 0.0046
===> Epoch[75](120/150): Avg. Loss: 0.0042
===> Epoch[75](150/150): Avg. Loss: 0.0040
===> Avg. PSNR: 31.5614 dB
===> Avg. Loss: 0.0087
===> Epoch[76](30/150): Avg. Loss: 0.0044
===> Epoch[76](60/150): Avg. Loss: 0.0047
===> Epoch[76](90/150): Avg. Loss: 0.0039
===> Epoch[76](120/150): Avg. Loss: 0.0042
===> Epoch[76](150/150): Avg. Loss: 0.0038
===> Avg. PSNR: 30.5441 dB
===> Avg. Loss: 0.0126
===> Epoch[77](30/150): Avg. Loss: 0.0036
===> Epoch[77](60/150): Avg. Loss: 0.0043
===> Epoch[77](90/150): Avg. Loss: 0.0041
===> Epoch[77](120/150): Avg. Loss: 0.0038
===> Epoch[77](150/150): Avg. Loss: 0.0040
===> Avg. PSNR: 30.8490 dB
===> Avg. Loss: 0.0111
===> Epoch[78](30/150): Avg. Loss: 0.0041
===> Epoch[78](60/150): Avg. Loss: 0.0043
===> Epoch[78](90/150): Avg. Loss: 0.0041
===> Epoch[78](120/150): Avg. Loss: 0.0037
===> Epoch[78](150/150): Avg. Loss: 0.0039
===> Avg. PSNR: 29.6306 dB
===> Avg. Loss: 0.0158
===> Epoch[79](30/150): Avg. Loss: 0.0046
===> Epoch[79](60/150): Avg. Loss: 0.0039
===> Epoch[79](90/150): Avg. Loss: 0.0038
===> Epoch[79](120/150): Avg. Loss: 0.0036
===> Epoch[79](150/150): Avg. Loss: 0.0040
===> Avg. PSNR: 30.7128 dB
===> Avg. Loss: 0.0118
===> Epoch[80](30/150): Avg. Loss: 0.0041
===> Epoch[80](60/150): Avg. Loss: 0.0037
===> Epoch[80](90/150): Avg. Loss: 0.0038
===> Epoch[80](120/150): Avg. Loss: 0.0040
===> Epoch[80](150/150): Avg. Loss: 0.0039
===> Avg. PSNR: 32.1852 dB
===> Avg. Loss: 0.0087
===> Epoch[81](30/150): Avg. Loss: 0.0042
===> Epoch[81](60/150): Avg. Loss: 0.0040
===> Epoch[81](90/150): Avg. Loss: 0.0037
===> Epoch[81](120/150): Avg. Loss: 0.0038
===> Epoch[81](150/150): Avg. Loss: 0.0038
===> Avg. PSNR: 31.4905 dB
===> Avg. Loss: 0.0088
===> Epoch[82](30/150): Avg. Loss: 0.0036
===> Epoch[82](60/150): Avg. Loss: 0.0038
===> Epoch[82](90/150): Avg. Loss: 0.0040
===> Epoch[82](120/150): Avg. Loss: 0.0038
===> Epoch[82](150/150): Avg. Loss: 0.0039
===> Avg. PSNR: 31.3441 dB
===> Avg. Loss: 0.0098
===> Epoch[83](30/150): Avg. Loss: 0.0041
===> Epoch[83](60/150): Avg. Loss: 0.0041
===> Epoch[83](90/150): Avg. Loss: 0.0038
===> Epoch[83](120/150): Avg. Loss: 0.0039
===> Epoch[83](150/150): Avg. Loss: 0.0040
===> Avg. PSNR: 31.9039 dB
===> Avg. Loss: 0.0084
===> Epoch[84](30/150): Avg. Loss: 0.0039
===> Epoch[84](60/150): Avg. Loss: 0.0038
===> Epoch[84](90/150): Avg. Loss: 0.0039
===> Epoch[84](120/150): Avg. Loss: 0.0039
===> Epoch[84](150/150): Avg. Loss: 0.0041
===> Avg. PSNR: 32.4367 dB
===> Avg. Loss: 0.0071
===> Epoch[85](30/150): Avg. Loss: 0.0037
===> Epoch[85](60/150): Avg. Loss: 0.0035
===> Epoch[85](90/150): Avg. Loss: 0.0037
===> Epoch[85](120/150): Avg. Loss: 0.0037
===> Epoch[85](150/150): Avg. Loss: 0.0041
===> Avg. PSNR: 31.3360 dB
===> Avg. Loss: 0.0091
===> Epoch[86](30/150): Avg. Loss: 0.0037
===> Epoch[86](60/150): Avg. Loss: 0.0037
===> Epoch[86](90/150): Avg. Loss: 0.0038
===> Epoch[86](120/150): Avg. Loss: 0.0039
===> Epoch[86](150/150): Avg. Loss: 0.0037
===> Avg. PSNR: 31.3607 dB
===> Avg. Loss: 0.0096
===> Epoch[87](30/150): Avg. Loss: 0.0037
===> Epoch[87](60/150): Avg. Loss: 0.0038
===> Epoch[87](90/150): Avg. Loss: 0.0041
===> Epoch[87](120/150): Avg. Loss: 0.0036
===> Epoch[87](150/150): Avg. Loss: 0.0037
===> Avg. PSNR: 31.6899 dB
===> Avg. Loss: 0.0089
===> Epoch[88](30/150): Avg. Loss: 0.0038
===> Epoch[88](60/150): Avg. Loss: 0.0039
===> Epoch[88](90/150): Avg. Loss: 0.0041
===> Epoch[88](120/150): Avg. Loss: 0.0036
===> Epoch[88](150/150): Avg. Loss: 0.0033
===> Avg. PSNR: 31.2749 dB
===> Avg. Loss: 0.0092
===> Epoch[89](30/150): Avg. Loss: 0.0032
===> Epoch[89](60/150): Avg. Loss: 0.0033
===> Epoch[89](90/150): Avg. Loss: 0.0033
===> Epoch[89](120/150): Avg. Loss: 0.0035
===> Epoch[89](150/150): Avg. Loss: 0.0039
===> Avg. PSNR: 31.5897 dB
===> Avg. Loss: 0.0090
===> Epoch[90](30/150): Avg. Loss: 0.0038
===> Epoch[90](60/150): Avg. Loss: 0.0034
===> Epoch[90](90/150): Avg. Loss: 0.0031
===> Epoch[90](120/150): Avg. Loss: 0.0033
===> Epoch[90](150/150): Avg. Loss: 0.0032
===> Avg. PSNR: 31.9600 dB
===> Avg. Loss: 0.0084
===> Epoch[91](30/150): Avg. Loss: 0.0035
===> Epoch[91](60/150): Avg. Loss: 0.0032
===> Epoch[91](90/150): Avg. Loss: 0.0033
===> Epoch[91](120/150): Avg. Loss: 0.0037
===> Epoch[91](150/150): Avg. Loss: 0.0036
===> Avg. PSNR: 32.0691 dB
===> Avg. Loss: 0.0078
===> Epoch[92](30/150): Avg. Loss: 0.0033
===> Epoch[92](60/150): Avg. Loss: 0.0033
===> Epoch[92](90/150): Avg. Loss: 0.0033
===> Epoch[92](120/150): Avg. Loss: 0.0036
===> Epoch[92](150/150): Avg. Loss: 0.0033
===> Avg. PSNR: 31.9701 dB
===> Avg. Loss: 0.0088
===> Epoch[93](30/150): Avg. Loss: 0.0034
===> Epoch[93](60/150): Avg. Loss: 0.0033
===> Epoch[93](90/150): Avg. Loss: 0.0033
===> Epoch[93](120/150): Avg. Loss: 0.0039
===> Epoch[93](150/150): Avg. Loss: 0.0036
===> Avg. PSNR: 31.8722 dB
===> Avg. Loss: 0.0085
===> Epoch[94](30/150): Avg. Loss: 0.0034
===> Epoch[94](60/150): Avg. Loss: 0.0036
===> Epoch[94](90/150): Avg. Loss: 0.0034
===> Epoch[94](120/150): Avg. Loss: 0.0031
===> Epoch[94](150/150): Avg. Loss: 0.0031
===> Avg. PSNR: 32.3537 dB
===> Avg. Loss: 0.0074
===> Epoch[95](30/150): Avg. Loss: 0.0031
===> Epoch[95](60/150): Avg. Loss: 0.0030
===> Epoch[95](90/150): Avg. Loss: 0.0031
===> Epoch[95](120/150): Avg. Loss: 0.0032
===> Epoch[95](150/150): Avg. Loss: 0.0035
===> Avg. PSNR: 32.3167 dB
===> Avg. Loss: 0.0073
===> Epoch[96](30/150): Avg. Loss: 0.0032
===> Epoch[96](60/150): Avg. Loss: 0.0033
===> Epoch[96](90/150): Avg. Loss: 0.0030
===> Epoch[96](120/150): Avg. Loss: 0.0028
===> Epoch[96](150/150): Avg. Loss: 0.0032
===> Avg. PSNR: 31.2749 dB
===> Avg. Loss: 0.0088
===> Epoch[97](30/150): Avg. Loss: 0.0031
===> Epoch[97](60/150): Avg. Loss: 0.0030
===> Epoch[97](90/150): Avg. Loss: 0.0030
===> Epoch[97](120/150): Avg. Loss: 0.0029
===> Epoch[97](150/150): Avg. Loss: 0.0028
===> Avg. PSNR: 33.2018 dB
===> Avg. Loss: 0.0065
===> Epoch[98](30/150): Avg. Loss: 0.0030
===> Epoch[98](60/150): Avg. Loss: 0.0033
===> Epoch[98](90/150): Avg. Loss: 0.0027
===> Epoch[98](120/150): Avg. Loss: 0.0027
===> Epoch[98](150/150): Avg. Loss: 0.0029
===> Avg. PSNR: 32.9250 dB
===> Avg. Loss: 0.0069
===> Epoch[99](30/150): Avg. Loss: 0.0031
===> Epoch[99](60/150): Avg. Loss: 0.0031
===> Epoch[99](90/150): Avg. Loss: 0.0029
===> Epoch[99](120/150): Avg. Loss: 0.0027
===> Epoch[99](150/150): Avg. Loss: 0.0030
===> Avg. PSNR: 32.9754 dB
===> Avg. Loss: 0.0068
===> Epoch[100](30/150): Avg. Loss: 0.0030
===> Epoch[100](60/150): Avg. Loss: 0.0030
===> Epoch[100](90/150): Avg. Loss: 0.0028
===> Epoch[100](120/150): Avg. Loss: 0.0029
===> Epoch[100](150/150): Avg. Loss: 0.0026
===> Avg. PSNR: 32.6142 dB
===> Avg. Loss: 0.0084
===> Epoch[101](30/150): Avg. Loss: 0.0026
===> Epoch[101](60/150): Avg. Loss: 0.0026
===> Epoch[101](90/150): Avg. Loss: 0.0030
===> Epoch[101](120/150): Avg. Loss: 0.0029
===> Epoch[101](150/150): Avg. Loss: 0.0029
===> Avg. PSNR: 32.8564 dB
===> Avg. Loss: 0.0072
===> Epoch[102](30/150): Avg. Loss: 0.0027
===> Epoch[102](60/150): Avg. Loss: 0.0027
===> Epoch[102](90/150): Avg. Loss: 0.0030
===> Epoch[102](120/150): Avg. Loss: 0.0029
===> Epoch[102](150/150): Avg. Loss: 0.0028
===> Avg. PSNR: 32.7219 dB
===> Avg. Loss: 0.0070
===> Epoch[103](30/150): Avg. Loss: 0.0027
===> Epoch[103](60/150): Avg. Loss: 0.0026
===> Epoch[103](90/150): Avg. Loss: 0.0028
===> Epoch[103](120/150): Avg. Loss: 0.0033
===> Epoch[103](150/150): Avg. Loss: 0.0029
===> Avg. PSNR: 32.3056 dB
===> Avg. Loss: 0.0079
===> Epoch[104](30/150): Avg. Loss: 0.0028
===> Epoch[104](60/150): Avg. Loss: 0.0029
===> Epoch[104](90/150): Avg. Loss: 0.0026
===> Epoch[104](120/150): Avg. Loss: 0.0024
===> Epoch[104](150/150): Avg. Loss: 0.0028
===> Avg. PSNR: 32.7389 dB
===> Avg. Loss: 0.0080
===> Epoch[105](30/150): Avg. Loss: 0.0030
===> Epoch[105](60/150): Avg. Loss: 0.0032
===> Epoch[105](90/150): Avg. Loss: 0.0027
===> Epoch[105](120/150): Avg. Loss: 0.0029
===> Epoch[105](150/150): Avg. Loss: 0.0032
===> Avg. PSNR: 32.6461 dB
===> Avg. Loss: 0.0070
===> Epoch[106](30/150): Avg. Loss: 0.0028
===> Epoch[106](60/150): Avg. Loss: 0.0024
===> Epoch[106](90/150): Avg. Loss: 0.0028
===> Epoch[106](120/150): Avg. Loss: 0.0028
===> Epoch[106](150/150): Avg. Loss: 0.0027
===> Avg. PSNR: 32.2052 dB
===> Avg. Loss: 0.0082
===> Epoch[107](30/150): Avg. Loss: 0.0026
===> Epoch[107](60/150): Avg. Loss: 0.0028
===> Epoch[107](90/150): Avg. Loss: 0.0026
===> Epoch[107](120/150): Avg. Loss: 0.0026
===> Epoch[107](150/150): Avg. Loss: 0.0024
===> Avg. PSNR: 32.9098 dB
===> Avg. Loss: 0.0077
===> Epoch[108](30/150): Avg. Loss: 0.0024
===> Epoch[108](60/150): Avg. Loss: 0.0023
===> Epoch[108](90/150): Avg. Loss: 0.0025
===> Epoch[108](120/150): Avg. Loss: 0.0026
===> Epoch[108](150/150): Avg. Loss: 0.0025
===> Avg. PSNR: 32.9859 dB
===> Avg. Loss: 0.0069
===> Epoch[109](30/150): Avg. Loss: 0.0028
===> Epoch[109](60/150): Avg. Loss: 0.0028
===> Epoch[109](90/150): Avg. Loss: 0.0025
===> Epoch[109](120/150): Avg. Loss: 0.0026
===> Epoch[109](150/150): Avg. Loss: 0.0026
===> Avg. PSNR: 32.3344 dB
===> Avg. Loss: 0.0096
===> Epoch[110](30/150): Avg. Loss: 0.0025
===> Epoch[110](60/150): Avg. Loss: 0.0025
===> Epoch[110](90/150): Avg. Loss: 0.0026
===> Epoch[110](120/150): Avg. Loss: 0.0025
===> Epoch[110](150/150): Avg. Loss: 0.0024
===> Avg. PSNR: 32.7152 dB
===> Avg. Loss: 0.0085
===> Epoch[111](30/150): Avg. Loss: 0.0023
===> Epoch[111](60/150): Avg. Loss: 0.0022
===> Epoch[111](90/150): Avg. Loss: 0.0023
===> Epoch[111](120/150): Avg. Loss: 0.0024
===> Epoch[111](150/150): Avg. Loss: 0.0027
===> Avg. PSNR: 32.3270 dB
===> Avg. Loss: 0.0102
===> Epoch[112](30/150): Avg. Loss: 0.0025
===> Epoch[112](60/150): Avg. Loss: 0.0023
===> Epoch[112](90/150): Avg. Loss: 0.0025
===> Epoch[112](120/150): Avg. Loss: 0.0025
===> Epoch[112](150/150): Avg. Loss: 0.0026
===> Avg. PSNR: 33.1552 dB
===> Avg. Loss: 0.0074
===> Epoch[113](30/150): Avg. Loss: 0.0024
===> Epoch[113](60/150): Avg. Loss: 0.0022
===> Epoch[113](90/150): Avg. Loss: 0.0025
===> Epoch[113](120/150): Avg. Loss: 0.0027
===> Epoch[113](150/150): Avg. Loss: 0.0025
===> Avg. PSNR: 33.0739 dB
===> Avg. Loss: 0.0070
===> Epoch[114](30/150): Avg. Loss: 0.0023
===> Epoch[114](60/150): Avg. Loss: 0.0023
===> Epoch[114](90/150): Avg. Loss: 0.0025
===> Epoch[114](120/150): Avg. Loss: 0.0027
===> Epoch[114](150/150): Avg. Loss: 0.0023
===> Avg. PSNR: 33.2059 dB
===> Avg. Loss: 0.0087
===> Epoch[115](30/150): Avg. Loss: 0.0023
===> Epoch[115](60/150): Avg. Loss: 0.0025
===> Epoch[115](90/150): Avg. Loss: 0.0026
===> Epoch[115](120/150): Avg. Loss: 0.0022
===> Epoch[115](150/150): Avg. Loss: 0.0022
===> Avg. PSNR: 33.3799 dB
===> Avg. Loss: 0.0063
===> Epoch[116](30/150): Avg. Loss: 0.0020
===> Epoch[116](60/150): Avg. Loss: 0.0021
===> Epoch[116](90/150): Avg. Loss: 0.0024
===> Epoch[116](120/150): Avg. Loss: 0.0024
===> Epoch[116](150/150): Avg. Loss: 0.0023
===> Avg. PSNR: 32.8408 dB
===> Avg. Loss: 0.0072
===> Epoch[117](30/150): Avg. Loss: 0.0024
===> Epoch[117](60/150): Avg. Loss: 0.0023
===> Epoch[117](90/150): Avg. Loss: 0.0021
===> Epoch[117](120/150): Avg. Loss: 0.0025
===> Epoch[117](150/150): Avg. Loss: 0.0024
===> Avg. PSNR: 33.7409 dB
===> Avg. Loss: 0.0059
===> Epoch[118](30/150): Avg. Loss: 0.0020
===> Epoch[118](60/150): Avg. Loss: 0.0022
===> Epoch[118](90/150): Avg. Loss: 0.0022
===> Epoch[118](120/150): Avg. Loss: 0.0024
===> Epoch[118](150/150): Avg. Loss: 0.0024
===> Avg. PSNR: 33.6344 dB
===> Avg. Loss: 0.0059
===> Epoch[119](30/150): Avg. Loss: 0.0023
===> Epoch[119](60/150): Avg. Loss: 0.0020
===> Epoch[119](90/150): Avg. Loss: 0.0021
===> Epoch[119](120/150): Avg. Loss: 0.0020
===> Epoch[119](150/150): Avg. Loss: 0.0021
===> Avg. PSNR: 33.6863 dB
===> Avg. Loss: 0.0070
===> Epoch[120](30/150): Avg. Loss: 0.0020
===> Epoch[120](60/150): Avg. Loss: 0.0021
===> Epoch[120](90/150): Avg. Loss: 0.0024
===> Epoch[120](120/150): Avg. Loss: 0.0021
===> Epoch[120](150/150): Avg. Loss: 0.0023
===> Avg. PSNR: 33.6173 dB
===> Avg. Loss: 0.0055
===> Epoch[121](30/150): Avg. Loss: 0.0021
===> Epoch[121](60/150): Avg. Loss: 0.0022
===> Epoch[121](90/150): Avg. Loss: 0.0022
===> Epoch[121](120/150): Avg. Loss: 0.0021
===> Epoch[121](150/150): Avg. Loss: 0.0023
===> Avg. PSNR: 33.1056 dB
===> Avg. Loss: 0.0068
===> Epoch[122](30/150): Avg. Loss: 0.0025
===> Epoch[122](60/150): Avg. Loss: 0.0021
===> Epoch[122](90/150): Avg. Loss: 0.0021
===> Epoch[122](120/150): Avg. Loss: 0.0019
===> Epoch[122](150/150): Avg. Loss: 0.0022
===> Avg. PSNR: 33.4296 dB
===> Avg. Loss: 0.0060
===> Epoch[123](30/150): Avg. Loss: 0.0021
===> Epoch[123](60/150): Avg. Loss: 0.0022
===> Epoch[123](90/150): Avg. Loss: 0.0020
===> Epoch[123](120/150): Avg. Loss: 0.0021
===> Epoch[123](150/150): Avg. Loss: 0.0022
===> Avg. PSNR: 33.4353 dB
===> Avg. Loss: 0.0060
===> Epoch[124](30/150): Avg. Loss: 0.0022
===> Epoch[124](60/150): Avg. Loss: 0.0023
===> Epoch[124](90/150): Avg. Loss: 0.0021
===> Epoch[124](120/150): Avg. Loss: 0.0021
===> Epoch[124](150/150): Avg. Loss: 0.0020
===> Avg. PSNR: 33.6578 dB
===> Avg. Loss: 0.0056
===> Epoch[125](30/150): Avg. Loss: 0.0021
===> Epoch[125](60/150): Avg. Loss: 0.0020
===> Epoch[125](90/150): Avg. Loss: 0.0020
===> Epoch[125](120/150): Avg. Loss: 0.0020
===> Epoch[125](150/150): Avg. Loss: 0.0019
===> Avg. PSNR: 34.0069 dB
===> Avg. Loss: 0.0052
===> Epoch[126](30/150): Avg. Loss: 0.0020
===> Epoch[126](60/150): Avg. Loss: 0.0020
===> Epoch[126](90/150): Avg. Loss: 0.0023
===> Epoch[126](120/150): Avg. Loss: 0.0025
===> Epoch[126](150/150): Avg. Loss: 0.0020
===> Avg. PSNR: 33.8692 dB
===> Avg. Loss: 0.0057
===> Epoch[127](30/150): Avg. Loss: 0.0022
===> Epoch[127](60/150): Avg. Loss: 0.0022
===> Epoch[127](90/150): Avg. Loss: 0.0026
===> Epoch[127](120/150): Avg. Loss: 0.0022
===> Epoch[127](150/150): Avg. Loss: 0.0021
===> Avg. PSNR: 33.7961 dB
===> Avg. Loss: 0.0065
===> Epoch[128](30/150): Avg. Loss: 0.0020
===> Epoch[128](60/150): Avg. Loss: 0.0021
===> Epoch[128](90/150): Avg. Loss: 0.0020
===> Epoch[128](120/150): Avg. Loss: 0.0019
===> Epoch[128](150/150): Avg. Loss: 0.0020
===> Avg. PSNR: 34.3846 dB
===> Avg. Loss: 0.0051
===> Epoch[129](30/150): Avg. Loss: 0.0023
===> Epoch[129](60/150): Avg. Loss: 0.0025
===> Epoch[129](90/150): Avg. Loss: 0.0021
===> Epoch[129](120/150): Avg. Loss: 0.0019
===> Epoch[129](150/150): Avg. Loss: 0.0019
===> Avg. PSNR: 33.8649 dB
===> Avg. Loss: 0.0065
===> Epoch[130](30/150): Avg. Loss: 0.0020
===> Epoch[130](60/150): Avg. Loss: 0.0020
===> Epoch[130](90/150): Avg. Loss: 0.0021
===> Epoch[130](120/150): Avg. Loss: 0.0019
===> Epoch[130](150/150): Avg. Loss: 0.0021
===> Avg. PSNR: 33.5741 dB
===> Avg. Loss: 0.0065
===> Epoch[131](30/150): Avg. Loss: 0.0020
===> Epoch[131](60/150): Avg. Loss: 0.0021
===> Epoch[131](90/150): Avg. Loss: 0.0020
===> Epoch[131](120/150): Avg. Loss: 0.0021
===> Epoch[131](150/150): Avg. Loss: 0.0020
===> Avg. PSNR: 33.7688 dB
===> Avg. Loss: 0.0057
===> Epoch[132](30/150): Avg. Loss: 0.0020
===> Epoch[132](60/150): Avg. Loss: 0.0019
===> Epoch[132](90/150): Avg. Loss: 0.0019
===> Epoch[132](120/150): Avg. Loss: 0.0020
===> Epoch[132](150/150): Avg. Loss: 0.0019
===> Avg. PSNR: 33.8010 dB
===> Avg. Loss: 0.0057
===> Epoch[133](30/150): Avg. Loss: 0.0020
===> Epoch[133](60/150): Avg. Loss: 0.0020
===> Epoch[133](90/150): Avg. Loss: 0.0020
===> Epoch[133](120/150): Avg. Loss: 0.0019
===> Epoch[133](150/150): Avg. Loss: 0.0024
===> Avg. PSNR: 33.4519 dB
===> Avg. Loss: 0.0059
===> Epoch[134](30/150): Avg. Loss: 0.0028
===> Epoch[134](60/150): Avg. Loss: 0.0025
===> Epoch[134](90/150): Avg. Loss: 0.0023
===> Epoch[134](120/150): Avg. Loss: 0.0022
===> Epoch[134](150/150): Avg. Loss: 0.0027
===> Avg. PSNR: 33.2873 dB
===> Avg. Loss: 0.0063
===> Epoch[135](30/150): Avg. Loss: 0.0023
===> Epoch[135](60/150): Avg. Loss: 0.0020
===> Epoch[135](90/150): Avg. Loss: 0.0019
===> Epoch[135](120/150): Avg. Loss: 0.0021
===> Epoch[135](150/150): Avg. Loss: 0.0022
===> Avg. PSNR: 33.6995 dB
===> Avg. Loss: 0.0064
===> Epoch[136](30/150): Avg. Loss: 0.0019
===> Epoch[136](60/150): Avg. Loss: 0.0020
===> Epoch[136](90/150): Avg. Loss: 0.0019
===> Epoch[136](120/150): Avg. Loss: 0.0018
===> Epoch[136](150/150): Avg. Loss: 0.0017
===> Avg. PSNR: 33.6910 dB
===> Avg. Loss: 0.0059
===> Epoch[137](30/150): Avg. Loss: 0.0018
===> Epoch[137](60/150): Avg. Loss: 0.0020
===> Epoch[137](90/150): Avg. Loss: 0.0018
===> Epoch[137](120/150): Avg. Loss: 0.0018
===> Epoch[137](150/150): Avg. Loss: 0.0017
===> Avg. PSNR: 34.0286 dB
===> Avg. Loss: 0.0052
===> Epoch[138](30/150): Avg. Loss: 0.0020
===> Epoch[138](60/150): Avg. Loss: 0.0019
===> Epoch[138](90/150): Avg. Loss: 0.0019
===> Epoch[138](120/150): Avg. Loss: 0.0018
===> Epoch[138](150/150): Avg. Loss: 0.0018
===> Avg. PSNR: 34.2877 dB
===> Avg. Loss: 0.0054
===> Epoch[139](30/150): Avg. Loss: 0.0018
===> Epoch[139](60/150): Avg. Loss: 0.0018
===> Epoch[139](90/150): Avg. Loss: 0.0019
===> Epoch[139](120/150): Avg. Loss: 0.0017
===> Epoch[139](150/150): Avg. Loss: 0.0019
===> Avg. PSNR: 34.2546 dB
===> Avg. Loss: 0.0051
===> Epoch[140](30/150): Avg. Loss: 0.0017
===> Epoch[140](60/150): Avg. Loss: 0.0019
===> Epoch[140](90/150): Avg. Loss: 0.0018
===> Epoch[140](120/150): Avg. Loss: 0.0018
===> Epoch[140](150/150): Avg. Loss: 0.0018
===> Avg. PSNR: 33.9760 dB
===> Avg. Loss: 0.0073
===> Epoch[141](30/150): Avg. Loss: 0.0020
===> Epoch[141](60/150): Avg. Loss: 0.0019
===> Epoch[141](90/150): Avg. Loss: 0.0018
===> Epoch[141](120/150): Avg. Loss: 0.0019
===> Epoch[141](150/150): Avg. Loss: 0.0018
===> Avg. PSNR: 32.7710 dB
===> Avg. Loss: 0.0071
===> Epoch[142](30/150): Avg. Loss: 0.0020
===> Epoch[142](60/150): Avg. Loss: 0.0018
===> Epoch[142](90/150): Avg. Loss: 0.0018
===> Epoch[142](120/150): Avg. Loss: 0.0019
===> Epoch[142](150/150): Avg. Loss: 0.0017
===> Avg. PSNR: 34.4466 dB
===> Avg. Loss: 0.0056
===> Epoch[143](30/150): Avg. Loss: 0.0019
===> Epoch[143](60/150): Avg. Loss: 0.0017
===> Epoch[143](90/150): Avg. Loss: 0.0017
===> Epoch[143](120/150): Avg. Loss: 0.0016
===> Epoch[143](150/150): Avg. Loss: 0.0017
===> Avg. PSNR: 34.0149 dB
===> Avg. Loss: 0.0056
===> Epoch[144](30/150): Avg. Loss: 0.0017
===> Epoch[144](60/150): Avg. Loss: 0.0023
===> Epoch[144](90/150): Avg. Loss: 0.0020
===> Epoch[144](120/150): Avg. Loss: 0.0019
===> Epoch[144](150/150): Avg. Loss: 0.0019
===> Avg. PSNR: 34.0302 dB
===> Avg. Loss: 0.0059
===> Epoch[145](30/150): Avg. Loss: 0.0018
===> Epoch[145](60/150): Avg. Loss: 0.0018
===> Epoch[145](90/150): Avg. Loss: 0.0017
===> Epoch[145](120/150): Avg. Loss: 0.0018
===> Epoch[145](150/150): Avg. Loss: 0.0018
===> Avg. PSNR: 34.0606 dB
===> Avg. Loss: 0.0054
===> Epoch[146](30/150): Avg. Loss: 0.0018
===> Epoch[146](60/150): Avg. Loss: 0.0017
===> Epoch[146](90/150): Avg. Loss: 0.0017
===> Epoch[146](120/150): Avg. Loss: 0.0018
===> Epoch[146](150/150): Avg. Loss: 0.0018
===> Avg. PSNR: 33.9398 dB
===> Avg. Loss: 0.0055
===> Epoch[147](30/150): Avg. Loss: 0.0017
===> Epoch[147](60/150): Avg. Loss: 0.0017
===> Epoch[147](90/150): Avg. Loss: 0.0018
===> Epoch[147](120/150): Avg. Loss: 0.0017
===> Epoch[147](150/150): Avg. Loss: 0.0018
===> Avg. PSNR: 34.0845 dB
===> Avg. Loss: 0.0054
===> Epoch[148](30/150): Avg. Loss: 0.0017
===> Epoch[148](60/150): Avg. Loss: 0.0017
===> Epoch[148](90/150): Avg. Loss: 0.0018
===> Epoch[148](120/150): Avg. Loss: 0.0019
===> Epoch[148](150/150): Avg. Loss: 0.0018
===> Avg. PSNR: 34.3392 dB
===> Avg. Loss: 0.0048
===> Epoch[149](30/150): Avg. Loss: 0.0017
===> Epoch[149](60/150): Avg. Loss: 0.0016
===> Epoch[149](90/150): Avg. Loss: 0.0017
===> Epoch[149](120/150): Avg. Loss: 0.0017
===> Epoch[149](150/150): Avg. Loss: 0.0018
===> Avg. PSNR: 33.4140 dB
===> Avg. Loss: 0.0073
===> Epoch[150](30/150): Avg. Loss: 0.0016
===> Epoch[150](60/150): Avg. Loss: 0.0015
===> Epoch[150](90/150): Avg. Loss: 0.0018
===> Epoch[150](120/150): Avg. Loss: 0.0017
===> Epoch[150](150/150): Avg. Loss: 0.0017
===> Avg. PSNR: 34.4503 dB
===> Avg. Loss: 0.0055
===> Epoch[151](30/150): Avg. Loss: 0.0016
===> Epoch[151](60/150): Avg. Loss: 0.0018
===> Epoch[151](90/150): Avg. Loss: 0.0018
===> Epoch[151](120/150): Avg. Loss: 0.0017
===> Epoch[151](150/150): Avg. Loss: 0.0019
===> Avg. PSNR: 33.9789 dB
===> Avg. Loss: 0.0056
===> Epoch[152](30/150): Avg. Loss: 0.0018
===> Epoch[152](60/150): Avg. Loss: 0.0018
===> Epoch[152](90/150): Avg. Loss: 0.0019
===> Epoch[152](120/150): Avg. Loss: 0.0018
===> Epoch[152](150/150): Avg. Loss: 0.0017
===> Avg. PSNR: 34.3845 dB
===> Avg. Loss: 0.0058
===> Epoch[153](30/150): Avg. Loss: 0.0016
===> Epoch[153](60/150): Avg. Loss: 0.0018
===> Epoch[153](90/150): Avg. Loss: 0.0016
===> Epoch[153](120/150): Avg. Loss: 0.0016
===> Epoch[153](150/150): Avg. Loss: 0.0016
===> Avg. PSNR: 34.2871 dB
===> Avg. Loss: 0.0049
===> Epoch[154](30/150): Avg. Loss: 0.0016
===> Epoch[154](60/150): Avg. Loss: 0.0017
===> Epoch[154](90/150): Avg. Loss: 0.0017
===> Epoch[154](120/150): Avg. Loss: 0.0016
===> Epoch[154](150/150): Avg. Loss: 0.0017
===> Avg. PSNR: 34.1116 dB
===> Avg. Loss: 0.0053
===> Epoch[155](30/150): Avg. Loss: 0.0016
===> Epoch[155](60/150): Avg. Loss: 0.0015
===> Epoch[155](90/150): Avg. Loss: 0.0015
===> Epoch[155](120/150): Avg. Loss: 0.0018
===> Epoch[155](150/150): Avg. Loss: 0.0018
===> Avg. PSNR: 33.8252 dB
===> Avg. Loss: 0.0070
===> Epoch[156](30/150): Avg. Loss: 0.0017
===> Epoch[156](60/150): Avg. Loss: 0.0017
===> Epoch[156](90/150): Avg. Loss: 0.0017
===> Epoch[156](120/150): Avg. Loss: 0.0015
===> Epoch[156](150/150): Avg. Loss: 0.0016
===> Avg. PSNR: 34.6075 dB
===> Avg. Loss: 0.0050
===> Epoch[157](30/150): Avg. Loss: 0.0017
===> Epoch[157](60/150): Avg. Loss: 0.0014
===> Epoch[157](90/150): Avg. Loss: 0.0015
===> Epoch[157](120/150): Avg. Loss: 0.0017
===> Epoch[157](150/150): Avg. Loss: 0.0016
===> Avg. PSNR: 34.5302 dB
===> Avg. Loss: 0.0048
===> Epoch[158](30/150): Avg. Loss: 0.0015
===> Epoch[158](60/150): Avg. Loss: 0.0017
===> Epoch[158](90/150): Avg. Loss: 0.0020
===> Epoch[158](120/150): Avg. Loss: 0.0021
===> Epoch[158](150/150): Avg. Loss: 0.0019
===> Avg. PSNR: 34.6349 dB
===> Avg. Loss: 0.0051
===> Epoch[159](30/150): Avg. Loss: 0.0018
===> Epoch[159](60/150): Avg. Loss: 0.0017
===> Epoch[159](90/150): Avg. Loss: 0.0014
===> Epoch[159](120/150): Avg. Loss: 0.0014
===> Epoch[159](150/150): Avg. Loss: 0.0015
===> Avg. PSNR: 34.7461 dB
===> Avg. Loss: 0.0055
===> Epoch[160](30/150): Avg. Loss: 0.0015
===> Epoch[160](60/150): Avg. Loss: 0.0016
===> Epoch[160](90/150): Avg. Loss: 0.0014
===> Epoch[160](120/150): Avg. Loss: 0.0016
===> Epoch[160](150/150): Avg. Loss: 0.0016
===> Avg. PSNR: 34.3118 dB
===> Avg. Loss: 0.0063
===> Epoch[161](30/150): Avg. Loss: 0.0015
===> Epoch[161](60/150): Avg. Loss: 0.0015
===> Epoch[161](90/150): Avg. Loss: 0.0015
===> Epoch[161](120/150): Avg. Loss: 0.0016
===> Epoch[161](150/150): Avg. Loss: 0.0020
===> Avg. PSNR: 34.4622 dB
===> Avg. Loss: 0.0066
===> Epoch[162](30/150): Avg. Loss: 0.0016
===> Epoch[162](60/150): Avg. Loss: 0.0015
===> Epoch[162](90/150): Avg. Loss: 0.0015
===> Epoch[162](120/150): Avg. Loss: 0.0014
===> Epoch[162](150/150): Avg. Loss: 0.0016
===> Avg. PSNR: 34.3209 dB
===> Avg. Loss: 0.0053
===> Epoch[163](30/150): Avg. Loss: 0.0015
===> Epoch[163](60/150): Avg. Loss: 0.0015
===> Epoch[163](90/150): Avg. Loss: 0.0016
===> Epoch[163](120/150): Avg. Loss: 0.0016
===> Epoch[163](150/150): Avg. Loss: 0.0018
===> Avg. PSNR: 34.3656 dB
===> Avg. Loss: 0.0052
===> Epoch[164](30/150): Avg. Loss: 0.0017
===> Epoch[164](60/150): Avg. Loss: 0.0016
===> Epoch[164](90/150): Avg. Loss: 0.0014
===> Epoch[164](120/150): Avg. Loss: 0.0015
===> Epoch[164](150/150): Avg. Loss: 0.0016
===> Avg. PSNR: 34.6297 dB
===> Avg. Loss: 0.0067
===> Epoch[165](30/150): Avg. Loss: 0.0016
===> Epoch[165](60/150): Avg. Loss: 0.0015
===> Epoch[165](90/150): Avg. Loss: 0.0015
===> Epoch[165](120/150): Avg. Loss: 0.0016
===> Epoch[165](150/150): Avg. Loss: 0.0017
===> Avg. PSNR: 34.5618 dB
===> Avg. Loss: 0.0062
===> Epoch[166](30/150): Avg. Loss: 0.0015
===> Epoch[166](60/150): Avg. Loss: 0.0015
===> Epoch[166](90/150): Avg. Loss: 0.0014
===> Epoch[166](120/150): Avg. Loss: 0.0018
===> Epoch[166](150/150): Avg. Loss: 0.0019
===> Avg. PSNR: 33.9941 dB
===> Avg. Loss: 0.0070
===> Epoch[167](30/150): Avg. Loss: 0.0016
===> Epoch[167](60/150): Avg. Loss: 0.0015
===> Epoch[167](90/150): Avg. Loss: 0.0017
===> Epoch[167](120/150): Avg. Loss: 0.0018
===> Epoch[167](150/150): Avg. Loss: 0.0018
===> Avg. PSNR: 34.3141 dB
===> Avg. Loss: 0.0059
===> Epoch[168](30/150): Avg. Loss: 0.0016
===> Epoch[168](60/150): Avg. Loss: 0.0015
===> Epoch[168](90/150): Avg. Loss: 0.0016
===> Epoch[168](120/150): Avg. Loss: 0.0015
===> Epoch[168](150/150): Avg. Loss: 0.0014
===> Avg. PSNR: 34.6144 dB
===> Avg. Loss: 0.0064
===> Epoch[169](30/150): Avg. Loss: 0.0015
===> Epoch[169](60/150): Avg. Loss: 0.0015
===> Epoch[169](90/150): Avg. Loss: 0.0015
===> Epoch[169](120/150): Avg. Loss: 0.0017
===> Epoch[169](150/150): Avg. Loss: 0.0015
===> Avg. PSNR: 33.9197 dB
===> Avg. Loss: 0.0075
===> Epoch[170](30/150): Avg. Loss: 0.0015
===> Epoch[170](60/150): Avg. Loss: 0.0016
===> Epoch[170](90/150): Avg. Loss: 0.0016
===> Epoch[170](120/150): Avg. Loss: 0.0015
===> Epoch[170](150/150): Avg. Loss: 0.0014
===> Avg. PSNR: 34.6753 dB
===> Avg. Loss: 0.0056
===> Epoch[171](30/150): Avg. Loss: 0.0014
===> Epoch[171](60/150): Avg. Loss: 0.0014
===> Epoch[171](90/150): Avg. Loss: 0.0016
===> Epoch[171](120/150): Avg. Loss: 0.0017
===> Epoch[171](150/150): Avg. Loss: 0.0021
===> Avg. PSNR: 33.6134 dB
===> Avg. Loss: 0.0080
===> Epoch[172](30/150): Avg. Loss: 0.0018
===> Epoch[172](60/150): Avg. Loss: 0.0018
===> Epoch[172](90/150): Avg. Loss: 0.0018
===> Epoch[172](120/150): Avg. Loss: 0.0019
===> Epoch[172](150/150): Avg. Loss: 0.0017
===> Avg. PSNR: 33.8519 dB
===> Avg. Loss: 0.0066
===> Epoch[173](30/150): Avg. Loss: 0.0015
===> Epoch[173](60/150): Avg. Loss: 0.0014
===> Epoch[173](90/150): Avg. Loss: 0.0014
===> Epoch[173](120/150): Avg. Loss: 0.0013
===> Epoch[173](150/150): Avg. Loss: 0.0015
===> Avg. PSNR: 34.4003 dB
===> Avg. Loss: 0.0069
===> Epoch[174](30/150): Avg. Loss: 0.0016
===> Epoch[174](60/150): Avg. Loss: 0.0016
===> Epoch[174](90/150): Avg. Loss: 0.0015
===> Epoch[174](120/150): Avg. Loss: 0.0015
===> Epoch[174](150/150): Avg. Loss: 0.0014
===> Avg. PSNR: 34.3420 dB
===> Avg. Loss: 0.0062
===> Epoch[175](30/150): Avg. Loss: 0.0014
===> Epoch[175](60/150): Avg. Loss: 0.0016
===> Epoch[175](90/150): Avg. Loss: 0.0015
===> Epoch[175](120/150): Avg. Loss: 0.0015
===> Epoch[175](150/150): Avg. Loss: 0.0015
===> Avg. PSNR: 34.6294 dB
===> Avg. Loss: 0.0056
===> Epoch[176](30/150): Avg. Loss: 0.0015
===> Epoch[176](60/150): Avg. Loss: 0.0014
===> Epoch[176](90/150): Avg. Loss: 0.0014
===> Epoch[176](120/150): Avg. Loss: 0.0012
===> Epoch[176](150/150): Avg. Loss: 0.0014
===> Avg. PSNR: 34.7964 dB
===> Avg. Loss: 0.0060
===> Epoch[177](30/150): Avg. Loss: 0.0014
===> Epoch[177](60/150): Avg. Loss: 0.0014
===> Epoch[177](90/150): Avg. Loss: 0.0012
===> Epoch[177](120/150): Avg. Loss: 0.0013
===> Epoch[177](150/150): Avg. Loss: 0.0014
===> Avg. PSNR: 34.6701 dB
===> Avg. Loss: 0.0052
===> Epoch[178](30/150): Avg. Loss: 0.0014
===> Epoch[178](60/150): Avg. Loss: 0.0014
===> Epoch[178](90/150): Avg. Loss: 0.0016
===> Epoch[178](120/150): Avg. Loss: 0.0013
===> Epoch[178](150/150): Avg. Loss: 0.0013
===> Avg. PSNR: 34.6076 dB
===> Avg. Loss: 0.0063
===> Epoch[179](30/150): Avg. Loss: 0.0014
===> Epoch[179](60/150): Avg. Loss: 0.0013
===> Epoch[179](90/150): Avg. Loss: 0.0013
===> Epoch[179](120/150): Avg. Loss: 0.0014
===> Epoch[179](150/150): Avg. Loss: 0.0014
===> Avg. PSNR: 34.6495 dB
===> Avg. Loss: 0.0062
===> Epoch[180](30/150): Avg. Loss: 0.0014
===> Epoch[180](60/150): Avg. Loss: 0.0015
===> Epoch[180](90/150): Avg. Loss: 0.0015
===> Epoch[180](120/150): Avg. Loss: 0.0014
===> Epoch[180](150/150): Avg. Loss: 0.0014
===> Avg. PSNR: 34.6666 dB
===> Avg. Loss: 0.0067
===> Epoch[181](30/150): Avg. Loss: 0.0012
===> Epoch[181](60/150): Avg. Loss: 0.0013
===> Epoch[181](90/150): Avg. Loss: 0.0015
===> Epoch[181](120/150): Avg. Loss: 0.0014
===> Epoch[181](150/150): Avg. Loss: 0.0013
===> Avg. PSNR: 34.4857 dB
===> Avg. Loss: 0.0066
===> Epoch[182](30/150): Avg. Loss: 0.0013
===> Epoch[182](60/150): Avg. Loss: 0.0012
===> Epoch[182](90/150): Avg. Loss: 0.0012
===> Epoch[182](120/150): Avg. Loss: 0.0014
===> Epoch[182](150/150): Avg. Loss: 0.0014
===> Avg. PSNR: 34.7526 dB
===> Avg. Loss: 0.0061
===> Epoch[183](30/150): Avg. Loss: 0.0014
===> Epoch[183](60/150): Avg. Loss: 0.0013
===> Epoch[183](90/150): Avg. Loss: 0.0013
===> Epoch[183](120/150): Avg. Loss: 0.0013
===> Epoch[183](150/150): Avg. Loss: 0.0013
===> Avg. PSNR: 34.7803 dB
===> Avg. Loss: 0.0055
===> Epoch[184](30/150): Avg. Loss: 0.0014
===> Epoch[184](60/150): Avg. Loss: 0.0014
===> Epoch[184](90/150): Avg. Loss: 0.0014
===> Epoch[184](120/150): Avg. Loss: 0.0014
===> Epoch[184](150/150): Avg. Loss: 0.0015
===> Avg. PSNR: 34.6657 dB
===> Avg. Loss: 0.0050
===> Epoch[185](30/150): Avg. Loss: 0.0014
===> Epoch[185](60/150): Avg. Loss: 0.0013
===> Epoch[185](90/150): Avg. Loss: 0.0013
===> Epoch[185](120/150): Avg. Loss: 0.0013
===> Epoch[185](150/150): Avg. Loss: 0.0013
===> Avg. PSNR: 34.8310 dB
===> Avg. Loss: 0.0048
===> Epoch[186](30/150): Avg. Loss: 0.0014
===> Epoch[186](60/150): Avg. Loss: 0.0014
===> Epoch[186](90/150): Avg. Loss: 0.0012
===> Epoch[186](120/150): Avg. Loss: 0.0012
===> Epoch[186](150/150): Avg. Loss: 0.0013
===> Avg. PSNR: 34.8818 dB
===> Avg. Loss: 0.0053
===> Epoch[187](30/150): Avg. Loss: 0.0012
===> Epoch[187](60/150): Avg. Loss: 0.0014
===> Epoch[187](90/150): Avg. Loss: 0.0014
===> Epoch[187](120/150): Avg. Loss: 0.0014
===> Epoch[187](150/150): Avg. Loss: 0.0013
===> Avg. PSNR: 34.9988 dB
===> Avg. Loss: 0.0057
===> Epoch[188](30/150): Avg. Loss: 0.0013
===> Epoch[188](60/150): Avg. Loss: 0.0014
===> Epoch[188](90/150): Avg. Loss: 0.0013
===> Epoch[188](120/150): Avg. Loss: 0.0014
===> Epoch[188](150/150): Avg. Loss: 0.0013
===> Avg. PSNR: 34.6665 dB
===> Avg. Loss: 0.0055
===> Epoch[189](30/150): Avg. Loss: 0.0013
===> Epoch[189](60/150): Avg. Loss: 0.0013
===> Epoch[189](90/150): Avg. Loss: 0.0012
===> Epoch[189](120/150): Avg. Loss: 0.0012
===> Epoch[189](150/150): Avg. Loss: 0.0013
===> Avg. PSNR: 35.0998 dB
===> Avg. Loss: 0.0043
===> Epoch[190](30/150): Avg. Loss: 0.0013
===> Epoch[190](60/150): Avg. Loss: 0.0014
===> Epoch[190](90/150): Avg. Loss: 0.0013
===> Epoch[190](120/150): Avg. Loss: 0.0013
===> Epoch[190](150/150): Avg. Loss: 0.0014
===> Avg. PSNR: 35.1648 dB
===> Avg. Loss: 0.0047
===> Epoch[191](30/150): Avg. Loss: 0.0012
===> Epoch[191](60/150): Avg. Loss: 0.0012
===> Epoch[191](90/150): Avg. Loss: 0.0014
===> Epoch[191](120/150): Avg. Loss: 0.0013
===> Epoch[191](150/150): Avg. Loss: 0.0014
===> Avg. PSNR: 34.6461 dB
===> Avg. Loss: 0.0047
===> Epoch[192](30/150): Avg. Loss: 0.0013
===> Epoch[192](60/150): Avg. Loss: 0.0013
===> Epoch[192](90/150): Avg. Loss: 0.0013
===> Epoch[192](120/150): Avg. Loss: 0.0012
===> Epoch[192](150/150): Avg. Loss: 0.0013
===> Avg. PSNR: 34.7473 dB
===> Avg. Loss: 0.0052
===> Epoch[193](30/150): Avg. Loss: 0.0013
===> Epoch[193](60/150): Avg. Loss: 0.0012
===> Epoch[193](90/150): Avg. Loss: 0.0012
===> Epoch[193](120/150): Avg. Loss: 0.0013
===> Epoch[193](150/150): Avg. Loss: 0.0013
===> Avg. PSNR: 34.7482 dB
===> Avg. Loss: 0.0052
===> Epoch[194](30/150): Avg. Loss: 0.0013
===> Epoch[194](60/150): Avg. Loss: 0.0012
===> Epoch[194](90/150): Avg. Loss: 0.0012
===> Epoch[194](120/150): Avg. Loss: 0.0014
===> Epoch[194](150/150): Avg. Loss: 0.0014
===> Avg. PSNR: 34.5958 dB
===> Avg. Loss: 0.0055
===> Epoch[195](30/150): Avg. Loss: 0.0015
===> Epoch[195](60/150): Avg. Loss: 0.0013
===> Epoch[195](90/150): Avg. Loss: 0.0013
===> Epoch[195](120/150): Avg. Loss: 0.0014
===> Epoch[195](150/150): Avg. Loss: 0.0015
===> Avg. PSNR: 33.9536 dB
===> Avg. Loss: 0.0064
===> Epoch[196](30/150): Avg. Loss: 0.0019
===> Epoch[196](60/150): Avg. Loss: 0.0016
===> Epoch[196](90/150): Avg. Loss: 0.0015
===> Epoch[196](120/150): Avg. Loss: 0.0013
===> Epoch[196](150/150): Avg. Loss: 0.0013
===> Avg. PSNR: 35.2474 dB
===> Avg. Loss: 0.0043
===> Epoch[197](30/150): Avg. Loss: 0.0011
===> Epoch[197](60/150): Avg. Loss: 0.0013
===> Epoch[197](90/150): Avg. Loss: 0.0013
===> Epoch[197](120/150): Avg. Loss: 0.0014
===> Epoch[197](150/150): Avg. Loss: 0.0014
===> Avg. PSNR: 34.7718 dB
===> Avg. Loss: 0.0063
===> Epoch[198](30/150): Avg. Loss: 0.0013
===> Epoch[198](60/150): Avg. Loss: 0.0012
===> Epoch[198](90/150): Avg. Loss: 0.0013
===> Epoch[198](120/150): Avg. Loss: 0.0013
===> Epoch[198](150/150): Avg. Loss: 0.0012
===> Avg. PSNR: 34.8701 dB
===> Avg. Loss: 0.0049
===> Epoch[199](30/150): Avg. Loss: 0.0011
===> Epoch[199](60/150): Avg. Loss: 0.0011
===> Epoch[199](90/150): Avg. Loss: 0.0013
===> Epoch[199](120/150): Avg. Loss: 0.0012
===> Epoch[199](150/150): Avg. Loss: 0.0013
===> Avg. PSNR: 35.1696 dB
===> Avg. Loss: 0.0052
===> Epoch[200](30/150): Avg. Loss: 0.0012
===> Epoch[200](60/150): Avg. Loss: 0.0012
===> Epoch[200](90/150): Avg. Loss: 0.0012
===> Epoch[200](120/150): Avg. Loss: 0.0012
===> Epoch[200](150/150): Avg. Loss: 0.0013
===> Avg. PSNR: 34.9493 dB
===> Avg. Loss: 0.0058
===> Epoch[201](30/150): Avg. Loss: 0.0012
===> Epoch[201](60/150): Avg. Loss: 0.0013
===> Epoch[201](90/150): Avg. Loss: 0.0014
===> Epoch[201](120/150): Avg. Loss: 0.0012
===> Epoch[201](150/150): Avg. Loss: 0.0012
===> Avg. PSNR: 34.7431 dB
===> Avg. Loss: 0.0048
===> Epoch[202](30/150): Avg. Loss: 0.0015
===> Epoch[202](60/150): Avg. Loss: 0.0021
===> Epoch[202](90/150): Avg. Loss: 0.0019
===> Epoch[202](120/150): Avg. Loss: 0.0016
===> Epoch[202](150/150): Avg. Loss: 0.0014
===> Avg. PSNR: 35.3067 dB
===> Avg. Loss: 0.0047
===> Epoch[203](30/150): Avg. Loss: 0.0013
===> Epoch[203](60/150): Avg. Loss: 0.0013
===> Epoch[203](90/150): Avg. Loss: 0.0011
===> Epoch[203](120/150): Avg. Loss: 0.0012
===> Epoch[203](150/150): Avg. Loss: 0.0013
===> Avg. PSNR: 34.6481 dB
===> Avg. Loss: 0.0056
===> Epoch[204](30/150): Avg. Loss: 0.0013
===> Epoch[204](60/150): Avg. Loss: 0.0013
===> Epoch[204](90/150): Avg. Loss: 0.0013
===> Epoch[204](120/150): Avg. Loss: 0.0012
===> Epoch[204](150/150): Avg. Loss: 0.0011
===> Avg. PSNR: 34.9455 dB
===> Avg. Loss: 0.0050
===> Epoch[205](30/150): Avg. Loss: 0.0011
===> Epoch[205](60/150): Avg. Loss: 0.0010
===> Epoch[205](90/150): Avg. Loss: 0.0011
===> Epoch[205](120/150): Avg. Loss: 0.0012
===> Epoch[205](150/150): Avg. Loss: 0.0011
===> Avg. PSNR: 35.0156 dB
===> Avg. Loss: 0.0050
===> Epoch[206](30/150): Avg. Loss: 0.0011
===> Epoch[206](60/150): Avg. Loss: 0.0012
===> Epoch[206](90/150): Avg. Loss: 0.0012
===> Epoch[206](120/150): Avg. Loss: 0.0011
===> Epoch[206](150/150): Avg. Loss: 0.0012
===> Avg. PSNR: 35.1495 dB
===> Avg. Loss: 0.0047
===> Epoch[207](30/150): Avg. Loss: 0.0011
===> Epoch[207](60/150): Avg. Loss: 0.0011
===> Epoch[207](90/150): Avg. Loss: 0.0012
===> Epoch[207](120/150): Avg. Loss: 0.0011
===> Epoch[207](150/150): Avg. Loss: 0.0011
===> Avg. PSNR: 35.3278 dB
===> Avg. Loss: 0.0049
===> Epoch[208](30/150): Avg. Loss: 0.0011
===> Epoch[208](60/150): Avg. Loss: 0.0013
===> Epoch[208](90/150): Avg. Loss: 0.0012
===> Epoch[208](120/150): Avg. Loss: 0.0012
===> Epoch[208](150/150): Avg. Loss: 0.0012
===> Avg. PSNR: 35.1110 dB
===> Avg. Loss: 0.0046
===> Epoch[209](30/150): Avg. Loss: 0.0012
===> Epoch[209](60/150): Avg. Loss: 0.0011
===> Epoch[209](90/150): Avg. Loss: 0.0012
===> Epoch[209](120/150): Avg. Loss: 0.0012
===> Epoch[209](150/150): Avg. Loss: 0.0011
===> Avg. PSNR: 34.4420 dB
===> Avg. Loss: 0.0064
===> Epoch[210](30/150): Avg. Loss: 0.0012
===> Epoch[210](60/150): Avg. Loss: 0.0011
===> Epoch[210](90/150): Avg. Loss: 0.0011
===> Epoch[210](120/150): Avg. Loss: 0.0020
===> Epoch[210](150/150): Avg. Loss: 0.0013
===> Avg. PSNR: 34.3651 dB
===> Avg. Loss: 0.0058
===> Epoch[211](30/150): Avg. Loss: 0.0012
===> Epoch[211](60/150): Avg. Loss: 0.0013
===> Epoch[211](90/150): Avg. Loss: 0.0012
===> Epoch[211](120/150): Avg. Loss: 0.0012
===> Epoch[211](150/150): Avg. Loss: 0.0010
===> Avg. PSNR: 35.1308 dB
===> Avg. Loss: 0.0054
===> Epoch[212](30/150): Avg. Loss: 0.0011
===> Epoch[212](60/150): Avg. Loss: 0.0011
===> Epoch[212](90/150): Avg. Loss: 0.0010
===> Epoch[212](120/150): Avg. Loss: 0.0011
===> Epoch[212](150/150): Avg. Loss: 0.0012
===> Avg. PSNR: 35.2841 dB
===> Avg. Loss: 0.0044
===> Epoch[213](30/150): Avg. Loss: 0.0011
===> Epoch[213](60/150): Avg. Loss: 0.0010
===> Epoch[213](90/150): Avg. Loss: 0.0011
===> Epoch[213](120/150): Avg. Loss: 0.0010
===> Epoch[213](150/150): Avg. Loss: 0.0013
===> Avg. PSNR: 35.2662 dB
===> Avg. Loss: 0.0046
===> Epoch[214](30/150): Avg. Loss: 0.0011
===> Epoch[214](60/150): Avg. Loss: 0.0011
===> Epoch[214](90/150): Avg. Loss: 0.0011
===> Epoch[214](120/150): Avg. Loss: 0.0012
===> Epoch[214](150/150): Avg. Loss: 0.0012
===> Avg. PSNR: 34.3893 dB
===> Avg. Loss: 0.0055
===> Epoch[215](30/150): Avg. Loss: 0.0013
===> Epoch[215](60/150): Avg. Loss: 0.0012
===> Epoch[215](90/150): Avg. Loss: 0.0014
===> Epoch[215](120/150): Avg. Loss: 0.0012
===> Epoch[215](150/150): Avg. Loss: 0.0012
===> Avg. PSNR: 34.8485 dB
===> Avg. Loss: 0.0047
===> Epoch[216](30/150): Avg. Loss: 0.0012
===> Epoch[216](60/150): Avg. Loss: 0.0012
===> Epoch[216](90/150): Avg. Loss: 0.0011
===> Epoch[216](120/150): Avg. Loss: 0.0011
===> Epoch[216](150/150): Avg. Loss: 0.0011
===> Avg. PSNR: 35.0458 dB
===> Avg. Loss: 0.0049
===> Epoch[217](30/150): Avg. Loss: 0.0011
===> Epoch[217](60/150): Avg. Loss: 0.0010
===> Epoch[217](90/150): Avg. Loss: 0.0011
===> Epoch[217](120/150): Avg. Loss: 0.0012
===> Epoch[217](150/150): Avg. Loss: 0.0011
===> Avg. PSNR: 34.7706 dB
===> Avg. Loss: 0.0058
===> Epoch[218](30/150): Avg. Loss: 0.0010
===> Epoch[218](60/150): Avg. Loss: 0.0011
===> Epoch[218](90/150): Avg. Loss: 0.0011
===> Epoch[218](120/150): Avg. Loss: 0.0011
===> Epoch[218](150/150): Avg. Loss: 0.0010
===> Avg. PSNR: 35.0869 dB
===> Avg. Loss: 0.0048
===> Epoch[219](30/150): Avg. Loss: 0.0010
===> Epoch[219](60/150): Avg. Loss: 0.0011
===> Epoch[219](90/150): Avg. Loss: 0.0011
===> Epoch[219](120/150): Avg. Loss: 0.0011
===> Epoch[219](150/150): Avg. Loss: 0.0011
===> Avg. PSNR: 35.0399 dB
===> Avg. Loss: 0.0053
===> Epoch[220](30/150): Avg. Loss: 0.0010
===> Epoch[220](60/150): Avg. Loss: 0.0011
===> Epoch[220](90/150): Avg. Loss: 0.0011
===> Epoch[220](120/150): Avg. Loss: 0.0012
===> Epoch[220](150/150): Avg. Loss: 0.0010
===> Avg. PSNR: 34.9723 dB
===> Avg. Loss: 0.0054
===> Epoch[221](30/150): Avg. Loss: 0.0010
===> Epoch[221](60/150): Avg. Loss: 0.0012
===> Epoch[221](90/150): Avg. Loss: 0.0012
===> Epoch[221](120/150): Avg. Loss: 0.0012
===> Epoch[221](150/150): Avg. Loss: 0.0011
===> Avg. PSNR: 35.3130 dB
===> Avg. Loss: 0.0042
===> Epoch[222](30/150): Avg. Loss: 0.0011
===> Epoch[222](60/150): Avg. Loss: 0.0011
===> Epoch[222](90/150): Avg. Loss: 0.0011
===> Epoch[222](120/150): Avg. Loss: 0.0012
===> Epoch[222](150/150): Avg. Loss: 0.0010
===> Avg. PSNR: 35.1936 dB
===> Avg. Loss: 0.0048
===> Epoch[223](30/150): Avg. Loss: 0.0010
===> Epoch[223](60/150): Avg. Loss: 0.0010
===> Epoch[223](90/150): Avg. Loss: 0.0010
===> Epoch[223](120/150): Avg. Loss: 0.0010
===> Epoch[223](150/150): Avg. Loss: 0.0013
===> Avg. PSNR: 35.1802 dB
===> Avg. Loss: 0.0042
===> Epoch[224](30/150): Avg. Loss: 0.0011
===> Epoch[224](60/150): Avg. Loss: 0.0011
===> Epoch[224](90/150): Avg. Loss: 0.0012
===> Epoch[224](120/150): Avg. Loss: 0.0012
===> Epoch[224](150/150): Avg. Loss: 0.0013
===> Avg. PSNR: 34.5927 dB
===> Avg. Loss: 0.0058
===> Epoch[225](30/150): Avg. Loss: 0.0012
===> Epoch[225](60/150): Avg. Loss: 0.0012
===> Epoch[225](90/150): Avg. Loss: 0.0011
===> Epoch[225](120/150): Avg. Loss: 0.0009
===> Epoch[225](150/150): Avg. Loss: 0.0010
===> Avg. PSNR: 34.7545 dB
===> Avg. Loss: 0.0058
===> Epoch[226](30/150): Avg. Loss: 0.0011
===> Epoch[226](60/150): Avg. Loss: 0.0011
===> Epoch[226](90/150): Avg. Loss: 0.0010
===> Epoch[226](120/150): Avg. Loss: 0.0010
===> Epoch[226](150/150): Avg. Loss: 0.0010
===> Avg. PSNR: 35.1232 dB
===> Avg. Loss: 0.0055
===> Epoch[227](30/150): Avg. Loss: 0.0010
===> Epoch[227](60/150): Avg. Loss: 0.0013
===> Epoch[227](90/150): Avg. Loss: 0.0013
===> Epoch[227](120/150): Avg. Loss: 0.0013
===> Epoch[227](150/150): Avg. Loss: 0.0012
===> Avg. PSNR: 34.9469 dB
===> Avg. Loss: 0.0050
===> Epoch[228](30/150): Avg. Loss: 0.0012
===> Epoch[228](60/150): Avg. Loss: 0.0011
===> Epoch[228](90/150): Avg. Loss: 0.0011
===> Epoch[228](120/150): Avg. Loss: 0.0011
===> Epoch[228](150/150): Avg. Loss: 0.0010
===> Avg. PSNR: 35.3393 dB
===> Avg. Loss: 0.0050
===> Epoch[229](30/150): Avg. Loss: 0.0010
===> Epoch[229](60/150): Avg. Loss: 0.0012
===> Epoch[229](90/150): Avg. Loss: 0.0011
===> Epoch[229](120/150): Avg. Loss: 0.0011
===> Epoch[229](150/150): Avg. Loss: 0.0010
===> Avg. PSNR: 35.1294 dB
===> Avg. Loss: 0.0046
===> Epoch[230](30/150): Avg. Loss: 0.0010
===> Epoch[230](60/150): Avg. Loss: 0.0010
===> Epoch[230](90/150): Avg. Loss: 0.0010
===> Epoch[230](120/150): Avg. Loss: 0.0011
===> Epoch[230](150/150): Avg. Loss: 0.0010
===> Avg. PSNR: 35.0196 dB
===> Avg. Loss: 0.0059
===> Epoch[231](30/150): Avg. Loss: 0.0011
===> Epoch[231](60/150): Avg. Loss: 0.0011
===> Epoch[231](90/150): Avg. Loss: 0.0011
===> Epoch[231](120/150): Avg. Loss: 0.0010
===> Epoch[231](150/150): Avg. Loss: 0.0010
===> Avg. PSNR: 34.7903 dB
===> Avg. Loss: 0.0051
===> Epoch[232](30/150): Avg. Loss: 0.0010
===> Epoch[232](60/150): Avg. Loss: 0.0011
===> Epoch[232](90/150): Avg. Loss: 0.0011
===> Epoch[232](120/150): Avg. Loss: 0.0010
===> Epoch[232](150/150): Avg. Loss: 0.0012
===> Avg. PSNR: 35.0430 dB
===> Avg. Loss: 0.0057
===> Epoch[233](30/150): Avg. Loss: 0.0011
===> Epoch[233](60/150): Avg. Loss: 0.0011
===> Epoch[233](90/150): Avg. Loss: 0.0011
===> Epoch[233](120/150): Avg. Loss: 0.0010
===> Epoch[233](150/150): Avg. Loss: 0.0011
===> Avg. PSNR: 35.2479 dB
===> Avg. Loss: 0.0048
===> Epoch[234](30/150): Avg. Loss: 0.0011
===> Epoch[234](60/150): Avg. Loss: 0.0010
===> Epoch[234](90/150): Avg. Loss: 0.0011
===> Epoch[234](120/150): Avg. Loss: 0.0010
===> Epoch[234](150/150): Avg. Loss: 0.0010
===> Avg. PSNR: 35.3594 dB
===> Avg. Loss: 0.0045
===> Epoch[235](30/150): Avg. Loss: 0.0010
===> Epoch[235](60/150): Avg. Loss: 0.0009
===> Epoch[235](90/150): Avg. Loss: 0.0011
===> Epoch[235](120/150): Avg. Loss: 0.0011
===> Epoch[235](150/150): Avg. Loss: 0.0009
===> Avg. PSNR: 35.5358 dB
===> Avg. Loss: 0.0043
===> Epoch[236](30/150): Avg. Loss: 0.0010
===> Epoch[236](60/150): Avg. Loss: 0.0010
===> Epoch[236](90/150): Avg. Loss: 0.0010
===> Epoch[236](120/150): Avg. Loss: 0.0012
===> Epoch[236](150/150): Avg. Loss: 0.0012
===> Avg. PSNR: 34.9687 dB
===> Avg. Loss: 0.0048
===> Epoch[237](30/150): Avg. Loss: 0.0011
===> Epoch[237](60/150): Avg. Loss: 0.0010
===> Epoch[237](90/150): Avg. Loss: 0.0010
===> Epoch[237](120/150): Avg. Loss: 0.0009
===> Epoch[237](150/150): Avg. Loss: 0.0009
===> Avg. PSNR: 35.2572 dB
===> Avg. Loss: 0.0049
===> Epoch[238](30/150): Avg. Loss: 0.0009
===> Epoch[238](60/150): Avg. Loss: 0.0010
===> Epoch[238](90/150): Avg. Loss: 0.0010
===> Epoch[238](120/150): Avg. Loss: 0.0012
===> Epoch[238](150/150): Avg. Loss: 0.0011
===> Avg. PSNR: 35.1078 dB
===> Avg. Loss: 0.0047
===> Epoch[239](30/150): Avg. Loss: 0.0011
===> Epoch[239](60/150): Avg. Loss: 0.0010
===> Epoch[239](90/150): Avg. Loss: 0.0009
===> Epoch[239](120/150): Avg. Loss: 0.0010
===> Epoch[239](150/150): Avg. Loss: 0.0010
===> Avg. PSNR: 35.0232 dB
===> Avg. Loss: 0.0052
===> Epoch[240](30/150): Avg. Loss: 0.0011
===> Epoch[240](60/150): Avg. Loss: 0.0010
===> Epoch[240](90/150): Avg. Loss: 0.0010
===> Epoch[240](120/150): Avg. Loss: 0.0010
===> Epoch[240](150/150): Avg. Loss: 0.0010
===> Avg. PSNR: 35.8368 dB
===> Avg. Loss: 0.0043
